mode: atomic
github.com/jef/moltenhub-code/internal/execx/execx.go:44.71,46.2 1 4
github.com/jef/moltenhub-code/internal/execx/execx.go:49.104,51.2 1 1
github.com/jef/moltenhub-code/internal/execx/execx.go:53.97,55.19 2 5
github.com/jef/moltenhub-code/internal/execx/execx.go:55.19,57.3 1 0
github.com/jef/moltenhub-code/internal/execx/execx.go:58.2,58.21 1 5
github.com/jef/moltenhub-code/internal/execx/execx.go:58.21,60.3 1 1
github.com/jef/moltenhub-code/internal/execx/execx.go:62.2,73.16 11 5
github.com/jef/moltenhub-code/internal/execx/execx.go:73.16,74.56 1 2
github.com/jef/moltenhub-code/internal/execx/execx.go:74.56,76.4 1 2
github.com/jef/moltenhub-code/internal/execx/execx.go:77.3,77.67 1 0
github.com/jef/moltenhub-code/internal/execx/execx.go:79.2,79.17 1 3
github.com/jef/moltenhub-code/internal/execx/execx.go:82.46,83.61 1 3
github.com/jef/moltenhub-code/internal/execx/execx.go:83.61,85.3 1 1
github.com/jef/moltenhub-code/internal/execx/execx.go:86.2,86.40 1 2
github.com/jef/moltenhub-code/internal/execx/execx.go:89.46,93.16 4 8
github.com/jef/moltenhub-code/internal/execx/execx.go:93.16,95.3 1 2
github.com/jef/moltenhub-code/internal/execx/execx.go:97.2,99.56 3 6
github.com/jef/moltenhub-code/internal/execx/execx.go:99.56,101.17 2 12
github.com/jef/moltenhub-code/internal/execx/execx.go:101.17,102.12 1 1
github.com/jef/moltenhub-code/internal/execx/execx.go:104.3,104.28 1 11
github.com/jef/moltenhub-code/internal/execx/execx.go:106.2,106.20 1 6
github.com/jef/moltenhub-code/internal/execx/execx.go:106.20,108.3 1 0
github.com/jef/moltenhub-code/internal/execx/execx.go:109.2,109.53 1 6
github.com/jef/moltenhub-code/internal/execx/execx.go:109.53,111.3 1 3
github.com/jef/moltenhub-code/internal/execx/execx.go:113.2,115.36 3 6
github.com/jef/moltenhub-code/internal/execx/execx.go:115.36,117.3 1 1
github.com/jef/moltenhub-code/internal/execx/execx.go:118.2,118.16 1 6
github.com/jef/moltenhub-code/internal/execx/execx.go:127.52,128.34 1 9
github.com/jef/moltenhub-code/internal/execx/execx.go:128.34,130.3 1 5
github.com/jef/moltenhub-code/internal/execx/execx.go:132.2,133.6 2 4
github.com/jef/moltenhub-code/internal/execx/execx.go:133.6,136.14 3 7
github.com/jef/moltenhub-code/internal/execx/execx.go:136.14,137.9 1 4
github.com/jef/moltenhub-code/internal/execx/execx.go:140.3,141.36 2 3
github.com/jef/moltenhub-code/internal/execx/execx.go:141.36,143.4 1 1
github.com/jef/moltenhub-code/internal/execx/execx.go:144.3,145.26 2 3
github.com/jef/moltenhub-code/internal/execx/execx.go:148.2,148.20 1 4
github.com/jef/moltenhub-code/internal/execx/execx.go:151.31,152.58 1 12
github.com/jef/moltenhub-code/internal/execx/execx.go:152.58,154.3 1 10
github.com/jef/moltenhub-code/internal/execx/execx.go:155.2,156.35 2 2
github.com/jef/moltenhub-code/internal/execx/execx.go:156.35,158.3 1 0
github.com/jef/moltenhub-code/internal/execx/execx.go:159.2,160.27 2 2
github.com/jef/moltenhub-code/internal/slug/slug.go:14.39,17.17 3 6
github.com/jef/moltenhub-code/internal/slug/slug.go:17.17,19.3 1 0
github.com/jef/moltenhub-code/internal/slug/slug.go:20.2,22.13 3 6
github.com/jef/moltenhub-code/internal/slug/slug.go:22.13,24.3 1 1
github.com/jef/moltenhub-code/internal/slug/slug.go:25.2,25.17 1 5
github.com/jef/moltenhub-code/internal/slug/slug.go:25.17,28.3 2 1
github.com/jef/moltenhub-code/internal/slug/slug.go:29.2,29.13 1 5
github.com/jef/moltenhub-code/internal/slug/slug.go:29.13,31.3 1 0
github.com/jef/moltenhub-code/internal/slug/slug.go:32.2,32.10 1 5
github.com/jef/moltenhub-code/internal/slug/slug.go:35.54,37.18 2 7
github.com/jef/moltenhub-code/internal/slug/slug.go:37.18,39.3 1 0
github.com/jef/moltenhub-code/internal/slug/slug.go:40.2,42.19 3 7
github.com/jef/moltenhub-code/internal/slug/slug.go:42.19,44.3 1 1
github.com/jef/moltenhub-code/internal/slug/slug.go:45.2,45.16 1 6
github.com/jef/moltenhub-code/internal/slug/slug.go:49.67,54.2 4 1
github.com/jef/moltenhub-code/internal/config/config.go:45.51,47.51 2 8
github.com/jef/moltenhub-code/internal/config/config.go:47.51,49.3 1 0
github.com/jef/moltenhub-code/internal/config/config.go:50.2,50.60 1 8
github.com/jef/moltenhub-code/internal/config/config.go:50.60,52.3 1 2
github.com/jef/moltenhub-code/internal/config/config.go:54.2,56.54 3 6
github.com/jef/moltenhub-code/internal/config/config.go:56.54,58.3 1 0
github.com/jef/moltenhub-code/internal/config/config.go:59.2,64.55 3 6
github.com/jef/moltenhub-code/internal/config/config.go:64.55,66.3 1 0
github.com/jef/moltenhub-code/internal/config/config.go:68.2,68.43 1 6
github.com/jef/moltenhub-code/internal/config/config.go:68.43,70.3 1 6
github.com/jef/moltenhub-code/internal/config/config.go:72.2,72.12 1 6
github.com/jef/moltenhub-code/internal/config/config.go:75.75,86.43 2 8
github.com/jef/moltenhub-code/internal/config/config.go:86.43,87.31 1 57
github.com/jef/moltenhub-code/internal/config/config.go:87.31,89.4 1 1
github.com/jef/moltenhub-code/internal/config/config.go:91.2,91.50 1 7
github.com/jef/moltenhub-code/internal/config/config.go:94.66,95.25 1 7
github.com/jef/moltenhub-code/internal/config/config.go:95.25,97.3 1 6
github.com/jef/moltenhub-code/internal/config/config.go:98.2,99.59 2 1
github.com/jef/moltenhub-code/internal/config/config.go:99.59,101.3 1 0
github.com/jef/moltenhub-code/internal/config/config.go:102.2,102.33 1 1
github.com/jef/moltenhub-code/internal/config/config.go:102.33,103.39 1 1
github.com/jef/moltenhub-code/internal/config/config.go:103.39,105.4 1 1
github.com/jef/moltenhub-code/internal/config/config.go:106.3,106.40 1 0
github.com/jef/moltenhub-code/internal/config/config.go:106.40,108.4 1 0
github.com/jef/moltenhub-code/internal/config/config.go:110.2,110.12 1 0
github.com/jef/moltenhub-code/internal/config/config.go:114.40,116.16 2 8
github.com/jef/moltenhub-code/internal/config/config.go:116.16,118.3 1 0
github.com/jef/moltenhub-code/internal/config/config.go:120.2,123.41 4 8
github.com/jef/moltenhub-code/internal/config/config.go:123.41,125.3 1 2
github.com/jef/moltenhub-code/internal/config/config.go:127.2,128.39 2 6
github.com/jef/moltenhub-code/internal/config/config.go:128.39,130.3 1 1
github.com/jef/moltenhub-code/internal/config/config.go:131.2,131.17 1 5
github.com/jef/moltenhub-code/internal/config/config.go:135.34,137.21 2 22
github.com/jef/moltenhub-code/internal/config/config.go:137.21,139.3 1 19
github.com/jef/moltenhub-code/internal/config/config.go:141.2,143.20 3 22
github.com/jef/moltenhub-code/internal/config/config.go:143.20,146.3 2 21
github.com/jef/moltenhub-code/internal/config/config.go:148.2,149.24 2 22
github.com/jef/moltenhub-code/internal/config/config.go:149.24,151.3 1 19
github.com/jef/moltenhub-code/internal/config/config.go:153.2,154.26 2 22
github.com/jef/moltenhub-code/internal/config/config.go:154.26,156.3 1 19
github.com/jef/moltenhub-code/internal/config/config.go:158.2,163.46 5 22
github.com/jef/moltenhub-code/internal/config/config.go:163.46,165.3 1 21
github.com/jef/moltenhub-code/internal/config/config.go:166.2,166.40 1 22
github.com/jef/moltenhub-code/internal/config/config.go:166.40,168.3 1 16
github.com/jef/moltenhub-code/internal/config/config.go:168.8,170.3 1 6
github.com/jef/moltenhub-code/internal/config/config.go:171.2,171.39 1 22
github.com/jef/moltenhub-code/internal/config/config.go:171.39,173.3 1 19
github.com/jef/moltenhub-code/internal/config/config.go:173.8,175.3 1 3
github.com/jef/moltenhub-code/internal/config/config.go:179.34,180.40 1 10
github.com/jef/moltenhub-code/internal/config/config.go:180.40,182.3 1 0
github.com/jef/moltenhub-code/internal/config/config.go:183.2,183.23 1 10
github.com/jef/moltenhub-code/internal/config/config.go:183.23,185.3 1 0
github.com/jef/moltenhub-code/internal/config/config.go:186.2,187.21 2 10
github.com/jef/moltenhub-code/internal/config/config.go:187.21,189.3 1 1
github.com/jef/moltenhub-code/internal/config/config.go:190.2,190.29 1 9
github.com/jef/moltenhub-code/internal/config/config.go:190.29,191.47 1 10
github.com/jef/moltenhub-code/internal/config/config.go:191.47,193.4 1 1
github.com/jef/moltenhub-code/internal/config/config.go:195.2,195.43 1 8
github.com/jef/moltenhub-code/internal/config/config.go:195.43,197.3 1 0
github.com/jef/moltenhub-code/internal/config/config.go:198.2,198.45 1 8
github.com/jef/moltenhub-code/internal/config/config.go:198.45,200.3 1 0
github.com/jef/moltenhub-code/internal/config/config.go:201.2,201.55 1 8
github.com/jef/moltenhub-code/internal/config/config.go:201.55,203.3 1 1
github.com/jef/moltenhub-code/internal/config/config.go:204.2,204.39 1 7
github.com/jef/moltenhub-code/internal/config/config.go:204.39,206.3 1 0
github.com/jef/moltenhub-code/internal/config/config.go:207.2,207.33 1 7
github.com/jef/moltenhub-code/internal/config/config.go:207.33,208.55 1 0
github.com/jef/moltenhub-code/internal/config/config.go:208.55,210.4 1 0
github.com/jef/moltenhub-code/internal/config/config.go:212.2,212.46 1 7
github.com/jef/moltenhub-code/internal/config/config.go:212.46,214.3 1 0
github.com/jef/moltenhub-code/internal/config/config.go:215.2,215.40 1 7
github.com/jef/moltenhub-code/internal/config/config.go:215.40,217.3 1 0
github.com/jef/moltenhub-code/internal/config/config.go:218.2,218.39 1 7
github.com/jef/moltenhub-code/internal/config/config.go:218.39,220.3 1 0
github.com/jef/moltenhub-code/internal/config/config.go:221.2,221.12 1 7
github.com/jef/moltenhub-code/internal/config/config.go:225.37,227.54 2 32
github.com/jef/moltenhub-code/internal/config/config.go:227.54,229.3 1 2
github.com/jef/moltenhub-code/internal/config/config.go:231.2,232.19 2 32
github.com/jef/moltenhub-code/internal/config/config.go:232.19,234.3 1 29
github.com/jef/moltenhub-code/internal/config/config.go:235.2,235.14 1 32
github.com/jef/moltenhub-code/internal/config/config.go:238.64,239.22 1 22
github.com/jef/moltenhub-code/internal/config/config.go:239.22,241.3 1 21
github.com/jef/moltenhub-code/internal/config/config.go:242.2,243.31 2 1
github.com/jef/moltenhub-code/internal/config/config.go:243.31,247.74 4 2
github.com/jef/moltenhub-code/internal/config/config.go:247.74,248.12 1 1
github.com/jef/moltenhub-code/internal/config/config.go:250.3,250.27 1 1
github.com/jef/moltenhub-code/internal/config/config.go:252.2,252.19 1 1
github.com/jef/moltenhub-code/internal/config/config.go:252.19,254.3 1 0
github.com/jef/moltenhub-code/internal/config/config.go:255.2,255.12 1 1
github.com/jef/moltenhub-code/internal/config/config.go:258.62,259.28 1 4
github.com/jef/moltenhub-code/internal/config/config.go:259.28,261.3 1 1
github.com/jef/moltenhub-code/internal/config/config.go:262.2,262.93 1 3
github.com/jef/moltenhub-code/internal/config/config.go:262.93,264.3 1 1
github.com/jef/moltenhub-code/internal/config/config.go:265.2,265.77 1 2
github.com/jef/moltenhub-code/internal/config/config.go:265.77,267.3 1 1
github.com/jef/moltenhub-code/internal/config/config.go:268.2,268.12 1 1
github.com/jef/moltenhub-code/internal/config/config.go:271.42,273.17 2 11
github.com/jef/moltenhub-code/internal/config/config.go:273.17,275.3 1 0
github.com/jef/moltenhub-code/internal/config/config.go:276.2,276.27 1 11
github.com/jef/moltenhub-code/internal/config/config.go:276.27,278.3 1 1
github.com/jef/moltenhub-code/internal/config/config.go:279.2,279.36 1 10
github.com/jef/moltenhub-code/internal/config/config.go:279.36,281.3 1 2
github.com/jef/moltenhub-code/internal/config/config.go:282.2,282.62 1 8
github.com/jef/moltenhub-code/internal/config/config.go:282.62,284.3 1 0
github.com/jef/moltenhub-code/internal/config/config.go:285.2,285.12 1 8
github.com/jef/moltenhub-code/internal/config/config.go:288.41,290.16 2 14
github.com/jef/moltenhub-code/internal/config/config.go:290.16,292.3 1 1
github.com/jef/moltenhub-code/internal/config/config.go:293.2,293.42 1 13
github.com/jef/moltenhub-code/internal/config/config.go:293.42,295.3 1 0
github.com/jef/moltenhub-code/internal/config/config.go:299.2,299.36 1 13
github.com/jef/moltenhub-code/internal/config/config.go:299.36,301.3 1 8
github.com/jef/moltenhub-code/internal/config/config.go:303.2,304.16 2 5
github.com/jef/moltenhub-code/internal/config/config.go:304.16,306.98 2 1
github.com/jef/moltenhub-code/internal/config/config.go:306.98,311.4 1 1
github.com/jef/moltenhub-code/internal/config/config.go:312.3,312.64 1 0
github.com/jef/moltenhub-code/internal/config/config.go:315.2,315.40 1 4
github.com/jef/moltenhub-code/internal/config/config.go:316.37,317.43 1 3
github.com/jef/moltenhub-code/internal/config/config.go:317.43,319.4 1 0
github.com/jef/moltenhub-code/internal/config/config.go:320.3,320.65 1 3
github.com/jef/moltenhub-code/internal/config/config.go:320.65,322.4 1 1
github.com/jef/moltenhub-code/internal/config/config.go:323.14,324.43 1 1
github.com/jef/moltenhub-code/internal/config/config.go:324.43,326.4 1 1
github.com/jef/moltenhub-code/internal/config/config.go:329.2,329.12 1 2
github.com/jef/moltenhub-code/internal/config/config.go:332.49,334.19 2 21
github.com/jef/moltenhub-code/internal/config/config.go:334.19,336.3 1 0
github.com/jef/moltenhub-code/internal/config/config.go:337.2,337.28 1 21
github.com/jef/moltenhub-code/internal/config/config.go:340.43,342.19 2 16
github.com/jef/moltenhub-code/internal/config/config.go:342.19,344.3 1 0
github.com/jef/moltenhub-code/internal/config/config.go:345.2,345.33 1 16
github.com/jef/moltenhub-code/internal/config/config.go:348.42,350.19 2 19
github.com/jef/moltenhub-code/internal/config/config.go:350.19,352.3 1 0
github.com/jef/moltenhub-code/internal/config/config.go:353.2,353.99 1 19
github.com/jef/moltenhub-code/internal/config/config.go:359.43,361.17 2 22
github.com/jef/moltenhub-code/internal/config/config.go:361.17,363.3 1 0
github.com/jef/moltenhub-code/internal/config/config.go:364.2,364.62 1 22
github.com/jef/moltenhub-code/internal/config/config.go:364.62,366.3 1 4
github.com/jef/moltenhub-code/internal/config/config.go:367.2,367.30 1 18
github.com/jef/moltenhub-code/internal/config/config.go:370.54,372.17 2 24
github.com/jef/moltenhub-code/internal/config/config.go:372.17,374.3 1 0
github.com/jef/moltenhub-code/internal/config/config.go:375.2,377.19 3 24
github.com/jef/moltenhub-code/internal/config/config.go:377.19,379.3 1 0
github.com/jef/moltenhub-code/internal/config/config.go:380.2,380.16 1 24
github.com/jef/moltenhub-code/internal/config/config.go:383.45,385.16 2 23
github.com/jef/moltenhub-code/internal/config/config.go:385.16,387.3 1 0
github.com/jef/moltenhub-code/internal/config/config.go:388.2,388.54 1 23
github.com/jef/moltenhub-code/internal/config/config.go:388.54,390.3 1 2
github.com/jef/moltenhub-code/internal/config/config.go:391.2,391.37 1 21
github.com/jef/moltenhub-code/internal/config/config.go:394.42,396.13 2 59
github.com/jef/moltenhub-code/internal/config/config.go:396.13,398.3 1 1
github.com/jef/moltenhub-code/internal/config/config.go:399.2,400.19 2 58
github.com/jef/moltenhub-code/internal/config/config.go:400.19,402.3 1 57
github.com/jef/moltenhub-code/internal/config/config.go:404.2,405.47 2 1
github.com/jef/moltenhub-code/internal/config/config.go:405.47,407.3 1 1
github.com/jef/moltenhub-code/internal/config/config.go:408.2,410.10 3 1
github.com/jef/moltenhub-code/internal/config/config.go:413.44,418.33 4 8
github.com/jef/moltenhub-code/internal/config/config.go:418.33,421.15 2 1028
github.com/jef/moltenhub-code/internal/config/config.go:421.15,423.15 2 730
github.com/jef/moltenhub-code/internal/config/config.go:423.15,425.13 2 0
github.com/jef/moltenhub-code/internal/config/config.go:427.4,427.18 1 730
github.com/jef/moltenhub-code/internal/config/config.go:427.18,429.13 2 0
github.com/jef/moltenhub-code/internal/config/config.go:431.4,431.17 1 730
github.com/jef/moltenhub-code/internal/config/config.go:431.17,433.5 1 53
github.com/jef/moltenhub-code/internal/config/config.go:434.4,434.12 1 730
github.com/jef/moltenhub-code/internal/config/config.go:437.3,437.16 1 298
github.com/jef/moltenhub-code/internal/config/config.go:437.16,440.12 3 53
github.com/jef/moltenhub-code/internal/config/config.go:444.3,444.55 1 245
github.com/jef/moltenhub-code/internal/config/config.go:444.55,445.41 1 2
github.com/jef/moltenhub-code/internal/config/config.go:445.41,447.5 1 64
github.com/jef/moltenhub-code/internal/config/config.go:448.4,448.40 1 2
github.com/jef/moltenhub-code/internal/config/config.go:448.40,450.5 1 2
github.com/jef/moltenhub-code/internal/config/config.go:451.4,451.12 1 2
github.com/jef/moltenhub-code/internal/config/config.go:454.3,454.24 1 243
github.com/jef/moltenhub-code/internal/config/config.go:457.2,457.12 1 8
github.com/jef/moltenhub-code/internal/config/config.go:460.57,461.22 1 32
github.com/jef/moltenhub-code/internal/config/config.go:461.22,463.3 1 22
github.com/jef/moltenhub-code/internal/config/config.go:464.2,466.31 3 10
github.com/jef/moltenhub-code/internal/config/config.go:466.31,468.20 2 12
github.com/jef/moltenhub-code/internal/config/config.go:468.20,469.12 1 0
github.com/jef/moltenhub-code/internal/config/config.go:471.3,471.33 1 12
github.com/jef/moltenhub-code/internal/config/config.go:471.33,472.12 1 0
github.com/jef/moltenhub-code/internal/config/config.go:474.3,475.29 2 12
github.com/jef/moltenhub-code/internal/config/config.go:477.2,477.19 1 10
github.com/jef/moltenhub-code/internal/config/config.go:477.19,479.3 1 0
github.com/jef/moltenhub-code/internal/config/config.go:480.2,480.12 1 10
github.com/jef/moltenhub-code/internal/config/config.go:483.63,485.17 2 29
github.com/jef/moltenhub-code/internal/config/config.go:485.17,487.3 1 0
github.com/jef/moltenhub-code/internal/config/config.go:488.2,488.34 1 29
github.com/jef/moltenhub-code/internal/config/config.go:488.34,489.24 1 9
github.com/jef/moltenhub-code/internal/config/config.go:489.24,491.4 1 8
github.com/jef/moltenhub-code/internal/config/config.go:493.2,493.43 1 21
github.com/jef/moltenhub-code/internal/config/config.go:496.71,499.18 3 22
github.com/jef/moltenhub-code/internal/config/config.go:499.18,501.3 1 20
github.com/jef/moltenhub-code/internal/config/config.go:502.2,502.38 1 2
github.com/jef/moltenhub-code/internal/config/config.go:502.38,503.42 1 1
github.com/jef/moltenhub-code/internal/config/config.go:503.42,505.4 1 1
github.com/jef/moltenhub-code/internal/config/config.go:507.2,507.48 1 1
github.com/jef/moltenhub-code/internal/config/config.go:510.54,511.22 1 22
github.com/jef/moltenhub-code/internal/config/config.go:511.22,513.3 1 21
github.com/jef/moltenhub-code/internal/config/config.go:514.2,516.31 3 1
github.com/jef/moltenhub-code/internal/config/config.go:516.31,518.23 2 4
github.com/jef/moltenhub-code/internal/config/config.go:518.23,519.12 1 1
github.com/jef/moltenhub-code/internal/config/config.go:521.3,522.29 2 3
github.com/jef/moltenhub-code/internal/config/config.go:522.29,523.12 1 1
github.com/jef/moltenhub-code/internal/config/config.go:525.3,526.32 2 2
github.com/jef/moltenhub-code/internal/config/config.go:528.2,528.19 1 1
github.com/jef/moltenhub-code/internal/config/config.go:528.19,530.3 1 0
github.com/jef/moltenhub-code/internal/config/config.go:531.2,531.12 1 1
github.com/jef/moltenhub-code/internal/config/config.go:534.45,538.2 3 48
github.com/jef/moltenhub-code/internal/config/config.go:540.52,541.31 1 7
github.com/jef/moltenhub-code/internal/config/config.go:541.31,542.57 1 9
github.com/jef/moltenhub-code/internal/config/config.go:542.57,544.4 1 1
github.com/jef/moltenhub-code/internal/config/config.go:546.2,546.11 1 6
github.com/jef/moltenhub-code/internal/workspace/workspace.go:31.27,39.2 1 1
github.com/jef/moltenhub-code/internal/workspace/workspace.go:42.38,44.19 2 6
github.com/jef/moltenhub-code/internal/workspace/workspace.go:44.19,46.3 1 0
github.com/jef/moltenhub-code/internal/workspace/workspace.go:47.2,47.28 1 6
github.com/jef/moltenhub-code/internal/workspace/workspace.go:47.28,49.3 1 3
github.com/jef/moltenhub-code/internal/workspace/workspace.go:50.2,50.24 1 3
github.com/jef/moltenhub-code/internal/workspace/workspace.go:54.57,56.21 2 4
github.com/jef/moltenhub-code/internal/workspace/workspace.go:56.21,58.3 1 0
github.com/jef/moltenhub-code/internal/workspace/workspace.go:59.2,60.19 2 4
github.com/jef/moltenhub-code/internal/workspace/workspace.go:60.19,62.3 1 0
github.com/jef/moltenhub-code/internal/workspace/workspace.go:64.2,65.16 2 4
github.com/jef/moltenhub-code/internal/workspace/workspace.go:65.16,67.3 1 0
github.com/jef/moltenhub-code/internal/workspace/workspace.go:69.2,71.38 3 4
github.com/jef/moltenhub-code/internal/workspace/workspace.go:71.38,73.3 1 2
github.com/jef/moltenhub-code/internal/workspace/workspace.go:75.2,76.57 2 4
github.com/jef/moltenhub-code/internal/workspace/workspace.go:76.57,78.3 1 2
github.com/jef/moltenhub-code/internal/workspace/workspace.go:80.2,81.34 2 4
github.com/jef/moltenhub-code/internal/workspace/workspace.go:81.34,83.49 2 5
github.com/jef/moltenhub-code/internal/workspace/workspace.go:83.49,85.12 2 2
github.com/jef/moltenhub-code/internal/workspace/workspace.go:87.3,87.27 1 3
github.com/jef/moltenhub-code/internal/workspace/workspace.go:90.2,90.20 1 1
github.com/jef/moltenhub-code/internal/workspace/workspace.go:90.20,92.3 1 1
github.com/jef/moltenhub-code/internal/workspace/workspace.go:93.2,93.75 1 0
github.com/jef/moltenhub-code/internal/workspace/workspace.go:97.64,99.21 2 3
github.com/jef/moltenhub-code/internal/workspace/workspace.go:99.21,101.3 1 0
github.com/jef/moltenhub-code/internal/workspace/workspace.go:102.2,103.22 2 3
github.com/jef/moltenhub-code/internal/workspace/workspace.go:103.22,105.3 1 1
github.com/jef/moltenhub-code/internal/workspace/workspace.go:107.2,108.16 2 3
github.com/jef/moltenhub-code/internal/workspace/workspace.go:108.16,110.59 2 1
github.com/jef/moltenhub-code/internal/workspace/workspace.go:110.59,112.4 1 1
github.com/jef/moltenhub-code/internal/workspace/workspace.go:113.3,113.17 1 1
github.com/jef/moltenhub-code/internal/workspace/workspace.go:113.17,115.4 1 1
github.com/jef/moltenhub-code/internal/workspace/workspace.go:117.2,118.55 2 2
github.com/jef/moltenhub-code/internal/workspace/workspace.go:118.55,120.3 1 1
github.com/jef/moltenhub-code/internal/workspace/workspace.go:121.2,121.17 1 1
github.com/jef/moltenhub-code/internal/workspace/workspace.go:124.35,126.16 2 3
github.com/jef/moltenhub-code/internal/workspace/workspace.go:126.16,128.3 1 1
github.com/jef/moltenhub-code/internal/workspace/workspace.go:129.2,129.19 1 2
github.com/jef/moltenhub-code/internal/workspace/workspace.go:132.23,136.2 3 1
github.com/jef/moltenhub-code/internal/workspace/workspace.go:138.37,139.81 1 3
github.com/jef/moltenhub-code/internal/workspace/workspace.go:139.81,140.64 1 2
github.com/jef/moltenhub-code/internal/workspace/workspace.go:140.64,142.4 1 1
github.com/jef/moltenhub-code/internal/workspace/workspace.go:144.2,144.39 1 2
github.com/jef/moltenhub-code/internal/workspace/workspace.go:144.39,145.57 1 2
github.com/jef/moltenhub-code/internal/workspace/workspace.go:145.57,147.4 1 1
github.com/jef/moltenhub-code/internal/workspace/workspace.go:149.2,149.49 1 1
github.com/jef/moltenhub-code/internal/workspace/workspace.go:149.49,150.76 1 1
github.com/jef/moltenhub-code/internal/workspace/workspace.go:150.76,152.4 1 0
github.com/jef/moltenhub-code/internal/workspace/workspace.go:154.2,154.11 1 1
github.com/jef/moltenhub-code/internal/workspace/workspace.go:157.62,160.37 3 6
github.com/jef/moltenhub-code/internal/workspace/workspace.go:160.37,162.3 1 2
github.com/jef/moltenhub-code/internal/workspace/workspace.go:164.2,165.6 2 4
github.com/jef/moltenhub-code/internal/workspace/workspace.go:165.6,167.63 2 14
github.com/jef/moltenhub-code/internal/workspace/workspace.go:167.63,169.4 1 2
github.com/jef/moltenhub-code/internal/workspace/workspace.go:170.3,171.24 2 12
github.com/jef/moltenhub-code/internal/workspace/workspace.go:171.24,173.4 1 2
github.com/jef/moltenhub-code/internal/workspace/workspace.go:174.3,174.19 1 10
github.com/jef/moltenhub-code/internal/multiplex/multiplex.go:48.32,49.31 1 3
github.com/jef/moltenhub-code/internal/multiplex/multiplex.go:49.31,50.40 1 6
github.com/jef/moltenhub-code/internal/multiplex/multiplex.go:50.40,51.22 1 3
github.com/jef/moltenhub-code/internal/multiplex/multiplex.go:51.22,53.5 1 2
github.com/jef/moltenhub-code/internal/multiplex/multiplex.go:54.4,54.12 1 1
github.com/jef/moltenhub-code/internal/multiplex/multiplex.go:57.2,57.28 1 0
github.com/jef/moltenhub-code/internal/multiplex/multiplex.go:71.43,75.37 1 5
github.com/jef/moltenhub-code/internal/multiplex/multiplex.go:75.38,75.39 0 0
github.com/jef/moltenhub-code/internal/multiplex/multiplex.go:80.76,81.27 1 5
github.com/jef/moltenhub-code/internal/multiplex/multiplex.go:81.27,83.3 1 1
github.com/jef/moltenhub-code/internal/multiplex/multiplex.go:84.2,84.23 1 4
github.com/jef/moltenhub-code/internal/multiplex/multiplex.go:84.23,86.3 1 0
github.com/jef/moltenhub-code/internal/multiplex/multiplex.go:87.2,87.19 1 4
github.com/jef/moltenhub-code/internal/multiplex/multiplex.go:87.19,88.33 1 0
github.com/jef/moltenhub-code/internal/multiplex/multiplex.go:88.34,88.35 0 0
github.com/jef/moltenhub-code/internal/multiplex/multiplex.go:90.2,90.25 1 4
github.com/jef/moltenhub-code/internal/multiplex/multiplex.go:90.25,92.90 2 0
github.com/jef/moltenhub-code/internal/multiplex/multiplex.go:92.90,94.46 2 0
github.com/jef/moltenhub-code/internal/multiplex/multiplex.go:94.46,96.5 1 0
github.com/jef/moltenhub-code/internal/multiplex/multiplex.go:97.4,97.26 1 0
github.com/jef/moltenhub-code/internal/multiplex/multiplex.go:101.2,102.35 2 4
github.com/jef/moltenhub-code/internal/multiplex/multiplex.go:102.35,110.3 1 13
github.com/jef/moltenhub-code/internal/multiplex/multiplex.go:112.2,116.29 4 4
github.com/jef/moltenhub-code/internal/multiplex/multiplex.go:116.29,119.13 3 13
github.com/jef/moltenhub-code/internal/multiplex/multiplex.go:119.13,122.11 2 13
github.com/jef/moltenhub-code/internal/multiplex/multiplex.go:123.27,123.27 0 12
github.com/jef/moltenhub-code/internal/multiplex/multiplex.go:124.22,134.11 10 1
github.com/jef/moltenhub-code/internal/multiplex/multiplex.go:136.4,136.17 1 12
github.com/jef/moltenhub-code/internal/multiplex/multiplex.go:136.17,136.26 1 12
github.com/jef/moltenhub-code/internal/multiplex/multiplex.go:138.4,138.51 1 12
github.com/jef/moltenhub-code/internal/multiplex/multiplex.go:142.2,143.35 2 4
github.com/jef/moltenhub-code/internal/multiplex/multiplex.go:146.114,160.16 11 12
github.com/jef/moltenhub-code/internal/multiplex/multiplex.go:160.16,173.3 11 1
github.com/jef/moltenhub-code/internal/multiplex/multiplex.go:175.2,175.43 1 11
github.com/jef/moltenhub-code/internal/multiplex/multiplex.go:175.43,179.10 4 8
github.com/jef/moltenhub-code/internal/multiplex/multiplex.go:179.10,181.4 1 0
github.com/jef/moltenhub-code/internal/multiplex/multiplex.go:183.3,185.18 3 8
github.com/jef/moltenhub-code/internal/multiplex/multiplex.go:185.18,187.4 1 8
github.com/jef/moltenhub-code/internal/multiplex/multiplex.go:188.3,188.19 1 8
github.com/jef/moltenhub-code/internal/multiplex/multiplex.go:188.19,190.25 2 8
github.com/jef/moltenhub-code/internal/multiplex/multiplex.go:190.25,192.5 1 1
github.com/jef/moltenhub-code/internal/multiplex/multiplex.go:194.3,195.14 2 8
github.com/jef/moltenhub-code/internal/multiplex/multiplex.go:198.2,208.20 9 11
github.com/jef/moltenhub-code/internal/multiplex/multiplex.go:208.20,211.26 3 1
github.com/jef/moltenhub-code/internal/multiplex/multiplex.go:211.26,213.4 1 0
github.com/jef/moltenhub-code/internal/multiplex/multiplex.go:214.3,214.20 1 1
github.com/jef/moltenhub-code/internal/multiplex/multiplex.go:214.20,216.4 1 0
github.com/jef/moltenhub-code/internal/multiplex/multiplex.go:217.8,217.26 1 10
github.com/jef/moltenhub-code/internal/multiplex/multiplex.go:217.26,221.3 3 1
github.com/jef/moltenhub-code/internal/multiplex/multiplex.go:221.8,223.20 2 9
github.com/jef/moltenhub-code/internal/multiplex/multiplex.go:223.20,225.4 1 0
github.com/jef/moltenhub-code/internal/multiplex/multiplex.go:226.3,226.26 1 9
github.com/jef/moltenhub-code/internal/multiplex/multiplex.go:226.26,228.4 1 0
github.com/jef/moltenhub-code/internal/multiplex/multiplex.go:230.2,233.20 3 11
github.com/jef/moltenhub-code/internal/multiplex/multiplex.go:233.20,236.3 2 1
github.com/jef/moltenhub-code/internal/multiplex/multiplex.go:237.2,237.19 1 10
github.com/jef/moltenhub-code/internal/multiplex/multiplex.go:237.19,246.3 2 1
github.com/jef/moltenhub-code/internal/multiplex/multiplex.go:247.2,254.3 1 9
github.com/jef/moltenhub-code/internal/multiplex/multiplex.go:257.55,259.2 1 32
github.com/jef/moltenhub-code/internal/multiplex/multiplex.go:261.75,262.45 1 10
github.com/jef/moltenhub-code/internal/multiplex/multiplex.go:262.45,264.13 2 22
github.com/jef/moltenhub-code/internal/multiplex/multiplex.go:264.13,265.12 1 1
github.com/jef/moltenhub-code/internal/multiplex/multiplex.go:267.3,267.12 1 21
github.com/jef/moltenhub-code/internal/multiplex/multiplex.go:268.16,269.13 1 9
github.com/jef/moltenhub-code/internal/multiplex/multiplex.go:270.17,271.14 1 9
github.com/jef/moltenhub-code/internal/multiplex/multiplex.go:274.2,274.51 1 10
github.com/jef/moltenhub-code/internal/multiplex/multiplex.go:277.34,279.2 1 14
github.com/jef/moltenhub-code/internal/library/catalog.go:34.59,36.51 2 7
github.com/jef/moltenhub-code/internal/library/catalog.go:36.51,38.3 1 0
github.com/jef/moltenhub-code/internal/library/catalog.go:39.2,39.23 1 7
github.com/jef/moltenhub-code/internal/library/catalog.go:39.23,40.49 1 17
github.com/jef/moltenhub-code/internal/library/catalog.go:40.49,41.12 1 15
github.com/jef/moltenhub-code/internal/library/catalog.go:43.3,43.51 1 2
github.com/jef/moltenhub-code/internal/library/catalog.go:46.2,48.54 3 5
github.com/jef/moltenhub-code/internal/library/catalog.go:48.54,50.3 1 0
github.com/jef/moltenhub-code/internal/library/catalog.go:51.2,52.12 2 5
github.com/jef/moltenhub-code/internal/library/catalog.go:83.47,85.15 2 6
github.com/jef/moltenhub-code/internal/library/catalog.go:85.15,87.3 1 0
github.com/jef/moltenhub-code/internal/library/catalog.go:88.2,91.16 3 6
github.com/jef/moltenhub-code/internal/library/catalog.go:91.16,93.3 1 0
github.com/jef/moltenhub-code/internal/library/catalog.go:95.2,96.32 2 6
github.com/jef/moltenhub-code/internal/library/catalog.go:96.32,97.20 1 6
github.com/jef/moltenhub-code/internal/library/catalog.go:97.20,98.12 1 0
github.com/jef/moltenhub-code/internal/library/catalog.go:100.3,100.62 1 6
github.com/jef/moltenhub-code/internal/library/catalog.go:100.62,101.12 1 0
github.com/jef/moltenhub-code/internal/library/catalog.go:103.3,103.66 1 6
github.com/jef/moltenhub-code/internal/library/catalog.go:105.2,108.33 3 6
github.com/jef/moltenhub-code/internal/library/catalog.go:108.33,110.17 2 6
github.com/jef/moltenhub-code/internal/library/catalog.go:110.17,112.4 1 3
github.com/jef/moltenhub-code/internal/library/catalog.go:113.3,113.30 1 3
github.com/jef/moltenhub-code/internal/library/catalog.go:113.30,114.54 1 4
github.com/jef/moltenhub-code/internal/library/catalog.go:114.54,116.5 1 0
github.com/jef/moltenhub-code/internal/library/catalog.go:117.4,118.47 2 4
github.com/jef/moltenhub-code/internal/library/catalog.go:122.2,122.21 1 3
github.com/jef/moltenhub-code/internal/library/catalog.go:126.44,127.23 1 3
github.com/jef/moltenhub-code/internal/library/catalog.go:127.23,129.3 1 0
github.com/jef/moltenhub-code/internal/library/catalog.go:130.2,131.31 2 3
github.com/jef/moltenhub-code/internal/library/catalog.go:131.31,137.3 1 4
github.com/jef/moltenhub-code/internal/library/catalog.go:138.2,138.12 1 3
github.com/jef/moltenhub-code/internal/library/catalog.go:142.35,144.25 2 3
github.com/jef/moltenhub-code/internal/library/catalog.go:144.25,146.3 1 0
github.com/jef/moltenhub-code/internal/library/catalog.go:147.2,148.33 2 3
github.com/jef/moltenhub-code/internal/library/catalog.go:148.33,150.3 1 4
github.com/jef/moltenhub-code/internal/library/catalog.go:151.2,151.12 1 3
github.com/jef/moltenhub-code/internal/library/catalog.go:155.88,158.9 3 3
github.com/jef/moltenhub-code/internal/library/catalog.go:158.9,160.3 1 1
github.com/jef/moltenhub-code/internal/library/catalog.go:162.2,163.16 2 2
github.com/jef/moltenhub-code/internal/library/catalog.go:163.16,165.3 1 1
github.com/jef/moltenhub-code/internal/library/catalog.go:167.2,180.39 3 1
github.com/jef/moltenhub-code/internal/library/catalog.go:180.39,182.3 1 0
github.com/jef/moltenhub-code/internal/library/catalog.go:183.2,183.17 1 1
github.com/jef/moltenhub-code/internal/library/catalog.go:186.65,188.16 2 7
github.com/jef/moltenhub-code/internal/library/catalog.go:188.16,190.3 1 0
github.com/jef/moltenhub-code/internal/library/catalog.go:192.2,193.51 2 7
github.com/jef/moltenhub-code/internal/library/catalog.go:193.51,195.3 1 0
github.com/jef/moltenhub-code/internal/library/catalog.go:196.2,196.19 1 7
github.com/jef/moltenhub-code/internal/library/catalog.go:196.19,198.3 1 1
github.com/jef/moltenhub-code/internal/library/catalog.go:200.2,200.40 1 6
github.com/jef/moltenhub-code/internal/library/catalog.go:200.40,202.17 2 2
github.com/jef/moltenhub-code/internal/library/catalog.go:202.17,204.4 1 1
github.com/jef/moltenhub-code/internal/library/catalog.go:205.3,205.37 1 1
github.com/jef/moltenhub-code/internal/library/catalog.go:208.2,209.23 2 4
github.com/jef/moltenhub-code/internal/library/catalog.go:209.23,211.3 1 5
github.com/jef/moltenhub-code/internal/library/catalog.go:212.2,215.27 3 4
github.com/jef/moltenhub-code/internal/library/catalog.go:215.27,217.17 2 5
github.com/jef/moltenhub-code/internal/library/catalog.go:217.17,219.4 1 2
github.com/jef/moltenhub-code/internal/library/catalog.go:220.3,220.30 1 3
github.com/jef/moltenhub-code/internal/library/catalog.go:222.2,222.19 1 2
github.com/jef/moltenhub-code/internal/library/catalog.go:225.73,226.23 1 6
github.com/jef/moltenhub-code/internal/library/catalog.go:226.23,227.49 1 7
github.com/jef/moltenhub-code/internal/library/catalog.go:227.49,229.4 1 2
github.com/jef/moltenhub-code/internal/library/catalog.go:231.2,231.14 1 4
github.com/jef/moltenhub-code/internal/library/catalog.go:234.82,238.42 4 7
github.com/jef/moltenhub-code/internal/library/catalog.go:238.42,239.16 1 2
github.com/jef/moltenhub-code/internal/library/catalog.go:239.16,241.4 1 1
github.com/jef/moltenhub-code/internal/library/catalog.go:242.3,242.78 1 1
github.com/jef/moltenhub-code/internal/library/catalog.go:245.2,255.15 10 5
github.com/jef/moltenhub-code/internal/library/catalog.go:255.15,257.16 2 4
github.com/jef/moltenhub-code/internal/library/catalog.go:257.16,259.4 1 0
github.com/jef/moltenhub-code/internal/library/catalog.go:260.3,260.22 1 4
github.com/jef/moltenhub-code/internal/library/catalog.go:260.22,262.4 1 3
github.com/jef/moltenhub-code/internal/library/catalog.go:262.9,262.30 1 1
github.com/jef/moltenhub-code/internal/library/catalog.go:262.30,264.4 1 1
github.com/jef/moltenhub-code/internal/library/catalog.go:267.2,267.21 1 4
github.com/jef/moltenhub-code/internal/library/catalog.go:267.21,269.3 1 0
github.com/jef/moltenhub-code/internal/library/catalog.go:270.2,270.23 1 4
github.com/jef/moltenhub-code/internal/library/catalog.go:270.23,272.3 1 0
github.com/jef/moltenhub-code/internal/library/catalog.go:273.2,273.29 1 4
github.com/jef/moltenhub-code/internal/library/catalog.go:273.29,275.3 1 1
github.com/jef/moltenhub-code/internal/library/catalog.go:277.2,277.18 1 4
github.com/jef/moltenhub-code/internal/library/catalog.go:280.43,281.38 1 9
github.com/jef/moltenhub-code/internal/library/catalog.go:281.38,283.3 1 7
github.com/jef/moltenhub-code/internal/library/catalog.go:284.2,284.23 1 2
github.com/jef/moltenhub-code/internal/library/catalog.go:284.23,286.3 1 1
github.com/jef/moltenhub-code/internal/library/catalog.go:287.2,287.39 1 1
github.com/jef/moltenhub-code/internal/library/catalog.go:287.39,288.45 1 1
github.com/jef/moltenhub-code/internal/library/catalog.go:288.45,290.4 1 0
github.com/jef/moltenhub-code/internal/library/catalog.go:292.2,292.45 1 1
github.com/jef/moltenhub-code/internal/library/catalog.go:292.45,293.61 1 1
github.com/jef/moltenhub-code/internal/library/catalog.go:293.61,295.4 1 1
github.com/jef/moltenhub-code/internal/library/catalog.go:297.2,297.49 1 0
github.com/jef/moltenhub-code/internal/library/catalog.go:297.49,298.64 1 0
github.com/jef/moltenhub-code/internal/library/catalog.go:298.64,300.4 1 0
github.com/jef/moltenhub-code/internal/library/catalog.go:302.2,302.51 1 0
github.com/jef/moltenhub-code/internal/library/catalog.go:302.51,303.67 1 0
github.com/jef/moltenhub-code/internal/library/catalog.go:303.67,305.4 1 0
github.com/jef/moltenhub-code/internal/library/catalog.go:307.2,307.12 1 0
github.com/jef/moltenhub-code/internal/library/catalog.go:310.61,313.37 3 4
github.com/jef/moltenhub-code/internal/library/catalog.go:313.37,315.3 1 2
github.com/jef/moltenhub-code/internal/library/catalog.go:317.2,318.6 2 2
github.com/jef/moltenhub-code/internal/library/catalog.go:318.6,320.30 2 7
github.com/jef/moltenhub-code/internal/library/catalog.go:320.30,322.4 1 1
github.com/jef/moltenhub-code/internal/library/catalog.go:323.3,324.24 2 6
github.com/jef/moltenhub-code/internal/library/catalog.go:324.24,326.4 1 1
github.com/jef/moltenhub-code/internal/library/catalog.go:327.3,327.19 1 5
github.com/jef/moltenhub-code/internal/library/catalog.go:331.37,333.31 2 11
github.com/jef/moltenhub-code/internal/library/catalog.go:333.31,335.3 1 6
github.com/jef/moltenhub-code/internal/library/catalog.go:336.2,337.16 2 5
github.com/jef/moltenhub-code/internal/library/catalog.go:337.16,339.3 1 0
github.com/jef/moltenhub-code/internal/library/catalog.go:340.2,340.32 1 5
github.com/jef/moltenhub-code/internal/library/catalog.go:340.32,341.20 1 8
github.com/jef/moltenhub-code/internal/library/catalog.go:341.20,342.12 1 0
github.com/jef/moltenhub-code/internal/library/catalog.go:344.3,344.61 1 8
github.com/jef/moltenhub-code/internal/library/catalog.go:344.61,346.4 1 3
github.com/jef/moltenhub-code/internal/library/catalog.go:348.2,348.14 1 2
github.com/jef/moltenhub-code/internal/harness/harness.go:92.39,97.37 1 21
github.com/jef/moltenhub-code/internal/harness/harness.go:97.38,97.39 0 543
github.com/jef/moltenhub-code/internal/harness/harness.go:104.69,105.21 1 20
github.com/jef/moltenhub-code/internal/harness/harness.go:105.21,107.3 1 0
github.com/jef/moltenhub-code/internal/harness/harness.go:108.2,109.39 2 20
github.com/jef/moltenhub-code/internal/harness/harness.go:109.39,111.3 1 0
github.com/jef/moltenhub-code/internal/harness/harness.go:112.2,112.18 1 20
github.com/jef/moltenhub-code/internal/harness/harness.go:112.18,114.3 1 0
github.com/jef/moltenhub-code/internal/harness/harness.go:115.2,115.19 1 20
github.com/jef/moltenhub-code/internal/harness/harness.go:115.19,116.33 1 0
github.com/jef/moltenhub-code/internal/harness/harness.go:116.34,116.35 0 0
github.com/jef/moltenhub-code/internal/harness/harness.go:118.2,118.26 1 20
github.com/jef/moltenhub-code/internal/harness/harness.go:118.26,120.3 1 0
github.com/jef/moltenhub-code/internal/harness/harness.go:121.2,121.20 1 20
github.com/jef/moltenhub-code/internal/harness/harness.go:121.20,123.3 1 0
github.com/jef/moltenhub-code/internal/harness/harness.go:125.2,126.42 2 20
github.com/jef/moltenhub-code/internal/harness/harness.go:126.42,127.64 1 60
github.com/jef/moltenhub-code/internal/harness/harness.go:127.64,129.4 1 0
github.com/jef/moltenhub-code/internal/harness/harness.go:131.2,134.68 3 20
github.com/jef/moltenhub-code/internal/harness/harness.go:134.68,136.3 1 0
github.com/jef/moltenhub-code/internal/harness/harness.go:137.2,137.26 1 20
github.com/jef/moltenhub-code/internal/harness/harness.go:137.26,138.77 1 1
github.com/jef/moltenhub-code/internal/harness/harness.go:138.77,140.4 1 0
github.com/jef/moltenhub-code/internal/harness/harness.go:142.2,146.16 4 20
github.com/jef/moltenhub-code/internal/harness/harness.go:146.16,148.3 1 0
github.com/jef/moltenhub-code/internal/harness/harness.go:149.2,150.16 2 20
github.com/jef/moltenhub-code/internal/harness/harness.go:150.16,153.3 2 0
github.com/jef/moltenhub-code/internal/harness/harness.go:154.2,157.24 3 20
github.com/jef/moltenhub-code/internal/harness/harness.go:157.24,159.3 1 0
github.com/jef/moltenhub-code/internal/harness/harness.go:160.2,162.27 3 20
github.com/jef/moltenhub-code/internal/harness/harness.go:162.27,164.3 1 0
github.com/jef/moltenhub-code/internal/harness/harness.go:166.2,167.35 2 20
github.com/jef/moltenhub-code/internal/harness/harness.go:167.35,180.22 6 22
github.com/jef/moltenhub-code/internal/harness/harness.go:180.22,181.79 1 3
github.com/jef/moltenhub-code/internal/harness/harness.go:181.79,183.5 1 2
github.com/jef/moltenhub-code/internal/harness/harness.go:185.4,191.48 2 1
github.com/jef/moltenhub-code/internal/harness/harness.go:191.48,193.5 1 0
github.com/jef/moltenhub-code/internal/harness/harness.go:194.4,201.18 1 1
github.com/jef/moltenhub-code/internal/harness/harness.go:201.18,203.5 1 0
github.com/jef/moltenhub-code/internal/harness/harness.go:204.4,210.5 2 1
github.com/jef/moltenhub-code/internal/harness/harness.go:211.9,213.4 1 19
github.com/jef/moltenhub-code/internal/harness/harness.go:214.3,214.47 1 20
github.com/jef/moltenhub-code/internal/harness/harness.go:214.47,216.89 2 4
github.com/jef/moltenhub-code/internal/harness/harness.go:216.89,218.5 1 0
github.com/jef/moltenhub-code/internal/harness/harness.go:219.4,219.90 1 4
github.com/jef/moltenhub-code/internal/harness/harness.go:221.3,225.5 1 20
github.com/jef/moltenhub-code/internal/harness/harness.go:227.2,230.16 3 18
github.com/jef/moltenhub-code/internal/harness/harness.go:230.16,232.3 1 0
github.com/jef/moltenhub-code/internal/harness/harness.go:233.2,233.31 1 18
github.com/jef/moltenhub-code/internal/harness/harness.go:233.31,235.3 1 0
github.com/jef/moltenhub-code/internal/harness/harness.go:237.2,239.22 3 18
github.com/jef/moltenhub-code/internal/harness/harness.go:239.22,241.3 1 14
github.com/jef/moltenhub-code/internal/harness/harness.go:242.2,242.23 1 18
github.com/jef/moltenhub-code/internal/harness/harness.go:242.23,244.24 2 20
github.com/jef/moltenhub-code/internal/harness/harness.go:244.24,252.12 2 4
github.com/jef/moltenhub-code/internal/harness/harness.go:254.3,255.90 2 16
github.com/jef/moltenhub-code/internal/harness/harness.go:255.90,257.4 1 0
github.com/jef/moltenhub-code/internal/harness/harness.go:258.3,258.115 1 16
github.com/jef/moltenhub-code/internal/harness/harness.go:261.2,262.20 2 18
github.com/jef/moltenhub-code/internal/harness/harness.go:262.20,264.3 1 2
github.com/jef/moltenhub-code/internal/harness/harness.go:265.2,266.16 2 18
github.com/jef/moltenhub-code/internal/harness/harness.go:266.16,268.3 1 0
github.com/jef/moltenhub-code/internal/harness/harness.go:269.2,270.16 2 18
github.com/jef/moltenhub-code/internal/harness/harness.go:270.16,272.3 1 0
github.com/jef/moltenhub-code/internal/harness/harness.go:273.2,282.90 6 18
github.com/jef/moltenhub-code/internal/harness/harness.go:282.90,284.3 1 1
github.com/jef/moltenhub-code/internal/harness/harness.go:285.2,287.23 2 17
github.com/jef/moltenhub-code/internal/harness/harness.go:287.23,289.17 2 19
github.com/jef/moltenhub-code/internal/harness/harness.go:289.17,291.4 1 0
github.com/jef/moltenhub-code/internal/harness/harness.go:292.3,293.114 2 19
github.com/jef/moltenhub-code/internal/harness/harness.go:296.2,297.29 2 17
github.com/jef/moltenhub-code/internal/harness/harness.go:297.29,298.19 1 19
github.com/jef/moltenhub-code/internal/harness/harness.go:298.19,300.4 1 16
github.com/jef/moltenhub-code/internal/harness/harness.go:302.2,302.23 1 17
github.com/jef/moltenhub-code/internal/harness/harness.go:302.23,307.3 4 2
github.com/jef/moltenhub-code/internal/harness/harness.go:309.2,309.23 1 15
github.com/jef/moltenhub-code/internal/harness/harness.go:309.23,310.24 1 17
github.com/jef/moltenhub-code/internal/harness/harness.go:310.24,311.12 1 1
github.com/jef/moltenhub-code/internal/harness/harness.go:313.3,323.17 1 16
github.com/jef/moltenhub-code/internal/harness/harness.go:323.17,325.4 1 1
github.com/jef/moltenhub-code/internal/harness/harness.go:328.2,330.12 3 14
github.com/jef/moltenhub-code/internal/harness/harness.go:343.24,344.17 1 16
github.com/jef/moltenhub-code/internal/harness/harness.go:344.17,346.3 1 0
github.com/jef/moltenhub-code/internal/harness/harness.go:348.2,349.74 2 16
github.com/jef/moltenhub-code/internal/harness/harness.go:349.74,351.3 1 0
github.com/jef/moltenhub-code/internal/harness/harness.go:352.2,352.96 1 16
github.com/jef/moltenhub-code/internal/harness/harness.go:352.96,354.3 1 0
github.com/jef/moltenhub-code/internal/harness/harness.go:355.2,355.54 1 16
github.com/jef/moltenhub-code/internal/harness/harness.go:355.54,357.3 1 0
github.com/jef/moltenhub-code/internal/harness/harness.go:358.2,362.23 4 16
github.com/jef/moltenhub-code/internal/harness/harness.go:362.23,364.17 2 4
github.com/jef/moltenhub-code/internal/harness/harness.go:364.17,366.4 1 0
github.com/jef/moltenhub-code/internal/harness/harness.go:367.3,367.51 1 4
github.com/jef/moltenhub-code/internal/harness/harness.go:370.2,370.22 1 16
github.com/jef/moltenhub-code/internal/harness/harness.go:370.22,375.23 2 13
github.com/jef/moltenhub-code/internal/harness/harness.go:375.23,377.4 1 12
github.com/jef/moltenhub-code/internal/harness/harness.go:377.9,379.4 1 1
github.com/jef/moltenhub-code/internal/harness/harness.go:380.3,380.17 1 13
github.com/jef/moltenhub-code/internal/harness/harness.go:380.17,382.4 1 0
github.com/jef/moltenhub-code/internal/harness/harness.go:383.3,384.23 2 13
github.com/jef/moltenhub-code/internal/harness/harness.go:384.23,386.4 1 0
github.com/jef/moltenhub-code/internal/harness/harness.go:388.2,390.32 2 16
github.com/jef/moltenhub-code/internal/harness/harness.go:390.32,396.45 2 19
github.com/jef/moltenhub-code/internal/harness/harness.go:396.45,399.73 3 39
github.com/jef/moltenhub-code/internal/harness/harness.go:399.73,408.5 2 1
github.com/jef/moltenhub-code/internal/harness/harness.go:409.4,409.23 1 39
github.com/jef/moltenhub-code/internal/harness/harness.go:409.23,412.5 2 15
github.com/jef/moltenhub-code/internal/harness/harness.go:414.4,416.46 3 24
github.com/jef/moltenhub-code/internal/harness/harness.go:416.46,425.122 2 2
github.com/jef/moltenhub-code/internal/harness/harness.go:425.122,435.6 1 0
github.com/jef/moltenhub-code/internal/harness/harness.go:435.11,444.6 1 2
github.com/jef/moltenhub-code/internal/harness/harness.go:446.4,446.72 1 24
github.com/jef/moltenhub-code/internal/harness/harness.go:446.72,447.10 1 4
github.com/jef/moltenhub-code/internal/harness/harness.go:450.4,459.67 2 20
github.com/jef/moltenhub-code/internal/harness/harness.go:459.67,461.5 1 0
github.com/jef/moltenhub-code/internal/harness/harness.go:464.3,465.47 2 4
github.com/jef/moltenhub-code/internal/harness/harness.go:465.47,472.4 1 0
github.com/jef/moltenhub-code/internal/harness/harness.go:474.3,491.88 4 4
github.com/jef/moltenhub-code/internal/harness/harness.go:491.88,493.4 1 0
github.com/jef/moltenhub-code/internal/harness/harness.go:494.3,503.17 3 4
github.com/jef/moltenhub-code/internal/harness/harness.go:503.17,505.4 1 0
github.com/jef/moltenhub-code/internal/harness/harness.go:506.3,506.48 1 4
github.com/jef/moltenhub-code/internal/harness/harness.go:506.48,508.4 1 1
github.com/jef/moltenhub-code/internal/harness/harness.go:510.3,511.75 2 3
github.com/jef/moltenhub-code/internal/harness/harness.go:511.75,513.4 1 0
github.com/jef/moltenhub-code/internal/harness/harness.go:514.3,514.134 1 3
github.com/jef/moltenhub-code/internal/harness/harness.go:514.134,516.4 1 0
github.com/jef/moltenhub-code/internal/harness/harness.go:517.3,517.63 1 3
github.com/jef/moltenhub-code/internal/harness/harness.go:517.63,519.4 1 0
github.com/jef/moltenhub-code/internal/harness/harness.go:520.3,520.118 1 3
github.com/jef/moltenhub-code/internal/harness/harness.go:524.102,525.74 1 19
github.com/jef/moltenhub-code/internal/harness/harness.go:525.74,527.17 2 20
github.com/jef/moltenhub-code/internal/harness/harness.go:527.17,529.4 1 19
github.com/jef/moltenhub-code/internal/harness/harness.go:530.3,530.76 1 1
github.com/jef/moltenhub-code/internal/harness/harness.go:530.76,532.4 1 0
github.com/jef/moltenhub-code/internal/harness/harness.go:533.3,533.29 1 1
github.com/jef/moltenhub-code/internal/harness/harness.go:533.29,543.4 1 0
github.com/jef/moltenhub-code/internal/harness/harness.go:543.9,552.4 1 1
github.com/jef/moltenhub-code/internal/harness/harness.go:553.3,553.103 1 1
github.com/jef/moltenhub-code/internal/harness/harness.go:553.103,555.4 1 0
github.com/jef/moltenhub-code/internal/harness/harness.go:557.2,557.72 1 0
github.com/jef/moltenhub-code/internal/harness/harness.go:564.25,565.32 1 23
github.com/jef/moltenhub-code/internal/harness/harness.go:565.32,567.17 2 24
github.com/jef/moltenhub-code/internal/harness/harness.go:567.17,569.4 1 20
github.com/jef/moltenhub-code/internal/harness/harness.go:570.3,570.65 1 4
github.com/jef/moltenhub-code/internal/harness/harness.go:570.65,572.4 1 3
github.com/jef/moltenhub-code/internal/harness/harness.go:574.3,583.61 2 1
github.com/jef/moltenhub-code/internal/harness/harness.go:583.61,585.4 1 0
github.com/jef/moltenhub-code/internal/harness/harness.go:586.3,586.65 1 1
github.com/jef/moltenhub-code/internal/harness/harness.go:586.65,588.4 1 0
github.com/jef/moltenhub-code/internal/harness/harness.go:592.50,594.18 2 1
github.com/jef/moltenhub-code/internal/harness/harness.go:594.18,596.3 1 0
github.com/jef/moltenhub-code/internal/harness/harness.go:597.2,597.15 1 1
github.com/jef/moltenhub-code/internal/harness/harness.go:600.63,601.16 1 3
github.com/jef/moltenhub-code/internal/harness/harness.go:601.16,603.3 1 0
github.com/jef/moltenhub-code/internal/harness/harness.go:604.2,605.18 2 3
github.com/jef/moltenhub-code/internal/harness/harness.go:605.18,607.3 1 0
github.com/jef/moltenhub-code/internal/harness/harness.go:608.2,608.42 1 3
github.com/jef/moltenhub-code/internal/harness/harness.go:611.57,613.18 2 3
github.com/jef/moltenhub-code/internal/harness/harness.go:613.18,615.3 1 0
github.com/jef/moltenhub-code/internal/harness/harness.go:616.2,619.45 4 3
github.com/jef/moltenhub-code/internal/harness/harness.go:619.45,621.3 1 3
github.com/jef/moltenhub-code/internal/harness/harness.go:622.2,622.80 1 0
github.com/jef/moltenhub-code/internal/harness/harness.go:625.79,632.29 2 16
github.com/jef/moltenhub-code/internal/harness/harness.go:632.29,641.39 2 18
github.com/jef/moltenhub-code/internal/harness/harness.go:641.39,643.4 1 14
github.com/jef/moltenhub-code/internal/harness/harness.go:644.3,644.42 1 18
github.com/jef/moltenhub-code/internal/harness/harness.go:644.42,646.4 1 14
github.com/jef/moltenhub-code/internal/harness/harness.go:648.2,648.40 1 16
github.com/jef/moltenhub-code/internal/harness/harness.go:648.40,650.3 1 2
github.com/jef/moltenhub-code/internal/harness/harness.go:651.2,651.12 1 16
github.com/jef/moltenhub-code/internal/harness/harness.go:654.67,655.15 1 18
github.com/jef/moltenhub-code/internal/harness/harness.go:655.15,657.3 1 2
github.com/jef/moltenhub-code/internal/harness/harness.go:658.2,659.24 2 16
github.com/jef/moltenhub-code/internal/harness/harness.go:659.24,661.3 1 0
github.com/jef/moltenhub-code/internal/harness/harness.go:662.2,662.21 1 16
github.com/jef/moltenhub-code/internal/harness/harness.go:665.86,667.21 2 20
github.com/jef/moltenhub-code/internal/harness/harness.go:667.21,669.3 1 16
github.com/jef/moltenhub-code/internal/harness/harness.go:671.2,672.16 2 4
github.com/jef/moltenhub-code/internal/harness/harness.go:672.16,675.3 2 4
github.com/jef/moltenhub-code/internal/harness/harness.go:676.2,680.29 5 4
github.com/jef/moltenhub-code/internal/harness/harness.go:680.29,682.3 1 8
github.com/jef/moltenhub-code/internal/harness/harness.go:683.2,686.38 4 4
github.com/jef/moltenhub-code/internal/harness/harness.go:689.57,694.22 4 44
github.com/jef/moltenhub-code/internal/harness/harness.go:694.22,696.3 1 44
github.com/jef/moltenhub-code/internal/harness/harness.go:698.2,702.16 2 44
github.com/jef/moltenhub-code/internal/harness/harness.go:702.16,704.3 1 1
github.com/jef/moltenhub-code/internal/harness/harness.go:705.2,705.34 1 43
github.com/jef/moltenhub-code/internal/harness/harness.go:708.68,709.16 1 26
github.com/jef/moltenhub-code/internal/harness/harness.go:709.16,711.3 1 18
github.com/jef/moltenhub-code/internal/harness/harness.go:712.2,712.67 1 8
github.com/jef/moltenhub-code/internal/harness/harness.go:715.41,717.50 2 8
github.com/jef/moltenhub-code/internal/harness/harness.go:717.50,719.3 1 8
github.com/jef/moltenhub-code/internal/harness/harness.go:720.2,720.50 1 8
github.com/jef/moltenhub-code/internal/harness/harness.go:720.50,722.3 1 0
github.com/jef/moltenhub-code/internal/harness/harness.go:723.2,728.28 5 8
github.com/jef/moltenhub-code/internal/harness/harness.go:728.28,729.55 1 48
github.com/jef/moltenhub-code/internal/harness/harness.go:729.55,732.12 3 40
github.com/jef/moltenhub-code/internal/harness/harness.go:734.3,734.30 1 8
github.com/jef/moltenhub-code/internal/harness/harness.go:734.30,737.4 2 8
github.com/jef/moltenhub-code/internal/harness/harness.go:740.2,741.15 2 8
github.com/jef/moltenhub-code/internal/harness/harness.go:741.15,743.3 1 0
github.com/jef/moltenhub-code/internal/harness/harness.go:744.2,744.19 1 8
github.com/jef/moltenhub-code/internal/harness/harness.go:744.19,746.16 2 0
github.com/jef/moltenhub-code/internal/harness/harness.go:746.16,748.4 1 0
github.com/jef/moltenhub-code/internal/harness/harness.go:750.2,750.12 1 8
github.com/jef/moltenhub-code/internal/harness/harness.go:753.84,756.2 2 4
github.com/jef/moltenhub-code/internal/harness/harness.go:758.51,760.2 1 543
github.com/jef/moltenhub-code/internal/harness/harness.go:762.105,763.38 1 289
github.com/jef/moltenhub-code/internal/harness/harness.go:763.38,765.3 1 72
github.com/jef/moltenhub-code/internal/harness/harness.go:767.2,767.59 1 289
github.com/jef/moltenhub-code/internal/harness/harness.go:767.59,769.3 1 0
github.com/jef/moltenhub-code/internal/harness/harness.go:771.2,773.17 3 289
github.com/jef/moltenhub-code/internal/harness/harness.go:776.75,777.19 1 289
github.com/jef/moltenhub-code/internal/harness/harness.go:777.19,779.3 1 0
github.com/jef/moltenhub-code/internal/harness/harness.go:780.2,780.52 1 289
github.com/jef/moltenhub-code/internal/harness/harness.go:780.52,782.3 1 42
github.com/jef/moltenhub-code/internal/harness/harness.go:783.2,783.52 1 289
github.com/jef/moltenhub-code/internal/harness/harness.go:783.52,785.3 1 30
github.com/jef/moltenhub-code/internal/harness/harness.go:788.45,789.16 1 578
github.com/jef/moltenhub-code/internal/harness/harness.go:789.16,791.3 1 509
github.com/jef/moltenhub-code/internal/harness/harness.go:793.2,794.49 2 69
github.com/jef/moltenhub-code/internal/harness/harness.go:794.49,796.3 1 69
github.com/jef/moltenhub-code/internal/harness/harness.go:797.2,797.23 1 69
github.com/jef/moltenhub-code/internal/harness/harness.go:797.23,799.3 1 72
github.com/jef/moltenhub-code/internal/harness/harness.go:800.2,800.14 1 69
github.com/jef/moltenhub-code/internal/harness/harness.go:803.40,805.2 1 72
github.com/jef/moltenhub-code/internal/harness/harness.go:807.59,808.16 1 24
github.com/jef/moltenhub-code/internal/harness/harness.go:808.16,810.3 1 0
github.com/jef/moltenhub-code/internal/harness/harness.go:811.2,812.53 2 24
github.com/jef/moltenhub-code/internal/harness/harness.go:815.67,816.16 1 25
github.com/jef/moltenhub-code/internal/harness/harness.go:816.16,818.3 1 0
github.com/jef/moltenhub-code/internal/harness/harness.go:819.2,820.53 2 25
github.com/jef/moltenhub-code/internal/harness/harness.go:823.61,824.16 1 5
github.com/jef/moltenhub-code/internal/harness/harness.go:824.16,826.3 1 1
github.com/jef/moltenhub-code/internal/harness/harness.go:827.2,828.92 2 4
github.com/jef/moltenhub-code/internal/harness/harness.go:831.57,832.16 1 4
github.com/jef/moltenhub-code/internal/harness/harness.go:832.16,834.3 1 0
github.com/jef/moltenhub-code/internal/harness/harness.go:835.2,835.40 1 4
github.com/jef/moltenhub-code/internal/harness/harness.go:835.40,837.3 1 1
github.com/jef/moltenhub-code/internal/harness/harness.go:838.2,838.51 1 3
github.com/jef/moltenhub-code/internal/harness/harness.go:841.72,842.16 1 4
github.com/jef/moltenhub-code/internal/harness/harness.go:842.16,844.3 1 0
github.com/jef/moltenhub-code/internal/harness/harness.go:845.2,847.83 2 4
github.com/jef/moltenhub-code/internal/harness/harness.go:850.65,851.16 1 4
github.com/jef/moltenhub-code/internal/harness/harness.go:851.16,853.3 1 0
github.com/jef/moltenhub-code/internal/harness/harness.go:854.2,859.54 2 4
github.com/jef/moltenhub-code/internal/harness/harness.go:862.94,863.16 1 3
github.com/jef/moltenhub-code/internal/harness/harness.go:863.16,865.3 1 0
github.com/jef/moltenhub-code/internal/harness/harness.go:866.2,867.50 2 3
github.com/jef/moltenhub-code/internal/harness/harness.go:867.50,869.3 1 2
github.com/jef/moltenhub-code/internal/harness/harness.go:870.2,870.50 1 1
github.com/jef/moltenhub-code/internal/harness/harness.go:879.9,881.26 2 23
github.com/jef/moltenhub-code/internal/harness/harness.go:881.26,881.40 1 0
github.com/jef/moltenhub-code/internal/harness/harness.go:883.2,883.81 1 23
github.com/jef/moltenhub-code/internal/harness/harness.go:883.81,885.17 2 23
github.com/jef/moltenhub-code/internal/harness/harness.go:885.17,893.33 3 19
github.com/jef/moltenhub-code/internal/harness/harness.go:893.33,893.47 1 19
github.com/jef/moltenhub-code/internal/harness/harness.go:896.3,898.23 3 23
github.com/jef/moltenhub-code/internal/harness/harness.go:898.23,905.39 2 22
github.com/jef/moltenhub-code/internal/harness/harness.go:905.39,905.53 1 22
github.com/jef/moltenhub-code/internal/harness/harness.go:906.9,908.4 1 1
github.com/jef/moltenhub-code/internal/harness/harness.go:910.3,911.66 2 23
github.com/jef/moltenhub-code/internal/harness/harness.go:914.2,915.48 2 23
github.com/jef/moltenhub-code/internal/harness/harness.go:915.48,921.3 1 0
github.com/jef/moltenhub-code/internal/harness/harness.go:922.2,922.12 1 23
github.com/jef/moltenhub-code/internal/harness/harness.go:925.63,926.22 1 23
github.com/jef/moltenhub-code/internal/harness/harness.go:926.22,928.36 2 23
github.com/jef/moltenhub-code/internal/harness/harness.go:928.36,929.22 1 46
github.com/jef/moltenhub-code/internal/harness/harness.go:929.22,930.13 1 0
github.com/jef/moltenhub-code/internal/harness/harness.go:932.4,932.36 1 46
github.com/jef/moltenhub-code/internal/harness/harness.go:932.36,934.5 1 0
github.com/jef/moltenhub-code/internal/harness/harness.go:936.3,936.30 1 23
github.com/jef/moltenhub-code/internal/harness/harness.go:940.88,943.21 3 24
github.com/jef/moltenhub-code/internal/harness/harness.go:943.21,945.3 1 0
github.com/jef/moltenhub-code/internal/harness/harness.go:946.2,946.22 1 24
github.com/jef/moltenhub-code/internal/harness/harness.go:946.22,948.3 1 0
github.com/jef/moltenhub-code/internal/harness/harness.go:950.2,951.120 2 24
github.com/jef/moltenhub-code/internal/harness/harness.go:951.120,952.35 1 3
github.com/jef/moltenhub-code/internal/harness/harness.go:952.35,952.49 1 3
github.com/jef/moltenhub-code/internal/harness/harness.go:955.2,956.16 2 21
github.com/jef/moltenhub-code/internal/harness/harness.go:956.16,958.3 1 19
github.com/jef/moltenhub-code/internal/harness/harness.go:960.2,961.16 2 2
github.com/jef/moltenhub-code/internal/harness/harness.go:961.16,963.3 1 0
github.com/jef/moltenhub-code/internal/harness/harness.go:965.2,966.44 2 2
github.com/jef/moltenhub-code/internal/harness/harness.go:966.44,970.3 3 0
github.com/jef/moltenhub-code/internal/harness/harness.go:971.2,971.34 1 2
github.com/jef/moltenhub-code/internal/harness/harness.go:971.34,974.3 2 0
github.com/jef/moltenhub-code/internal/harness/harness.go:976.2,976.26 1 2
github.com/jef/moltenhub-code/internal/harness/harness.go:976.26,977.82 1 2
github.com/jef/moltenhub-code/internal/harness/harness.go:977.82,979.4 1 0
github.com/jef/moltenhub-code/internal/harness/harness.go:980.3,980.13 1 2
github.com/jef/moltenhub-code/internal/harness/harness.go:982.2,982.33 1 2
github.com/jef/moltenhub-code/internal/harness/harness.go:985.95,988.21 3 24
github.com/jef/moltenhub-code/internal/harness/harness.go:988.21,990.3 1 0
github.com/jef/moltenhub-code/internal/harness/harness.go:991.2,991.22 1 24
github.com/jef/moltenhub-code/internal/harness/harness.go:991.22,993.3 1 0
github.com/jef/moltenhub-code/internal/harness/harness.go:995.2,996.48 2 24
github.com/jef/moltenhub-code/internal/harness/harness.go:996.48,997.17 1 0
github.com/jef/moltenhub-code/internal/harness/harness.go:997.17,999.4 1 0
github.com/jef/moltenhub-code/internal/harness/harness.go:1000.3,1000.35 1 0
github.com/jef/moltenhub-code/internal/harness/harness.go:1000.35,1000.49 1 0
github.com/jef/moltenhub-code/internal/harness/harness.go:1001.8,1001.44 1 24
github.com/jef/moltenhub-code/internal/harness/harness.go:1001.44,1003.3 1 0
github.com/jef/moltenhub-code/internal/harness/harness.go:1005.2,1006.16 2 24
github.com/jef/moltenhub-code/internal/harness/harness.go:1006.16,1008.3 1 22
github.com/jef/moltenhub-code/internal/harness/harness.go:1009.2,1009.65 1 2
github.com/jef/moltenhub-code/internal/harness/harness.go:1009.65,1011.3 1 0
github.com/jef/moltenhub-code/internal/harness/harness.go:1013.2,1013.26 1 2
github.com/jef/moltenhub-code/internal/harness/harness.go:1013.26,1014.82 1 2
github.com/jef/moltenhub-code/internal/harness/harness.go:1014.82,1016.4 1 0
github.com/jef/moltenhub-code/internal/harness/harness.go:1017.3,1017.13 1 2
github.com/jef/moltenhub-code/internal/harness/harness.go:1019.2,1019.33 1 2
github.com/jef/moltenhub-code/internal/harness/harness.go:1022.56,1025.35 3 1
github.com/jef/moltenhub-code/internal/harness/harness.go:1025.35,1027.3 1 0
github.com/jef/moltenhub-code/internal/harness/harness.go:1029.2,1030.16 2 1
github.com/jef/moltenhub-code/internal/harness/harness.go:1030.16,1032.3 1 0
github.com/jef/moltenhub-code/internal/harness/harness.go:1033.2,1033.126 1 1
github.com/jef/moltenhub-code/internal/harness/harness.go:1033.126,1035.3 1 0
github.com/jef/moltenhub-code/internal/harness/harness.go:1036.2,1037.69 2 1
github.com/jef/moltenhub-code/internal/harness/harness.go:1037.69,1039.3 1 1
github.com/jef/moltenhub-code/internal/harness/harness.go:1040.2,1040.12 1 1
github.com/jef/moltenhub-code/internal/harness/harness.go:1043.115,1045.12 2 23
github.com/jef/moltenhub-code/internal/harness/harness.go:1045.12,1048.3 2 23
github.com/jef/moltenhub-code/internal/harness/harness.go:1050.2,1054.6 4 23
github.com/jef/moltenhub-code/internal/harness/harness.go:1054.6,1055.10 1 23
github.com/jef/moltenhub-code/internal/harness/harness.go:1056.22,1057.14 1 23
github.com/jef/moltenhub-code/internal/harness/harness.go:1058.19,1059.87 1 0
github.com/jef/moltenhub-code/internal/harness/harness.go:1060.21,1062.18 2 0
github.com/jef/moltenhub-code/internal/harness/harness.go:1062.18,1064.5 1 0
github.com/jef/moltenhub-code/internal/harness/harness.go:1065.4,1065.20 1 0
github.com/jef/moltenhub-code/internal/harness/harness.go:1069.69,1072.16 3 18
github.com/jef/moltenhub-code/internal/harness/harness.go:1072.16,1074.3 1 0
github.com/jef/moltenhub-code/internal/harness/harness.go:1075.2,1075.34 1 18
github.com/jef/moltenhub-code/internal/harness/harness.go:1075.34,1077.3 1 0
github.com/jef/moltenhub-code/internal/harness/harness.go:1078.2,1078.23 1 18
github.com/jef/moltenhub-code/internal/harness/harness.go:1081.34,1083.16 2 3
github.com/jef/moltenhub-code/internal/harness/harness.go:1083.16,1085.3 1 1
github.com/jef/moltenhub-code/internal/harness/harness.go:1086.2,1086.19 1 2
github.com/jef/moltenhub-code/internal/harness/harness.go:1089.67,1090.12 1 2
github.com/jef/moltenhub-code/internal/harness/harness.go:1090.12,1092.3 1 1
github.com/jef/moltenhub-code/internal/harness/harness.go:1093.2,1096.9 3 1
github.com/jef/moltenhub-code/internal/harness/harness.go:1097.20,1098.19 1 1
github.com/jef/moltenhub-code/internal/harness/harness.go:1099.17,1100.13 1 0
github.com/jef/moltenhub-code/internal/harness/harness.go:1106.42,1109.2 2 17
github.com/jef/moltenhub-code/internal/harness/harness.go:1111.42,1117.2 1 20
github.com/jef/moltenhub-code/internal/harness/harness.go:1119.34,1121.2 1 21
github.com/jef/moltenhub-code/internal/harness/harness.go:1123.42,1125.2 1 2
github.com/jef/moltenhub-code/internal/harness/harness.go:1127.32,1129.2 1 23
github.com/jef/moltenhub-code/internal/harness/harness.go:1131.68,1133.2 1 15
github.com/jef/moltenhub-code/internal/harness/harness.go:1135.74,1140.2 1 46
github.com/jef/moltenhub-code/internal/harness/harness.go:1142.59,1148.2 1 9
github.com/jef/moltenhub-code/internal/harness/harness.go:1150.75,1155.2 1 3
github.com/jef/moltenhub-code/internal/harness/harness.go:1157.53,1159.2 1 64
github.com/jef/moltenhub-code/internal/harness/harness.go:1161.47,1166.2 4 71
github.com/jef/moltenhub-code/internal/harness/harness.go:1168.58,1174.2 1 32
github.com/jef/moltenhub-code/internal/harness/harness.go:1176.59,1178.2 1 19
github.com/jef/moltenhub-code/internal/harness/harness.go:1180.92,1182.27 2 48
github.com/jef/moltenhub-code/internal/harness/harness.go:1182.27,1184.3 1 8
github.com/jef/moltenhub-code/internal/harness/harness.go:1185.2,1185.44 1 48
github.com/jef/moltenhub-code/internal/harness/harness.go:1185.44,1187.22 2 4
github.com/jef/moltenhub-code/internal/harness/harness.go:1187.22,1188.12 1 0
github.com/jef/moltenhub-code/internal/harness/harness.go:1190.3,1190.44 1 4
github.com/jef/moltenhub-code/internal/harness/harness.go:1193.2,1198.3 1 48
github.com/jef/moltenhub-code/internal/harness/harness.go:1201.78,1203.26 2 20
github.com/jef/moltenhub-code/internal/harness/harness.go:1203.26,1205.3 1 17
github.com/jef/moltenhub-code/internal/harness/harness.go:1206.2,1206.21 1 3
github.com/jef/moltenhub-code/internal/harness/harness.go:1206.21,1208.3 1 0
github.com/jef/moltenhub-code/internal/harness/harness.go:1210.2,1211.39 2 3
github.com/jef/moltenhub-code/internal/harness/harness.go:1211.39,1213.22 2 3
github.com/jef/moltenhub-code/internal/harness/harness.go:1213.22,1214.12 1 0
github.com/jef/moltenhub-code/internal/harness/harness.go:1217.3,1218.17 2 3
github.com/jef/moltenhub-code/internal/harness/harness.go:1218.17,1220.4 1 1
github.com/jef/moltenhub-code/internal/harness/harness.go:1221.3,1221.17 1 2
github.com/jef/moltenhub-code/internal/harness/harness.go:1221.17,1223.4 1 0
github.com/jef/moltenhub-code/internal/harness/harness.go:1225.3,1226.85 1 2
github.com/jef/moltenhub-code/internal/harness/harness.go:1226.85,1228.12 2 2
github.com/jef/moltenhub-code/internal/harness/harness.go:1231.3,1231.33 1 0
github.com/jef/moltenhub-code/internal/harness/harness.go:1233.2,1233.18 1 2
github.com/jef/moltenhub-code/internal/harness/harness.go:1236.93,1237.22 1 19
github.com/jef/moltenhub-code/internal/harness/harness.go:1237.22,1239.3 1 17
github.com/jef/moltenhub-code/internal/harness/harness.go:1241.2,1242.48 2 2
github.com/jef/moltenhub-code/internal/harness/harness.go:1242.48,1244.3 1 0
github.com/jef/moltenhub-code/internal/harness/harness.go:1246.2,1247.31 2 2
github.com/jef/moltenhub-code/internal/harness/harness.go:1247.31,1249.17 2 2
github.com/jef/moltenhub-code/internal/harness/harness.go:1249.17,1251.4 1 0
github.com/jef/moltenhub-code/internal/harness/harness.go:1252.3,1253.56 2 2
github.com/jef/moltenhub-code/internal/harness/harness.go:1253.56,1255.4 1 0
github.com/jef/moltenhub-code/internal/harness/harness.go:1256.3,1256.30 1 2
github.com/jef/moltenhub-code/internal/harness/harness.go:1258.2,1258.19 1 2
github.com/jef/moltenhub-code/internal/harness/harness.go:1261.70,1263.16 2 2
github.com/jef/moltenhub-code/internal/harness/harness.go:1263.16,1265.43 2 2
github.com/jef/moltenhub-code/internal/harness/harness.go:1265.43,1267.4 1 2
github.com/jef/moltenhub-code/internal/harness/harness.go:1269.2,1269.16 1 2
github.com/jef/moltenhub-code/internal/harness/harness.go:1269.16,1271.3 1 0
github.com/jef/moltenhub-code/internal/harness/harness.go:1273.2,1275.42 3 2
github.com/jef/moltenhub-code/internal/harness/harness.go:1275.42,1276.55 1 28
github.com/jef/moltenhub-code/internal/harness/harness.go:1276.55,1279.12 3 26
github.com/jef/moltenhub-code/internal/harness/harness.go:1281.3,1281.30 1 2
github.com/jef/moltenhub-code/internal/harness/harness.go:1281.30,1284.4 2 2
github.com/jef/moltenhub-code/internal/harness/harness.go:1286.2,1287.16 2 2
github.com/jef/moltenhub-code/internal/harness/harness.go:1287.16,1289.3 1 0
github.com/jef/moltenhub-code/internal/harness/harness.go:1290.2,1290.87 1 2
github.com/jef/moltenhub-code/internal/harness/harness.go:1293.52,1294.55 1 9
github.com/jef/moltenhub-code/internal/harness/harness.go:1295.33,1296.16 1 2
github.com/jef/moltenhub-code/internal/harness/harness.go:1297.19,1298.16 1 1
github.com/jef/moltenhub-code/internal/harness/harness.go:1299.20,1300.17 1 1
github.com/jef/moltenhub-code/internal/harness/harness.go:1301.23,1302.16 1 4
github.com/jef/moltenhub-code/internal/harness/harness.go:1303.10,1304.16 1 1
github.com/jef/moltenhub-code/internal/harness/harness.go:1308.50,1310.2 1 46
github.com/jef/moltenhub-code/internal/harness/harness.go:1312.47,1314.2 1 38
github.com/jef/moltenhub-code/internal/harness/harness.go:1316.55,1318.2 1 38
github.com/jef/moltenhub-code/internal/harness/harness.go:1320.56,1322.2 1 40
github.com/jef/moltenhub-code/internal/harness/harness.go:1324.62,1326.2 1 3
github.com/jef/moltenhub-code/internal/harness/harness.go:1328.86,1336.35 2 25
github.com/jef/moltenhub-code/internal/harness/harness.go:1336.35,1337.37 1 50
github.com/jef/moltenhub-code/internal/harness/harness.go:1337.37,1338.12 1 25
github.com/jef/moltenhub-code/internal/harness/harness.go:1340.3,1340.40 1 25
github.com/jef/moltenhub-code/internal/harness/harness.go:1342.2,1342.41 1 25
github.com/jef/moltenhub-code/internal/harness/harness.go:1342.41,1343.40 1 38
github.com/jef/moltenhub-code/internal/harness/harness.go:1343.40,1344.12 1 13
github.com/jef/moltenhub-code/internal/harness/harness.go:1346.3,1346.46 1 25
github.com/jef/moltenhub-code/internal/harness/harness.go:1348.2,1348.60 1 25
github.com/jef/moltenhub-code/internal/harness/harness.go:1351.97,1358.35 2 3
github.com/jef/moltenhub-code/internal/harness/harness.go:1358.35,1359.37 1 6
github.com/jef/moltenhub-code/internal/harness/harness.go:1359.37,1360.12 1 3
github.com/jef/moltenhub-code/internal/harness/harness.go:1362.3,1362.40 1 3
github.com/jef/moltenhub-code/internal/harness/harness.go:1364.2,1364.41 1 3
github.com/jef/moltenhub-code/internal/harness/harness.go:1364.41,1365.40 1 5
github.com/jef/moltenhub-code/internal/harness/harness.go:1365.40,1366.12 1 2
github.com/jef/moltenhub-code/internal/harness/harness.go:1368.3,1368.46 1 3
github.com/jef/moltenhub-code/internal/harness/harness.go:1370.2,1370.60 1 3
github.com/jef/moltenhub-code/internal/harness/harness.go:1373.66,1379.2 1 9
github.com/jef/moltenhub-code/internal/harness/harness.go:1381.59,1392.2 1 79
github.com/jef/moltenhub-code/internal/harness/harness.go:1394.62,1404.2 1 3
github.com/jef/moltenhub-code/internal/harness/harness.go:1406.68,1412.2 1 5
github.com/jef/moltenhub-code/internal/harness/harness.go:1414.53,1416.16 2 52
github.com/jef/moltenhub-code/internal/harness/harness.go:1416.16,1418.3 1 0
github.com/jef/moltenhub-code/internal/harness/harness.go:1420.2,1438.95 1 52
github.com/jef/moltenhub-code/internal/harness/harness.go:1441.84,1450.2 1 6
github.com/jef/moltenhub-code/internal/harness/harness.go:1452.126,1453.16 1 5
github.com/jef/moltenhub-code/internal/harness/harness.go:1453.16,1455.3 1 3
github.com/jef/moltenhub-code/internal/harness/harness.go:1456.2,1465.3 1 2
github.com/jef/moltenhub-code/internal/harness/harness.go:1468.52,1470.16 2 24
github.com/jef/moltenhub-code/internal/harness/harness.go:1470.16,1472.3 1 0
github.com/jef/moltenhub-code/internal/harness/harness.go:1473.2,1473.39 1 24
github.com/jef/moltenhub-code/internal/harness/harness.go:1473.39,1475.3 1 24
github.com/jef/moltenhub-code/internal/harness/harness.go:1476.2,1476.74 1 0
github.com/jef/moltenhub-code/internal/harness/harness.go:1479.64,1481.16 2 6
github.com/jef/moltenhub-code/internal/harness/harness.go:1481.16,1483.3 1 0
github.com/jef/moltenhub-code/internal/harness/harness.go:1484.2,1484.61 1 6
github.com/jef/moltenhub-code/internal/hubui/broker.go:137.26,147.2 1 55
github.com/jef/moltenhub-code/internal/hubui/broker.go:150.41,151.14 1 53
github.com/jef/moltenhub-code/internal/hubui/broker.go:151.14,153.3 1 0
github.com/jef/moltenhub-code/internal/hubui/broker.go:154.2,155.16 2 53
github.com/jef/moltenhub-code/internal/hubui/broker.go:155.16,157.3 1 0
github.com/jef/moltenhub-code/internal/hubui/broker.go:159.2,177.21 9 53
github.com/jef/moltenhub-code/internal/hubui/broker.go:177.21,180.3 2 45
github.com/jef/moltenhub-code/internal/hubui/broker.go:181.2,184.29 3 53
github.com/jef/moltenhub-code/internal/hubui/broker.go:188.38,189.14 1 32
github.com/jef/moltenhub-code/internal/hubui/broker.go:189.14,191.3 1 0
github.com/jef/moltenhub-code/internal/hubui/broker.go:193.2,213.28 7 32
github.com/jef/moltenhub-code/internal/hubui/broker.go:213.28,215.3 1 27
github.com/jef/moltenhub-code/internal/hubui/broker.go:216.2,216.40 1 32
github.com/jef/moltenhub-code/internal/hubui/broker.go:216.40,217.51 1 7
github.com/jef/moltenhub-code/internal/hubui/broker.go:217.51,219.4 1 0
github.com/jef/moltenhub-code/internal/hubui/broker.go:220.3,220.54 1 7
github.com/jef/moltenhub-code/internal/hubui/broker.go:223.2,224.26 2 32
github.com/jef/moltenhub-code/internal/hubui/broker.go:224.26,245.3 2 27
github.com/jef/moltenhub-code/internal/hubui/broker.go:247.2,247.17 1 32
github.com/jef/moltenhub-code/internal/hubui/broker.go:251.78,252.14 1 10
github.com/jef/moltenhub-code/internal/hubui/broker.go:252.14,254.3 1 0
github.com/jef/moltenhub-code/internal/hubui/broker.go:255.2,257.48 3 10
github.com/jef/moltenhub-code/internal/hubui/broker.go:257.48,259.3 1 0
github.com/jef/moltenhub-code/internal/hubui/broker.go:260.2,268.85 7 10
github.com/jef/moltenhub-code/internal/hubui/broker.go:268.85,271.3 2 10
github.com/jef/moltenhub-code/internal/hubui/broker.go:272.2,272.18 1 10
github.com/jef/moltenhub-code/internal/hubui/broker.go:272.18,273.60 1 10
github.com/jef/moltenhub-code/internal/hubui/broker.go:273.60,276.4 2 1
github.com/jef/moltenhub-code/internal/hubui/broker.go:278.2,278.18 1 10
github.com/jef/moltenhub-code/internal/hubui/broker.go:278.18,279.60 1 4
github.com/jef/moltenhub-code/internal/hubui/broker.go:279.60,282.4 2 1
github.com/jef/moltenhub-code/internal/hubui/broker.go:284.2,284.13 1 10
github.com/jef/moltenhub-code/internal/hubui/broker.go:284.13,286.3 1 10
github.com/jef/moltenhub-code/internal/hubui/broker.go:290.65,291.14 1 8
github.com/jef/moltenhub-code/internal/hubui/broker.go:291.14,293.3 1 0
github.com/jef/moltenhub-code/internal/hubui/broker.go:294.2,295.21 2 8
github.com/jef/moltenhub-code/internal/hubui/broker.go:295.21,297.3 1 0
github.com/jef/moltenhub-code/internal/hubui/broker.go:299.2,303.36 4 8
github.com/jef/moltenhub-code/internal/hubui/broker.go:303.36,305.3 1 4
github.com/jef/moltenhub-code/internal/hubui/broker.go:306.2,306.52 1 4
github.com/jef/moltenhub-code/internal/hubui/broker.go:310.52,311.14 1 7
github.com/jef/moltenhub-code/internal/hubui/broker.go:311.14,313.3 1 0
github.com/jef/moltenhub-code/internal/hubui/broker.go:314.2,315.21 2 7
github.com/jef/moltenhub-code/internal/hubui/broker.go:315.21,317.3 1 0
github.com/jef/moltenhub-code/internal/hubui/broker.go:319.2,323.9 4 7
github.com/jef/moltenhub-code/internal/hubui/broker.go:323.9,325.3 1 2
github.com/jef/moltenhub-code/internal/hubui/broker.go:326.2,326.41 1 5
github.com/jef/moltenhub-code/internal/hubui/broker.go:326.41,328.3 1 2
github.com/jef/moltenhub-code/internal/hubui/broker.go:330.2,333.12 4 3
github.com/jef/moltenhub-code/internal/hubui/broker.go:336.57,337.22 1 85
github.com/jef/moltenhub-code/internal/hubui/broker.go:337.22,339.3 1 0
github.com/jef/moltenhub-code/internal/hubui/broker.go:340.2,340.39 1 85
github.com/jef/moltenhub-code/internal/hubui/broker.go:340.39,341.41 1 53
github.com/jef/moltenhub-code/internal/hubui/broker.go:341.41,342.12 1 52
github.com/jef/moltenhub-code/internal/hubui/broker.go:344.3,345.34 2 1
github.com/jef/moltenhub-code/internal/hubui/broker.go:349.76,350.60 1 53
github.com/jef/moltenhub-code/internal/hubui/broker.go:350.60,352.3 1 49
github.com/jef/moltenhub-code/internal/hubui/broker.go:353.2,353.75 1 4
github.com/jef/moltenhub-code/internal/hubui/broker.go:357.56,358.14 1 2
github.com/jef/moltenhub-code/internal/hubui/broker.go:358.14,361.21 3 0
github.com/jef/moltenhub-code/internal/hubui/broker.go:361.22,361.23 0 0
github.com/jef/moltenhub-code/internal/hubui/broker.go:364.2,369.19 5 2
github.com/jef/moltenhub-code/internal/hubui/broker.go:369.19,371.30 2 2
github.com/jef/moltenhub-code/internal/hubui/broker.go:371.30,374.4 2 2
github.com/jef/moltenhub-code/internal/hubui/broker.go:375.3,375.16 1 2
github.com/jef/moltenhub-code/internal/hubui/broker.go:378.2,378.19 1 2
github.com/jef/moltenhub-code/internal/hubui/broker.go:381.79,382.44 1 45
github.com/jef/moltenhub-code/internal/hubui/broker.go:382.44,383.28 1 15
github.com/jef/moltenhub-code/internal/hubui/broker.go:383.28,385.4 1 13
github.com/jef/moltenhub-code/internal/hubui/broker.go:386.3,386.28 1 15
github.com/jef/moltenhub-code/internal/hubui/broker.go:386.28,388.4 1 15
github.com/jef/moltenhub-code/internal/hubui/broker.go:389.3,390.18 2 15
github.com/jef/moltenhub-code/internal/hubui/broker.go:393.2,402.10 3 30
github.com/jef/moltenhub-code/internal/hubui/broker.go:405.111,408.54 2 45
github.com/jef/moltenhub-code/internal/hubui/broker.go:408.54,412.23 4 24
github.com/jef/moltenhub-code/internal/hubui/broker.go:412.23,414.4 1 6
github.com/jef/moltenhub-code/internal/hubui/broker.go:414.9,416.4 1 18
github.com/jef/moltenhub-code/internal/hubui/broker.go:419.2,419.51 1 45
github.com/jef/moltenhub-code/internal/hubui/broker.go:419.51,424.3 4 4
github.com/jef/moltenhub-code/internal/hubui/broker.go:426.2,426.59 1 45
github.com/jef/moltenhub-code/internal/hubui/broker.go:426.59,430.3 3 0
github.com/jef/moltenhub-code/internal/hubui/broker.go:432.2,432.55 1 45
github.com/jef/moltenhub-code/internal/hubui/broker.go:432.55,436.3 3 1
github.com/jef/moltenhub-code/internal/hubui/broker.go:438.2,438.56 1 45
github.com/jef/moltenhub-code/internal/hubui/broker.go:438.56,439.70 1 1
github.com/jef/moltenhub-code/internal/hubui/broker.go:439.70,441.4 1 1
github.com/jef/moltenhub-code/internal/hubui/broker.go:442.3,443.61 2 1
github.com/jef/moltenhub-code/internal/hubui/broker.go:446.2,446.56 1 45
github.com/jef/moltenhub-code/internal/hubui/broker.go:446.56,448.57 2 2
github.com/jef/moltenhub-code/internal/hubui/broker.go:448.57,450.4 1 0
github.com/jef/moltenhub-code/internal/hubui/broker.go:451.3,455.39 5 2
github.com/jef/moltenhub-code/internal/hubui/broker.go:455.39,457.4 1 0
github.com/jef/moltenhub-code/internal/hubui/broker.go:460.2,460.54 1 45
github.com/jef/moltenhub-code/internal/hubui/broker.go:460.54,462.57 2 5
github.com/jef/moltenhub-code/internal/hubui/broker.go:462.57,464.4 1 4
github.com/jef/moltenhub-code/internal/hubui/broker.go:465.3,468.97 4 5
github.com/jef/moltenhub-code/internal/hubui/broker.go:471.2,471.56 1 45
github.com/jef/moltenhub-code/internal/hubui/broker.go:471.56,474.3 2 0
github.com/jef/moltenhub-code/internal/hubui/broker.go:476.2,476.58 1 45
github.com/jef/moltenhub-code/internal/hubui/broker.go:476.58,477.73 1 1
github.com/jef/moltenhub-code/internal/hubui/broker.go:477.73,482.21 5 1
github.com/jef/moltenhub-code/internal/hubui/broker.go:482.21,484.65 2 1
[...]
github.com/jef/moltenhub-code/cmd/harness/task_control.go:112.41,113.14 1 5
github.com/jef/moltenhub-code/cmd/harness/task_control.go:113.14,115.3 1 0
github.com/jef/moltenhub-code/cmd/harness/task_control.go:117.2,119.9 3 5
github.com/jef/moltenhub-code/cmd/harness/task_control.go:120.17,122.47 2 1
github.com/jef/moltenhub-code/cmd/harness/task_control.go:123.17,125.68 2 1
github.com/jef/moltenhub-code/cmd/harness/task_control.go:126.16,128.46 2 1
github.com/jef/moltenhub-code/cmd/harness/task_control.go:129.10,133.16 4 2
github.com/jef/moltenhub-code/cmd/harness/task_control.go:135.2,135.26 1 2
github.com/jef/moltenhub-code/cmd/harness/task_control.go:135.26,137.3 1 0
github.com/jef/moltenhub-code/cmd/harness/task_control.go:138.2,138.12 1 2
github.com/jef/moltenhub-code/cmd/harness/task_control.go:141.39,142.14 1 5
github.com/jef/moltenhub-code/cmd/harness/task_control.go:142.14,144.3 1 0
github.com/jef/moltenhub-code/cmd/harness/task_control.go:146.2,148.9 3 5
github.com/jef/moltenhub-code/cmd/harness/task_control.go:149.17,151.47 2 1
github.com/jef/moltenhub-code/cmd/harness/task_control.go:152.17,154.42 2 2
github.com/jef/moltenhub-code/cmd/harness/task_control.go:155.10,159.16 4 2
github.com/jef/moltenhub-code/cmd/harness/task_control.go:162.2,162.22 1 2
github.com/jef/moltenhub-code/cmd/harness/task_control.go:162.22,164.3 1 2
github.com/jef/moltenhub-code/cmd/harness/task_control.go:165.2,165.12 1 2
github.com/jef/moltenhub-code/cmd/harness/task_control.go:168.39,169.14 1 4
github.com/jef/moltenhub-code/cmd/harness/task_control.go:169.14,171.3 1 0
github.com/jef/moltenhub-code/cmd/harness/task_control.go:173.2,179.15 3 4
github.com/jef/moltenhub-code/cmd/harness/task_control.go:179.15,182.3 2 1
github.com/jef/moltenhub-code/cmd/harness/task_control.go:183.2,192.22 9 3
github.com/jef/moltenhub-code/cmd/harness/task_control.go:192.22,194.3 1 1
github.com/jef/moltenhub-code/cmd/harness/task_control.go:195.2,195.26 1 3
github.com/jef/moltenhub-code/cmd/harness/task_control.go:195.26,197.3 1 0
github.com/jef/moltenhub-code/cmd/harness/task_control.go:198.2,198.19 1 3
github.com/jef/moltenhub-code/cmd/harness/task_control.go:198.19,200.3 1 1
github.com/jef/moltenhub-code/cmd/harness/task_control.go:201.2,201.13 1 3
github.com/jef/moltenhub-code/cmd/harness/task_control.go:204.71,205.14 1 3
github.com/jef/moltenhub-code/cmd/harness/task_control.go:205.14,206.20 1 1
github.com/jef/moltenhub-code/cmd/harness/task_control.go:206.20,208.4 1 1
github.com/jef/moltenhub-code/cmd/harness/task_control.go:209.3,209.9 1 1
github.com/jef/moltenhub-code/cmd/harness/task_control.go:212.2,214.15 3 2
github.com/jef/moltenhub-code/cmd/harness/task_control.go:214.15,216.3 1 1
github.com/jef/moltenhub-code/cmd/harness/task_control.go:216.8,218.3 1 1
github.com/jef/moltenhub-code/cmd/harness/task_control.go:219.2,220.35 2 2
github.com/jef/moltenhub-code/cmd/harness/task_control.go:220.35,222.3 1 1
github.com/jef/moltenhub-code/cmd/harness/task_control.go:225.73,226.14 1 2
github.com/jef/moltenhub-code/cmd/harness/task_control.go:226.14,228.3 1 0
github.com/jef/moltenhub-code/cmd/harness/task_control.go:229.2,230.19 2 2
github.com/jef/moltenhub-code/cmd/harness/task_control.go:230.19,232.3 1 1
github.com/jef/moltenhub-code/cmd/harness/task_control.go:233.2,233.15 1 2
github.com/jef/moltenhub-code/cmd/harness/task_control.go:236.52,237.14 1 1
github.com/jef/moltenhub-code/cmd/harness/task_control.go:237.14,239.3 1 0
github.com/jef/moltenhub-code/cmd/harness/task_control.go:240.2,242.15 3 1
github.com/jef/moltenhub-code/cmd/harness/task_control.go:245.72,246.14 1 3
github.com/jef/moltenhub-code/cmd/harness/task_control.go:246.14,248.3 1 0
github.com/jef/moltenhub-code/cmd/harness/task_control.go:250.2,250.6 1 3
github.com/jef/moltenhub-code/cmd/harness/task_control.go:250.6,252.16 2 4
github.com/jef/moltenhub-code/cmd/harness/task_control.go:252.16,255.4 2 1
github.com/jef/moltenhub-code/cmd/harness/task_control.go:256.3,256.16 1 3
github.com/jef/moltenhub-code/cmd/harness/task_control.go:256.16,259.4 2 1
github.com/jef/moltenhub-code/cmd/harness/task_control.go:260.3,261.20 2 2
github.com/jef/moltenhub-code/cmd/harness/task_control.go:261.20,264.4 2 0
github.com/jef/moltenhub-code/cmd/harness/task_control.go:265.3,267.10 2 2
github.com/jef/moltenhub-code/cmd/harness/task_control.go:268.21,269.20 1 1
github.com/jef/moltenhub-code/cmd/harness/task_control.go:270.17,270.17 0 1
github.com/jef/moltenhub-code/cmd/harness/task_control.go:275.43,276.14 1 1
github.com/jef/moltenhub-code/cmd/harness/task_control.go:276.14,278.3 1 0
github.com/jef/moltenhub-code/cmd/harness/task_control.go:279.2,281.17 3 1
github.com/jef/moltenhub-code/cmd/harness/task_control.go:284.44,285.14 1 1
github.com/jef/moltenhub-code/cmd/harness/task_control.go:285.14,287.3 1 0
github.com/jef/moltenhub-code/cmd/harness/task_control.go:288.2,290.18 3 1
github.com/jef/moltenhub-code/cmd/harness/terminal_log_mirror.go:33.56,35.16 2 5
github.com/jef/moltenhub-code/cmd/harness/terminal_log_mirror.go:35.16,37.3 1 0
github.com/jef/moltenhub-code/cmd/harness/terminal_log_mirror.go:38.2,38.62 1 5
github.com/jef/moltenhub-code/cmd/harness/terminal_log_mirror.go:41.63,43.16 2 9
github.com/jef/moltenhub-code/cmd/harness/terminal_log_mirror.go:43.16,45.3 1 0
github.com/jef/moltenhub-code/cmd/harness/terminal_log_mirror.go:46.2,46.19 1 9
github.com/jef/moltenhub-code/cmd/harness/terminal_log_mirror.go:46.19,48.3 1 0
github.com/jef/moltenhub-code/cmd/harness/terminal_log_mirror.go:49.2,49.46 1 9
github.com/jef/moltenhub-code/cmd/harness/terminal_log_mirror.go:49.46,51.3 1 1
github.com/jef/moltenhub-code/cmd/harness/terminal_log_mirror.go:53.2,55.16 3 8
github.com/jef/moltenhub-code/cmd/harness/terminal_log_mirror.go:55.16,57.3 1 0
github.com/jef/moltenhub-code/cmd/harness/terminal_log_mirror.go:59.2,63.8 1 8
github.com/jef/moltenhub-code/cmd/harness/terminal_log_mirror.go:66.41,68.19 2 11
github.com/jef/moltenhub-code/cmd/harness/terminal_log_mirror.go:68.19,70.3 1 1
github.com/jef/moltenhub-code/cmd/harness/terminal_log_mirror.go:71.2,71.48 1 10
github.com/jef/moltenhub-code/cmd/harness/terminal_log_mirror.go:71.48,73.3 1 2
github.com/jef/moltenhub-code/cmd/harness/terminal_log_mirror.go:74.2,74.46 1 8
github.com/jef/moltenhub-code/cmd/harness/terminal_log_mirror.go:74.46,76.3 1 0
github.com/jef/moltenhub-code/cmd/harness/terminal_log_mirror.go:77.2,77.36 1 8
github.com/jef/moltenhub-code/cmd/harness/terminal_log_mirror.go:80.48,81.14 1 168
github.com/jef/moltenhub-code/cmd/harness/terminal_log_mirror.go:81.14,83.3 1 1
github.com/jef/moltenhub-code/cmd/harness/terminal_log_mirror.go:84.2,85.38 2 167
github.com/jef/moltenhub-code/cmd/harness/terminal_log_mirror.go:85.38,87.3 1 0
github.com/jef/moltenhub-code/cmd/harness/terminal_log_mirror.go:89.2,92.24 3 167
github.com/jef/moltenhub-code/cmd/harness/terminal_log_mirror.go:92.24,94.3 1 167
github.com/jef/moltenhub-code/cmd/harness/terminal_log_mirror.go:96.2,97.16 2 167
github.com/jef/moltenhub-code/cmd/harness/terminal_log_mirror.go:97.16,99.3 1 0
github.com/jef/moltenhub-code/cmd/harness/terminal_log_mirror.go:100.2,100.45 1 167
github.com/jef/moltenhub-code/cmd/harness/terminal_log_mirror.go:103.39,104.14 1 9
github.com/jef/moltenhub-code/cmd/harness/terminal_log_mirror.go:104.14,106.3 1 1
github.com/jef/moltenhub-code/cmd/harness/terminal_log_mirror.go:108.2,112.24 4 8
github.com/jef/moltenhub-code/cmd/harness/terminal_log_mirror.go:112.24,113.64 1 8
github.com/jef/moltenhub-code/cmd/harness/terminal_log_mirror.go:113.64,115.4 1 0
github.com/jef/moltenhub-code/cmd/harness/terminal_log_mirror.go:116.3,116.20 1 8
github.com/jef/moltenhub-code/cmd/harness/terminal_log_mirror.go:118.2,118.39 1 8
github.com/jef/moltenhub-code/cmd/harness/terminal_log_mirror.go:118.39,119.61 1 137
github.com/jef/moltenhub-code/cmd/harness/terminal_log_mirror.go:119.61,121.4 1 0
github.com/jef/moltenhub-code/cmd/harness/terminal_log_mirror.go:123.2,126.17 3 8
github.com/jef/moltenhub-code/cmd/harness/terminal_log_mirror.go:129.76,131.16 2 167
github.com/jef/moltenhub-code/cmd/harness/terminal_log_mirror.go:131.16,133.3 1 0
github.com/jef/moltenhub-code/cmd/harness/terminal_log_mirror.go:134.2,134.60 1 167
github.com/jef/moltenhub-code/cmd/harness/terminal_log_mirror.go:134.60,136.3 1 14
github.com/jef/moltenhub-code/cmd/harness/terminal_log_mirror.go:137.2,137.24 1 153
github.com/jef/moltenhub-code/cmd/harness/terminal_log_mirror.go:137.24,139.3 1 0
github.com/jef/moltenhub-code/cmd/harness/terminal_log_mirror.go:140.2,140.45 1 153
github.com/jef/moltenhub-code/cmd/harness/terminal_log_mirror.go:140.45,142.3 1 16
github.com/jef/moltenhub-code/cmd/harness/terminal_log_mirror.go:144.2,145.16 2 153
github.com/jef/moltenhub-code/cmd/harness/terminal_log_mirror.go:145.16,147.3 1 0
github.com/jef/moltenhub-code/cmd/harness/terminal_log_mirror.go:148.2,150.22 3 153
github.com/jef/moltenhub-code/cmd/harness/terminal_log_mirror.go:153.53,154.31 1 17
github.com/jef/moltenhub-code/cmd/harness/terminal_log_mirror.go:154.31,156.3 1 1
github.com/jef/moltenhub-code/cmd/harness/terminal_log_mirror.go:157.2,161.21 5 16
github.com/jef/moltenhub-code/cmd/harness/terminal_log_mirror.go:161.21,163.3 1 16
github.com/jef/moltenhub-code/cmd/harness/terminal_log_mirror.go:166.78,168.18 2 168
github.com/jef/moltenhub-code/cmd/harness/terminal_log_mirror.go:168.18,170.3 1 1
github.com/jef/moltenhub-code/cmd/harness/terminal_log_mirror.go:172.2,173.52 2 168
github.com/jef/moltenhub-code/cmd/harness/terminal_log_mirror.go:173.52,175.3 1 0
github.com/jef/moltenhub-code/cmd/harness/terminal_log_mirror.go:177.2,177.49 1 168
github.com/jef/moltenhub-code/cmd/harness/terminal_log_mirror.go:180.47,183.62 2 172
github.com/jef/moltenhub-code/cmd/harness/terminal_log_mirror.go:183.62,185.3 1 149
github.com/jef/moltenhub-code/cmd/harness/terminal_log_mirror.go:186.2,186.59 1 23
github.com/jef/moltenhub-code/cmd/harness/terminal_log_mirror.go:186.59,188.3 1 8
github.com/jef/moltenhub-code/cmd/harness/terminal_log_mirror.go:189.2,189.26 1 15
github.com/jef/moltenhub-code/cmd/harness/terminal_log_mirror.go:192.49,194.14 2 202
github.com/jef/moltenhub-code/cmd/harness/terminal_log_mirror.go:194.14,196.3 1 39
github.com/jef/moltenhub-code/cmd/harness/terminal_log_mirror.go:198.2,200.35 3 163
github.com/jef/moltenhub-code/cmd/harness/terminal_log_mirror.go:200.35,202.17 2 334
github.com/jef/moltenhub-code/cmd/harness/terminal_log_mirror.go:202.17,203.12 1 1
github.com/jef/moltenhub-code/cmd/harness/terminal_log_mirror.go:205.3,205.30 1 333
github.com/jef/moltenhub-code/cmd/harness/terminal_log_mirror.go:207.2,207.21 1 163
github.com/jef/moltenhub-code/cmd/harness/terminal_log_mirror.go:207.21,209.3 1 1
github.com/jef/moltenhub-code/cmd/harness/terminal_log_mirror.go:210.2,210.38 1 162
github.com/jef/moltenhub-code/cmd/harness/terminal_log_mirror.go:213.46,215.16 2 335
github.com/jef/moltenhub-code/cmd/harness/terminal_log_mirror.go:215.16,217.3 1 0
github.com/jef/moltenhub-code/cmd/harness/terminal_log_mirror.go:219.2,221.33 3 335
github.com/jef/moltenhub-code/cmd/harness/terminal_log_mirror.go:221.33,223.10 2 1113
github.com/jef/moltenhub-code/cmd/harness/terminal_log_mirror.go:224.31,226.25 2 523
github.com/jef/moltenhub-code/cmd/harness/terminal_log_mirror.go:227.31,229.25 2 0
github.com/jef/moltenhub-code/cmd/harness/terminal_log_mirror.go:230.31,232.25 2 577
github.com/jef/moltenhub-code/cmd/harness/terminal_log_mirror.go:233.31,234.37 1 4
github.com/jef/moltenhub-code/cmd/harness/terminal_log_mirror.go:234.37,237.5 2 2
github.com/jef/moltenhub-code/cmd/harness/terminal_log_mirror.go:238.11,239.37 1 9
github.com/jef/moltenhub-code/cmd/harness/terminal_log_mirror.go:239.37,242.5 2 3
github.com/jef/moltenhub-code/cmd/harness/terminal_log_mirror.go:246.2,246.38 1 335
github.com/jef/moltenhub-code/cmd/harness/terminal_logger.go:35.49,38.16 3 4
github.com/jef/moltenhub-code/cmd/harness/terminal_logger.go:38.16,41.3 2 0
github.com/jef/moltenhub-code/cmd/harness/terminal_logger.go:42.2,43.15 2 4
github.com/jef/moltenhub-code/cmd/harness/terminal_logger.go:46.65,51.2 1 10
github.com/jef/moltenhub-code/cmd/harness/terminal_logger.go:53.38,54.14 1 6
github.com/jef/moltenhub-code/cmd/harness/terminal_logger.go:54.14,56.3 1 1
github.com/jef/moltenhub-code/cmd/harness/terminal_logger.go:57.2,58.16 2 5
github.com/jef/moltenhub-code/cmd/harness/terminal_logger.go:58.16,60.3 1 0
github.com/jef/moltenhub-code/cmd/harness/terminal_logger.go:61.2,61.41 1 5
github.com/jef/moltenhub-code/cmd/harness/terminal_logger.go:64.61,65.14 1 8
github.com/jef/moltenhub-code/cmd/harness/terminal_logger.go:65.14,67.3 1 1
github.com/jef/moltenhub-code/cmd/harness/terminal_logger.go:68.2,68.39 1 7
github.com/jef/moltenhub-code/cmd/harness/terminal_logger.go:71.45,72.14 1 20
github.com/jef/moltenhub-code/cmd/harness/terminal_logger.go:72.14,74.3 1 1
github.com/jef/moltenhub-code/cmd/harness/terminal_logger.go:76.2,77.51 2 19
github.com/jef/moltenhub-code/cmd/harness/terminal_logger.go:77.51,79.3 1 0
github.com/jef/moltenhub-code/cmd/harness/terminal_logger.go:81.2,84.14 3 19
github.com/jef/moltenhub-code/cmd/harness/terminal_logger.go:85.31,86.12 1 2
github.com/jef/moltenhub-code/cmd/harness/terminal_logger.go:86.12,90.4 3 2
github.com/jef/moltenhub-code/cmd/harness/terminal_logger.go:91.3,93.30 3 0
github.com/jef/moltenhub-code/cmd/harness/terminal_logger.go:94.31,96.30 2 1
github.com/jef/moltenhub-code/cmd/harness/terminal_logger.go:97.10,100.30 3 16
github.com/jef/moltenhub-code/cmd/harness/terminal_logger.go:104.47,105.14 1 9
github.com/jef/moltenhub-code/cmd/harness/terminal_logger.go:105.14,107.3 1 1
github.com/jef/moltenhub-code/cmd/harness/terminal_logger.go:108.2,109.20 2 8
github.com/jef/moltenhub-code/cmd/harness/terminal_logger.go:109.20,111.3 1 1
github.com/jef/moltenhub-code/cmd/harness/terminal_logger.go:113.2,115.29 3 7
github.com/jef/moltenhub-code/cmd/harness/terminal_logger.go:118.34,119.14 1 8
github.com/jef/moltenhub-code/cmd/harness/terminal_logger.go:119.14,121.3 1 1
github.com/jef/moltenhub-code/cmd/harness/terminal_logger.go:122.2,124.22 3 7
github.com/jef/moltenhub-code/cmd/harness/terminal_logger.go:124.22,128.3 3 0
github.com/jef/moltenhub-code/cmd/harness/terminal_logger.go:129.2,129.19 1 7
github.com/jef/moltenhub-code/cmd/harness/terminal_logger.go:129.19,132.3 2 4
github.com/jef/moltenhub-code/cmd/harness/terminal_logger.go:135.55,136.19 1 27
github.com/jef/moltenhub-code/cmd/harness/terminal_logger.go:136.19,138.3 1 5
github.com/jef/moltenhub-code/cmd/harness/terminal_logger.go:139.2,139.24 1 22
github.com/jef/moltenhub-code/cmd/harness/terminal_logger.go:142.60,144.33 2 2
github.com/jef/moltenhub-code/cmd/harness/terminal_logger.go:144.33,146.3 1 0
github.com/jef/moltenhub-code/cmd/harness/terminal_logger.go:147.2,149.29 3 2
github.com/jef/moltenhub-code/cmd/harness/terminal_logger.go:152.48,153.23 1 17
github.com/jef/moltenhub-code/cmd/harness/terminal_logger.go:153.23,155.3 1 16
github.com/jef/moltenhub-code/cmd/harness/terminal_logger.go:156.2,156.11 1 1
github.com/jef/moltenhub-code/cmd/harness/terminal_logger.go:156.11,159.3 2 1
github.com/jef/moltenhub-code/cmd/harness/terminal_logger.go:160.2,161.21 2 1
github.com/jef/moltenhub-code/cmd/harness/terminal_logger.go:164.67,165.16 1 24
github.com/jef/moltenhub-code/cmd/harness/terminal_logger.go:165.16,167.3 1 0
github.com/jef/moltenhub-code/cmd/harness/terminal_logger.go:168.2,168.39 1 24
github.com/jef/moltenhub-code/cmd/harness/terminal_logger.go:168.39,170.3 1 1
github.com/jef/moltenhub-code/cmd/harness/terminal_logger.go:172.2,172.56 1 23
github.com/jef/moltenhub-code/cmd/harness/terminal_logger.go:172.56,174.3 1 3
github.com/jef/moltenhub-code/cmd/harness/terminal_logger.go:176.2,176.67 1 20
github.com/jef/moltenhub-code/cmd/harness/terminal_logger.go:176.67,177.11 1 3
github.com/jef/moltenhub-code/cmd/harness/terminal_logger.go:177.11,179.4 1 1
github.com/jef/moltenhub-code/cmd/harness/terminal_logger.go:180.3,180.40 1 2
github.com/jef/moltenhub-code/cmd/harness/terminal_logger.go:183.2,183.36 1 17
github.com/jef/moltenhub-code/cmd/harness/terminal_logger.go:186.59,187.89 1 23
github.com/jef/moltenhub-code/cmd/harness/terminal_logger.go:187.89,189.3 1 19
github.com/jef/moltenhub-code/cmd/harness/terminal_logger.go:191.2,192.65 2 4
github.com/jef/moltenhub-code/cmd/harness/terminal_logger.go:192.65,194.3 1 0
github.com/jef/moltenhub-code/cmd/harness/terminal_logger.go:195.2,195.59 1 4
github.com/jef/moltenhub-code/cmd/harness/terminal_logger.go:195.59,197.3 1 1
github.com/jef/moltenhub-code/cmd/harness/terminal_logger.go:199.2,200.19 2 3
github.com/jef/moltenhub-code/cmd/harness/terminal_logger.go:200.19,202.3 1 0
github.com/jef/moltenhub-code/cmd/harness/terminal_logger.go:203.2,203.59 1 3
github.com/jef/moltenhub-code/cmd/harness/terminal_logger.go:206.79,208.54 2 22
github.com/jef/moltenhub-code/cmd/harness/terminal_logger.go:208.54,210.3 1 17
github.com/jef/moltenhub-code/cmd/harness/terminal_logger.go:212.2,214.19 3 5
github.com/jef/moltenhub-code/cmd/harness/terminal_logger.go:214.19,216.3 1 0
github.com/jef/moltenhub-code/cmd/harness/terminal_logger.go:218.2,219.16 2 5
github.com/jef/moltenhub-code/cmd/harness/terminal_logger.go:219.16,221.3 1 1
github.com/jef/moltenhub-code/cmd/harness/terminal_logger.go:223.2,224.23 2 4
github.com/jef/moltenhub-code/cmd/harness/terminal_logger.go:224.23,226.3 1 1
github.com/jef/moltenhub-code/cmd/harness/terminal_logger.go:228.2,228.53 1 3
github.com/jef/moltenhub-code/cmd/harness/terminal_logger.go:228.53,230.3 1 1
github.com/jef/moltenhub-code/cmd/harness/terminal_logger.go:232.2,232.49 1 2
github.com/jef/moltenhub-code/cmd/harness/terminal_logger.go:232.49,234.3 1 0
github.com/jef/moltenhub-code/cmd/harness/terminal_logger.go:236.2,237.18 2 2
github.com/jef/moltenhub-code/cmd/harness/terminal_logger.go:237.18,239.3 1 0
github.com/jef/moltenhub-code/cmd/harness/terminal_logger.go:240.2,240.68 1 2
github.com/jef/moltenhub-code/cmd/harness/terminal_logger.go:243.77,246.41 3 3
github.com/jef/moltenhub-code/cmd/harness/terminal_logger.go:246.41,248.3 1 1
github.com/jef/moltenhub-code/cmd/harness/terminal_logger.go:249.2,249.43 1 2
github.com/jef/moltenhub-code/cmd/harness/terminal_logger.go:252.52,254.17 2 2
github.com/jef/moltenhub-code/cmd/harness/terminal_logger.go:254.17,256.3 1 0
github.com/jef/moltenhub-code/cmd/harness/terminal_logger.go:258.2,278.35 2 2
github.com/jef/moltenhub-code/cmd/harness/terminal_logger.go:278.35,279.39 1 19
github.com/jef/moltenhub-code/cmd/harness/terminal_logger.go:279.39,281.4 1 1
github.com/jef/moltenhub-code/cmd/harness/terminal_logger.go:283.2,283.14 1 1
github.com/jef/moltenhub-code/cmd/harness/terminal_logger.go:286.57,287.34 1 181
github.com/jef/moltenhub-code/cmd/harness/terminal_logger.go:287.34,289.3 1 2
github.com/jef/moltenhub-code/cmd/harness/terminal_logger.go:290.2,291.45 2 179
github.com/jef/moltenhub-code/cmd/harness/terminal_logger.go:291.45,293.13 2 662
github.com/jef/moltenhub-code/cmd/harness/terminal_logger.go:293.13,294.12 1 266
github.com/jef/moltenhub-code/cmd/harness/terminal_logger.go:296.3,296.37 1 396
github.com/jef/moltenhub-code/cmd/harness/terminal_logger.go:298.2,298.19 1 179
github.com/jef/moltenhub-code/cmd/harness/terminal_logger.go:298.19,300.3 1 0
github.com/jef/moltenhub-code/cmd/harness/terminal_logger.go:301.2,301.12 1 179
github.com/jef/moltenhub-code/cmd/harness/terminal_logger.go:304.50,305.15 1 2
github.com/jef/moltenhub-code/cmd/harness/terminal_logger.go:305.15,307.3 1 0
github.com/jef/moltenhub-code/cmd/harness/terminal_logger.go:309.2,312.29 4 2
github.com/jef/moltenhub-code/cmd/harness/terminal_logger.go:312.29,313.38 1 10
github.com/jef/moltenhub-code/cmd/harness/terminal_logger.go:313.38,314.12 1 2
github.com/jef/moltenhub-code/cmd/harness/terminal_logger.go:316.3,316.28 1 8
github.com/jef/moltenhub-code/cmd/harness/terminal_logger.go:318.2,318.51 1 2
