mode: set
github.com/jef/moltenhub-code/internal/agentruntime/runtime.go:63.64,66.9 3 1
github.com/jef/moltenhub-code/internal/agentruntime/runtime.go:66.9,72.3 1 1
github.com/jef/moltenhub-code/internal/agentruntime/runtime.go:74.2,75.19 2 1
github.com/jef/moltenhub-code/internal/agentruntime/runtime.go:75.19,77.3 1 1
github.com/jef/moltenhub-code/internal/agentruntime/runtime.go:79.2,83.8 1 1
github.com/jef/moltenhub-code/internal/agentruntime/runtime.go:87.24,94.2 2 1
github.com/jef/moltenhub-code/internal/agentruntime/runtime.go:97.36,99.31 2 1
github.com/jef/moltenhub-code/internal/agentruntime/runtime.go:99.31,101.3 1 1
github.com/jef/moltenhub-code/internal/agentruntime/runtime.go:102.2,103.13 2 1
github.com/jef/moltenhub-code/internal/agentruntime/runtime.go:107.41,109.54 2 1
github.com/jef/moltenhub-code/internal/agentruntime/runtime.go:109.54,111.3 1 1
github.com/jef/moltenhub-code/internal/agentruntime/runtime.go:112.2,112.44 1 1
github.com/jef/moltenhub-code/internal/agentruntime/runtime.go:116.43,118.2 1 1
github.com/jef/moltenhub-code/internal/agentruntime/runtime.go:121.51,123.2 1 1
github.com/jef/moltenhub-code/internal/agentruntime/runtime.go:126.97,128.9 2 1
github.com/jef/moltenhub-code/internal/agentruntime/runtime.go:128.9,130.3 1 1
github.com/jef/moltenhub-code/internal/agentruntime/runtime.go:132.2,133.16 2 1
github.com/jef/moltenhub-code/internal/agentruntime/runtime.go:133.16,135.3 1 1
github.com/jef/moltenhub-code/internal/agentruntime/runtime.go:136.2,137.20 2 1
github.com/jef/moltenhub-code/internal/agentruntime/runtime.go:137.20,139.3 1 1
github.com/jef/moltenhub-code/internal/agentruntime/runtime.go:140.2,140.17 1 1
github.com/jef/moltenhub-code/internal/agentruntime/runtime.go:143.46,145.22 2 1
github.com/jef/moltenhub-code/internal/agentruntime/runtime.go:145.22,147.3 1 1
github.com/jef/moltenhub-code/internal/agentruntime/runtime.go:148.2,148.19 1 1
github.com/jef/moltenhub-code/internal/agentruntime/runtime.go:151.90,153.27 2 1
github.com/jef/moltenhub-code/internal/agentruntime/runtime.go:153.27,155.3 1 1
github.com/jef/moltenhub-code/internal/agentruntime/runtime.go:156.2,156.44 1 1
github.com/jef/moltenhub-code/internal/agentruntime/runtime.go:156.44,158.22 2 1
github.com/jef/moltenhub-code/internal/agentruntime/runtime.go:158.22,159.12 1 1
github.com/jef/moltenhub-code/internal/agentruntime/runtime.go:161.3,161.44 1 1
github.com/jef/moltenhub-code/internal/agentruntime/runtime.go:164.2,168.8 1 1
github.com/jef/moltenhub-code/internal/agentruntime/runtime.go:171.91,172.73 1 1
github.com/jef/moltenhub-code/internal/agentruntime/runtime.go:172.73,174.3 1 1
github.com/jef/moltenhub-code/internal/agentruntime/runtime.go:176.2,182.55 2 1
github.com/jef/moltenhub-code/internal/agentruntime/runtime.go:185.91,186.73 1 1
github.com/jef/moltenhub-code/internal/agentruntime/runtime.go:186.73,188.3 1 1
github.com/jef/moltenhub-code/internal/agentruntime/runtime.go:190.2,191.55 2 1
github.com/jef/moltenhub-code/internal/agentruntime/runtime.go:194.48,196.31 2 1
github.com/jef/moltenhub-code/internal/agentruntime/runtime.go:196.31,197.37 1 1
github.com/jef/moltenhub-code/internal/agentruntime/runtime.go:197.37,199.4 1 1
github.com/jef/moltenhub-code/internal/agentruntime/runtime.go:201.2,201.14 1 1
github.com/jef/moltenhub-code/internal/config/config.go:57.51,59.51 2 1
github.com/jef/moltenhub-code/internal/config/config.go:59.51,61.3 1 0
github.com/jef/moltenhub-code/internal/config/config.go:62.2,62.60 1 1
github.com/jef/moltenhub-code/internal/config/config.go:62.60,64.3 1 1
github.com/jef/moltenhub-code/internal/config/config.go:66.2,68.54 3 1
github.com/jef/moltenhub-code/internal/config/config.go:68.54,70.3 1 0
github.com/jef/moltenhub-code/internal/config/config.go:71.2,76.55 3 1
github.com/jef/moltenhub-code/internal/config/config.go:76.55,78.3 1 0
github.com/jef/moltenhub-code/internal/config/config.go:80.2,80.43 1 1
github.com/jef/moltenhub-code/internal/config/config.go:80.43,82.3 1 1
github.com/jef/moltenhub-code/internal/config/config.go:84.2,84.12 1 1
github.com/jef/moltenhub-code/internal/config/config.go:87.75,100.43 2 1
github.com/jef/moltenhub-code/internal/config/config.go:100.43,101.31 1 1
github.com/jef/moltenhub-code/internal/config/config.go:101.31,103.4 1 1
github.com/jef/moltenhub-code/internal/config/config.go:105.2,105.50 1 1
github.com/jef/moltenhub-code/internal/config/config.go:108.66,109.25 1 1
github.com/jef/moltenhub-code/internal/config/config.go:109.25,111.3 1 1
github.com/jef/moltenhub-code/internal/config/config.go:112.2,113.59 2 1
github.com/jef/moltenhub-code/internal/config/config.go:113.59,115.3 1 0
github.com/jef/moltenhub-code/internal/config/config.go:116.2,116.33 1 1
github.com/jef/moltenhub-code/internal/config/config.go:116.33,117.39 1 1
github.com/jef/moltenhub-code/internal/config/config.go:117.39,119.4 1 1
github.com/jef/moltenhub-code/internal/config/config.go:120.3,120.40 1 0
github.com/jef/moltenhub-code/internal/config/config.go:120.40,122.4 1 0
github.com/jef/moltenhub-code/internal/config/config.go:124.2,124.12 1 0
github.com/jef/moltenhub-code/internal/config/config.go:128.40,130.16 2 1
github.com/jef/moltenhub-code/internal/config/config.go:130.16,132.3 1 0
github.com/jef/moltenhub-code/internal/config/config.go:134.2,137.41 4 1
github.com/jef/moltenhub-code/internal/config/config.go:137.41,139.3 1 1
github.com/jef/moltenhub-code/internal/config/config.go:141.2,142.39 2 1
github.com/jef/moltenhub-code/internal/config/config.go:142.39,144.3 1 1
github.com/jef/moltenhub-code/internal/config/config.go:145.2,145.17 1 1
github.com/jef/moltenhub-code/internal/config/config.go:149.34,151.21 2 1
github.com/jef/moltenhub-code/internal/config/config.go:151.21,153.3 1 1
github.com/jef/moltenhub-code/internal/config/config.go:155.2,157.20 3 1
github.com/jef/moltenhub-code/internal/config/config.go:157.20,160.3 2 1
github.com/jef/moltenhub-code/internal/config/config.go:162.2,163.24 2 1
github.com/jef/moltenhub-code/internal/config/config.go:163.24,165.3 1 1
github.com/jef/moltenhub-code/internal/config/config.go:167.2,168.26 2 1
github.com/jef/moltenhub-code/internal/config/config.go:168.26,170.3 1 1
github.com/jef/moltenhub-code/internal/config/config.go:172.2,173.26 2 1
github.com/jef/moltenhub-code/internal/config/config.go:173.26,175.3 1 1
github.com/jef/moltenhub-code/internal/config/config.go:177.2,178.26 2 1
github.com/jef/moltenhub-code/internal/config/config.go:178.26,180.3 1 1
github.com/jef/moltenhub-code/internal/config/config.go:182.2,188.46 6 1
github.com/jef/moltenhub-code/internal/config/config.go:188.46,190.3 1 1
github.com/jef/moltenhub-code/internal/config/config.go:191.2,191.40 1 1
github.com/jef/moltenhub-code/internal/config/config.go:191.40,193.3 1 1
github.com/jef/moltenhub-code/internal/config/config.go:193.8,195.3 1 1
github.com/jef/moltenhub-code/internal/config/config.go:196.2,196.39 1 1
github.com/jef/moltenhub-code/internal/config/config.go:196.39,198.3 1 1
github.com/jef/moltenhub-code/internal/config/config.go:198.8,200.3 1 1
github.com/jef/moltenhub-code/internal/config/config.go:204.34,205.40 1 1
github.com/jef/moltenhub-code/internal/config/config.go:205.40,207.3 1 0
github.com/jef/moltenhub-code/internal/config/config.go:208.2,208.23 1 1
github.com/jef/moltenhub-code/internal/config/config.go:208.23,210.3 1 0
github.com/jef/moltenhub-code/internal/config/config.go:211.2,212.21 2 1
github.com/jef/moltenhub-code/internal/config/config.go:212.21,214.3 1 1
github.com/jef/moltenhub-code/internal/config/config.go:215.2,215.29 1 1
github.com/jef/moltenhub-code/internal/config/config.go:215.29,216.47 1 1
github.com/jef/moltenhub-code/internal/config/config.go:216.47,218.4 1 1
github.com/jef/moltenhub-code/internal/config/config.go:220.2,220.43 1 1
github.com/jef/moltenhub-code/internal/config/config.go:220.43,222.3 1 0
github.com/jef/moltenhub-code/internal/config/config.go:223.2,223.45 1 1
github.com/jef/moltenhub-code/internal/config/config.go:223.45,225.3 1 0
github.com/jef/moltenhub-code/internal/config/config.go:226.2,226.55 1 1
github.com/jef/moltenhub-code/internal/config/config.go:226.55,228.3 1 1
github.com/jef/moltenhub-code/internal/config/config.go:229.2,229.39 1 1
github.com/jef/moltenhub-code/internal/config/config.go:229.39,231.3 1 0
github.com/jef/moltenhub-code/internal/config/config.go:232.2,232.62 1 1
github.com/jef/moltenhub-code/internal/config/config.go:232.62,234.3 1 1
github.com/jef/moltenhub-code/internal/config/config.go:235.2,235.80 1 1
github.com/jef/moltenhub-code/internal/config/config.go:235.80,237.3 1 1
github.com/jef/moltenhub-code/internal/config/config.go:238.2,238.33 1 1
github.com/jef/moltenhub-code/internal/config/config.go:238.33,239.55 1 0
github.com/jef/moltenhub-code/internal/config/config.go:239.55,241.4 1 0
github.com/jef/moltenhub-code/internal/config/config.go:243.2,243.46 1 1
github.com/jef/moltenhub-code/internal/config/config.go:243.46,245.3 1 0
github.com/jef/moltenhub-code/internal/config/config.go:246.2,246.40 1 1
github.com/jef/moltenhub-code/internal/config/config.go:246.40,248.3 1 0
github.com/jef/moltenhub-code/internal/config/config.go:249.2,249.39 1 1
github.com/jef/moltenhub-code/internal/config/config.go:249.39,251.3 1 0
github.com/jef/moltenhub-code/internal/config/config.go:252.2,252.12 1 1
github.com/jef/moltenhub-code/internal/config/config.go:256.37,258.54 2 1
github.com/jef/moltenhub-code/internal/config/config.go:258.54,260.3 1 1
github.com/jef/moltenhub-code/internal/config/config.go:262.2,263.19 2 1
github.com/jef/moltenhub-code/internal/config/config.go:263.19,265.3 1 1
github.com/jef/moltenhub-code/internal/config/config.go:266.2,266.14 1 1
github.com/jef/moltenhub-code/internal/config/config.go:269.64,270.22 1 1
github.com/jef/moltenhub-code/internal/config/config.go:270.22,272.3 1 1
github.com/jef/moltenhub-code/internal/config/config.go:273.2,274.31 2 1
github.com/jef/moltenhub-code/internal/config/config.go:274.31,278.74 4 1
github.com/jef/moltenhub-code/internal/config/config.go:278.74,279.12 1 1
github.com/jef/moltenhub-code/internal/config/config.go:281.3,281.27 1 1
github.com/jef/moltenhub-code/internal/config/config.go:283.2,283.19 1 1
github.com/jef/moltenhub-code/internal/config/config.go:283.19,285.3 1 0
github.com/jef/moltenhub-code/internal/config/config.go:286.2,286.12 1 1
github.com/jef/moltenhub-code/internal/config/config.go:289.64,290.19 1 1
github.com/jef/moltenhub-code/internal/config/config.go:290.19,292.3 1 1
github.com/jef/moltenhub-code/internal/config/config.go:294.2,299.87 2 1
github.com/jef/moltenhub-code/internal/config/config.go:299.87,301.3 1 0
github.com/jef/moltenhub-code/internal/config/config.go:302.2,302.19 1 1
github.com/jef/moltenhub-code/internal/config/config.go:305.71,306.19 1 1
github.com/jef/moltenhub-code/internal/config/config.go:306.19,308.3 1 1
github.com/jef/moltenhub-code/internal/config/config.go:309.2,309.21 1 1
github.com/jef/moltenhub-code/internal/config/config.go:309.21,311.3 1 0
github.com/jef/moltenhub-code/internal/config/config.go:312.2,312.25 1 1
github.com/jef/moltenhub-code/internal/config/config.go:312.25,314.3 1 0
github.com/jef/moltenhub-code/internal/config/config.go:315.2,315.48 1 1
github.com/jef/moltenhub-code/internal/config/config.go:315.48,317.3 1 1
github.com/jef/moltenhub-code/internal/config/config.go:318.2,318.24 1 1
github.com/jef/moltenhub-code/internal/config/config.go:318.24,320.17 2 0
github.com/jef/moltenhub-code/internal/config/config.go:320.17,322.4 1 0
github.com/jef/moltenhub-code/internal/config/config.go:323.3,323.85 1 0
github.com/jef/moltenhub-code/internal/config/config.go:323.85,325.4 1 0
github.com/jef/moltenhub-code/internal/config/config.go:327.2,327.12 1 1
github.com/jef/moltenhub-code/internal/config/config.go:330.62,331.28 1 1
github.com/jef/moltenhub-code/internal/config/config.go:331.28,333.3 1 1
github.com/jef/moltenhub-code/internal/config/config.go:334.2,334.93 1 1
github.com/jef/moltenhub-code/internal/config/config.go:334.93,336.3 1 1
github.com/jef/moltenhub-code/internal/config/config.go:337.2,337.77 1 1
github.com/jef/moltenhub-code/internal/config/config.go:337.77,339.3 1 1
github.com/jef/moltenhub-code/internal/config/config.go:340.2,340.12 1 1
github.com/jef/moltenhub-code/internal/config/config.go:343.42,345.17 2 1
github.com/jef/moltenhub-code/internal/config/config.go:345.17,347.3 1 0
github.com/jef/moltenhub-code/internal/config/config.go:348.2,348.27 1 1
github.com/jef/moltenhub-code/internal/config/config.go:348.27,350.3 1 1
github.com/jef/moltenhub-code/internal/config/config.go:351.2,351.36 1 1
github.com/jef/moltenhub-code/internal/config/config.go:351.36,353.3 1 1
github.com/jef/moltenhub-code/internal/config/config.go:354.2,354.62 1 1
github.com/jef/moltenhub-code/internal/config/config.go:354.62,356.3 1 0
github.com/jef/moltenhub-code/internal/config/config.go:357.2,357.12 1 1
github.com/jef/moltenhub-code/internal/config/config.go:360.41,362.16 2 1
github.com/jef/moltenhub-code/internal/config/config.go:362.16,364.3 1 1
github.com/jef/moltenhub-code/internal/config/config.go:365.2,365.42 1 1
github.com/jef/moltenhub-code/internal/config/config.go:365.42,367.3 1 0
github.com/jef/moltenhub-code/internal/config/config.go:371.2,371.36 1 1
github.com/jef/moltenhub-code/internal/config/config.go:371.36,373.3 1 1
github.com/jef/moltenhub-code/internal/config/config.go:375.2,376.16 2 1
github.com/jef/moltenhub-code/internal/config/config.go:376.16,378.98 2 1
github.com/jef/moltenhub-code/internal/config/config.go:378.98,383.4 1 1
github.com/jef/moltenhub-code/internal/config/config.go:384.3,384.64 1 0
github.com/jef/moltenhub-code/internal/config/config.go:387.2,387.40 1 1
github.com/jef/moltenhub-code/internal/config/config.go:388.37,389.43 1 1
github.com/jef/moltenhub-code/internal/config/config.go:389.43,391.4 1 0
github.com/jef/moltenhub-code/internal/config/config.go:392.3,392.65 1 1
github.com/jef/moltenhub-code/internal/config/config.go:392.65,394.4 1 1
github.com/jef/moltenhub-code/internal/config/config.go:395.14,396.43 1 1
github.com/jef/moltenhub-code/internal/config/config.go:396.43,398.4 1 1
github.com/jef/moltenhub-code/internal/config/config.go:401.2,401.12 1 1
github.com/jef/moltenhub-code/internal/config/config.go:404.49,406.19 2 1
github.com/jef/moltenhub-code/internal/config/config.go:406.19,408.3 1 0
github.com/jef/moltenhub-code/internal/config/config.go:409.2,409.28 1 1
github.com/jef/moltenhub-code/internal/config/config.go:412.43,414.19 2 1
github.com/jef/moltenhub-code/internal/config/config.go:414.19,416.3 1 0
github.com/jef/moltenhub-code/internal/config/config.go:417.2,417.33 1 1
github.com/jef/moltenhub-code/internal/config/config.go:420.42,422.19 2 1
github.com/jef/moltenhub-code/internal/config/config.go:422.19,424.3 1 0
github.com/jef/moltenhub-code/internal/config/config.go:425.2,425.99 1 1
github.com/jef/moltenhub-code/internal/config/config.go:431.43,433.17 2 1
github.com/jef/moltenhub-code/internal/config/config.go:433.17,435.3 1 0
github.com/jef/moltenhub-code/internal/config/config.go:436.2,436.62 1 1
github.com/jef/moltenhub-code/internal/config/config.go:436.62,438.3 1 1
github.com/jef/moltenhub-code/internal/config/config.go:439.2,439.30 1 1
github.com/jef/moltenhub-code/internal/config/config.go:442.54,444.17 2 1
github.com/jef/moltenhub-code/internal/config/config.go:444.17,446.3 1 0
github.com/jef/moltenhub-code/internal/config/config.go:447.2,449.19 3 1
github.com/jef/moltenhub-code/internal/config/config.go:449.19,451.3 1 0
github.com/jef/moltenhub-code/internal/config/config.go:452.2,452.16 1 1
github.com/jef/moltenhub-code/internal/config/config.go:455.45,457.16 2 1
github.com/jef/moltenhub-code/internal/config/config.go:457.16,459.3 1 0
github.com/jef/moltenhub-code/internal/config/config.go:460.2,460.54 1 1
github.com/jef/moltenhub-code/internal/config/config.go:460.54,462.3 1 1
github.com/jef/moltenhub-code/internal/config/config.go:463.2,463.37 1 1
github.com/jef/moltenhub-code/internal/config/config.go:466.42,468.13 2 1
github.com/jef/moltenhub-code/internal/config/config.go:468.13,470.3 1 1
github.com/jef/moltenhub-code/internal/config/config.go:471.2,472.19 2 1
github.com/jef/moltenhub-code/internal/config/config.go:472.19,474.3 1 1
github.com/jef/moltenhub-code/internal/config/config.go:476.2,477.47 2 1
github.com/jef/moltenhub-code/internal/config/config.go:477.47,479.3 1 1
github.com/jef/moltenhub-code/internal/config/config.go:480.2,482.10 3 1
github.com/jef/moltenhub-code/internal/config/config.go:485.44,490.33 4 1
github.com/jef/moltenhub-code/internal/config/config.go:490.33,493.15 2 1
github.com/jef/moltenhub-code/internal/config/config.go:493.15,495.15 2 1
github.com/jef/moltenhub-code/internal/config/config.go:495.15,497.13 2 0
github.com/jef/moltenhub-code/internal/config/config.go:499.4,499.18 1 1
github.com/jef/moltenhub-code/internal/config/config.go:499.18,501.13 2 0
github.com/jef/moltenhub-code/internal/config/config.go:503.4,503.17 1 1
github.com/jef/moltenhub-code/internal/config/config.go:503.17,505.5 1 1
github.com/jef/moltenhub-code/internal/config/config.go:506.4,506.12 1 1
github.com/jef/moltenhub-code/internal/config/config.go:509.3,509.16 1 1
github.com/jef/moltenhub-code/internal/config/config.go:509.16,512.12 3 1
github.com/jef/moltenhub-code/internal/config/config.go:516.3,516.55 1 1
github.com/jef/moltenhub-code/internal/config/config.go:516.55,517.41 1 1
github.com/jef/moltenhub-code/internal/config/config.go:517.41,519.5 1 1
github.com/jef/moltenhub-code/internal/config/config.go:520.4,520.40 1 1
github.com/jef/moltenhub-code/internal/config/config.go:520.40,522.5 1 1
github.com/jef/moltenhub-code/internal/config/config.go:523.4,523.12 1 1
github.com/jef/moltenhub-code/internal/config/config.go:526.3,526.24 1 1
github.com/jef/moltenhub-code/internal/config/config.go:529.2,529.12 1 1
github.com/jef/moltenhub-code/internal/config/config.go:532.57,533.22 1 1
github.com/jef/moltenhub-code/internal/config/config.go:533.22,535.3 1 1
github.com/jef/moltenhub-code/internal/config/config.go:536.2,538.31 3 1
github.com/jef/moltenhub-code/internal/config/config.go:538.31,540.20 2 1
github.com/jef/moltenhub-code/internal/config/config.go:540.20,541.12 1 0
github.com/jef/moltenhub-code/internal/config/config.go:543.3,543.33 1 1
github.com/jef/moltenhub-code/internal/config/config.go:543.33,544.12 1 0
github.com/jef/moltenhub-code/internal/config/config.go:546.3,547.29 2 1
github.com/jef/moltenhub-code/internal/config/config.go:549.2,549.19 1 1
github.com/jef/moltenhub-code/internal/config/config.go:549.19,551.3 1 0
github.com/jef/moltenhub-code/internal/config/config.go:552.2,552.12 1 1
github.com/jef/moltenhub-code/internal/config/config.go:555.63,557.17 2 1
github.com/jef/moltenhub-code/internal/config/config.go:557.17,559.3 1 0
github.com/jef/moltenhub-code/internal/config/config.go:560.2,560.34 1 1
github.com/jef/moltenhub-code/internal/config/config.go:560.34,561.24 1 1
github.com/jef/moltenhub-code/internal/config/config.go:561.24,563.4 1 1
github.com/jef/moltenhub-code/internal/config/config.go:565.2,565.43 1 1
github.com/jef/moltenhub-code/internal/config/config.go:568.71,571.18 3 1
github.com/jef/moltenhub-code/internal/config/config.go:571.18,573.3 1 1
github.com/jef/moltenhub-code/internal/config/config.go:574.2,574.38 1 1
github.com/jef/moltenhub-code/internal/config/config.go:574.38,575.42 1 1
github.com/jef/moltenhub-code/internal/config/config.go:575.42,577.4 1 1
github.com/jef/moltenhub-code/internal/config/config.go:579.2,579.48 1 1
github.com/jef/moltenhub-code/internal/config/config.go:582.54,583.22 1 1
github.com/jef/moltenhub-code/internal/config/config.go:583.22,585.3 1 1
github.com/jef/moltenhub-code/internal/config/config.go:586.2,588.31 3 1
github.com/jef/moltenhub-code/internal/config/config.go:588.31,590.23 2 1
github.com/jef/moltenhub-code/internal/config/config.go:590.23,591.12 1 1
github.com/jef/moltenhub-code/internal/config/config.go:593.3,594.29 2 1
github.com/jef/moltenhub-code/internal/config/config.go:594.29,595.12 1 1
github.com/jef/moltenhub-code/internal/config/config.go:597.3,598.32 2 1
github.com/jef/moltenhub-code/internal/config/config.go:600.2,600.19 1 1
github.com/jef/moltenhub-code/internal/config/config.go:600.19,602.3 1 0
github.com/jef/moltenhub-code/internal/config/config.go:603.2,603.12 1 1
github.com/jef/moltenhub-code/internal/config/config.go:606.45,610.2 3 1
github.com/jef/moltenhub-code/internal/config/config.go:612.52,613.31 1 1
github.com/jef/moltenhub-code/internal/config/config.go:613.31,614.57 1 1
github.com/jef/moltenhub-code/internal/config/config.go:614.57,616.4 1 1
github.com/jef/moltenhub-code/internal/config/config.go:618.2,618.11 1 1
github.com/jef/moltenhub-code/internal/slug/slug.go:14.39,17.17 3 1
github.com/jef/moltenhub-code/internal/slug/slug.go:17.17,19.3 1 1
github.com/jef/moltenhub-code/internal/slug/slug.go:20.2,22.13 3 1
github.com/jef/moltenhub-code/internal/slug/slug.go:22.13,24.3 1 1
github.com/jef/moltenhub-code/internal/slug/slug.go:25.2,25.17 1 1
github.com/jef/moltenhub-code/internal/slug/slug.go:25.17,28.3 2 1
github.com/jef/moltenhub-code/internal/slug/slug.go:29.2,29.13 1 1
github.com/jef/moltenhub-code/internal/slug/slug.go:29.13,31.3 1 0
github.com/jef/moltenhub-code/internal/slug/slug.go:32.2,32.10 1 1
github.com/jef/moltenhub-code/internal/slug/slug.go:35.54,37.18 2 1
github.com/jef/moltenhub-code/internal/slug/slug.go:37.18,39.3 1 1
github.com/jef/moltenhub-code/internal/slug/slug.go:40.2,42.19 3 1
github.com/jef/moltenhub-code/internal/slug/slug.go:42.19,44.3 1 1
github.com/jef/moltenhub-code/internal/slug/slug.go:45.2,45.16 1 1
github.com/jef/moltenhub-code/internal/slug/slug.go:49.67,54.2 4 1
github.com/jef/moltenhub-code/internal/failurefollowup/prompt.go:35.48,37.16 2 1
github.com/jef/moltenhub-code/internal/failurefollowup/prompt.go:37.16,39.3 1 1
github.com/jef/moltenhub-code/internal/failurefollowup/prompt.go:40.2,40.42 1 1
github.com/jef/moltenhub-code/internal/failurefollowup/prompt.go:43.124,48.43 4 1
github.com/jef/moltenhub-code/internal/failurefollowup/prompt.go:48.43,50.30 2 1
github.com/jef/moltenhub-code/internal/failurefollowup/prompt.go:50.30,52.18 2 1
github.com/jef/moltenhub-code/internal/failurefollowup/prompt.go:52.18,53.13 1 1
github.com/jef/moltenhub-code/internal/failurefollowup/prompt.go:55.4,57.16 3 1
github.com/jef/moltenhub-code/internal/failurefollowup/prompt.go:59.3,59.15 1 1
github.com/jef/moltenhub-code/internal/failurefollowup/prompt.go:62.2,62.105 1 1
github.com/jef/moltenhub-code/internal/failurefollowup/prompt.go:62.105,65.3 2 1
github.com/jef/moltenhub-code/internal/failurefollowup/prompt.go:67.2,68.24 2 1
github.com/jef/moltenhub-code/internal/failurefollowup/prompt.go:68.24,71.3 2 1
github.com/jef/moltenhub-code/internal/failurefollowup/prompt.go:73.2,73.42 1 1
github.com/jef/moltenhub-code/internal/failurefollowup/prompt.go:76.55,78.9 2 1
github.com/jef/moltenhub-code/internal/failurefollowup/prompt.go:78.9,80.3 1 1
github.com/jef/moltenhub-code/internal/failurefollowup/prompt.go:81.2,85.3 1 1
github.com/jef/moltenhub-code/internal/failurefollowup/prompt.go:88.59,91.38 3 1
github.com/jef/moltenhub-code/internal/failurefollowup/prompt.go:91.38,93.3 1 1
github.com/jef/moltenhub-code/internal/failurefollowup/prompt.go:95.2,96.9 2 1
github.com/jef/moltenhub-code/internal/failurefollowup/prompt.go:96.9,98.3 1 0
github.com/jef/moltenhub-code/internal/failurefollowup/prompt.go:99.2,100.53 2 1
github.com/jef/moltenhub-code/internal/failurefollowup/prompt.go:100.53,102.3 1 0
github.com/jef/moltenhub-code/internal/failurefollowup/prompt.go:103.2,103.90 1 1
github.com/jef/moltenhub-code/internal/failurefollowup/prompt.go:103.90,105.3 1 0
github.com/jef/moltenhub-code/internal/failurefollowup/prompt.go:106.2,106.45 1 1
github.com/jef/moltenhub-code/internal/failurefollowup/prompt.go:109.49,111.14 2 1
github.com/jef/moltenhub-code/internal/failurefollowup/prompt.go:111.14,113.3 1 0
github.com/jef/moltenhub-code/internal/failurefollowup/prompt.go:115.2,117.35 3 1
github.com/jef/moltenhub-code/internal/failurefollowup/prompt.go:117.35,119.17 2 1
github.com/jef/moltenhub-code/internal/failurefollowup/prompt.go:119.17,120.12 1 1
github.com/jef/moltenhub-code/internal/failurefollowup/prompt.go:122.3,122.30 1 1
github.com/jef/moltenhub-code/internal/failurefollowup/prompt.go:124.2,124.21 1 1
github.com/jef/moltenhub-code/internal/failurefollowup/prompt.go:124.21,126.3 1 1
github.com/jef/moltenhub-code/internal/failurefollowup/prompt.go:127.2,127.38 1 1
github.com/jef/moltenhub-code/internal/failurefollowup/prompt.go:130.46,132.16 2 1
github.com/jef/moltenhub-code/internal/failurefollowup/prompt.go:132.16,134.3 1 1
github.com/jef/moltenhub-code/internal/failurefollowup/prompt.go:136.2,138.33 3 1
github.com/jef/moltenhub-code/internal/failurefollowup/prompt.go:138.33,140.10 2 1
github.com/jef/moltenhub-code/internal/failurefollowup/prompt.go:141.89,143.25 2 1
github.com/jef/moltenhub-code/internal/failurefollowup/prompt.go:144.44,145.37 1 1
github.com/jef/moltenhub-code/internal/failurefollowup/prompt.go:145.37,146.13 1 1
github.com/jef/moltenhub-code/internal/failurefollowup/prompt.go:148.4,149.25 2 1
github.com/jef/moltenhub-code/internal/failurefollowup/prompt.go:150.11,151.37 1 1
github.com/jef/moltenhub-code/internal/failurefollowup/prompt.go:151.37,152.13 1 1
github.com/jef/moltenhub-code/internal/failurefollowup/prompt.go:154.4,155.24 2 1
github.com/jef/moltenhub-code/internal/failurefollowup/prompt.go:159.2,160.19 2 1
github.com/jef/moltenhub-code/internal/failurefollowup/prompt.go:160.19,162.3 1 1
github.com/jef/moltenhub-code/internal/failurefollowup/prompt.go:163.2,163.16 1 1
github.com/jef/moltenhub-code/internal/execx/execx.go:44.71,46.2 1 1
github.com/jef/moltenhub-code/internal/execx/execx.go:49.104,51.2 1 1
github.com/jef/moltenhub-code/internal/execx/execx.go:53.97,55.19 2 1
github.com/jef/moltenhub-code/internal/execx/execx.go:55.19,57.3 1 1
github.com/jef/moltenhub-code/internal/execx/execx.go:58.2,58.21 1 1
github.com/jef/moltenhub-code/internal/execx/execx.go:58.21,60.3 1 1
github.com/jef/moltenhub-code/internal/execx/execx.go:62.2,73.16 11 1
github.com/jef/moltenhub-code/internal/execx/execx.go:73.16,74.56 1 1
github.com/jef/moltenhub-code/internal/execx/execx.go:74.56,76.4 1 1
github.com/jef/moltenhub-code/internal/execx/execx.go:77.3,77.67 1 1
github.com/jef/moltenhub-code/internal/execx/execx.go:79.2,79.17 1 1
github.com/jef/moltenhub-code/internal/execx/execx.go:82.46,83.61 1 1
github.com/jef/moltenhub-code/internal/execx/execx.go:83.61,85.3 1 1
github.com/jef/moltenhub-code/internal/execx/execx.go:86.2,86.40 1 1
github.com/jef/moltenhub-code/internal/execx/execx.go:89.46,93.16 4 1
github.com/jef/moltenhub-code/internal/execx/execx.go:93.16,95.3 1 1
github.com/jef/moltenhub-code/internal/execx/execx.go:97.2,99.56 3 1
github.com/jef/moltenhub-code/internal/execx/execx.go:99.56,101.17 2 1
github.com/jef/moltenhub-code/internal/execx/execx.go:101.17,102.12 1 1
github.com/jef/moltenhub-code/internal/execx/execx.go:104.3,104.28 1 1
github.com/jef/moltenhub-code/internal/execx/execx.go:106.2,106.20 1 1
github.com/jef/moltenhub-code/internal/execx/execx.go:106.20,108.3 1 0
github.com/jef/moltenhub-code/internal/execx/execx.go:109.2,109.53 1 1
github.com/jef/moltenhub-code/internal/execx/execx.go:109.53,111.3 1 1
github.com/jef/moltenhub-code/internal/execx/execx.go:113.2,115.36 3 1
github.com/jef/moltenhub-code/internal/execx/execx.go:115.36,117.3 1 1
github.com/jef/moltenhub-code/internal/execx/execx.go:118.2,118.16 1 1
github.com/jef/moltenhub-code/internal/execx/execx.go:127.52,128.34 1 1
github.com/jef/moltenhub-code/internal/execx/execx.go:128.34,130.3 1 1
github.com/jef/moltenhub-code/internal/execx/execx.go:132.2,133.6 2 1
github.com/jef/moltenhub-code/internal/execx/execx.go:133.6,136.14 3 1
github.com/jef/moltenhub-code/internal/execx/execx.go:136.14,137.9 1 1
github.com/jef/moltenhub-code/internal/execx/execx.go:140.3,141.36 2 1
github.com/jef/moltenhub-code/internal/execx/execx.go:141.36,143.4 1 1
github.com/jef/moltenhub-code/internal/execx/execx.go:144.3,145.26 2 1
github.com/jef/moltenhub-code/internal/execx/execx.go:148.2,148.20 1 1
github.com/jef/moltenhub-code/internal/execx/execx.go:151.31,152.58 1 1
github.com/jef/moltenhub-code/internal/execx/execx.go:152.58,154.3 1 1
github.com/jef/moltenhub-code/internal/execx/execx.go:155.2,156.35 2 1
github.com/jef/moltenhub-code/internal/execx/execx.go:156.35,158.3 1 0
github.com/jef/moltenhub-code/internal/execx/execx.go:159.2,160.27 2 1
github.com/jef/moltenhub-code/internal/multiplex/multiplex.go:48.32,49.31 1 1
github.com/jef/moltenhub-code/internal/multiplex/multiplex.go:49.31,50.40 1 1
github.com/jef/moltenhub-code/internal/multiplex/multiplex.go:50.40,51.22 1 1
github.com/jef/moltenhub-code/internal/multiplex/multiplex.go:51.22,53.5 1 1
github.com/jef/moltenhub-code/internal/multiplex/multiplex.go:54.4,54.12 1 1
github.com/jef/moltenhub-code/internal/multiplex/multiplex.go:57.2,57.28 1 0
github.com/jef/moltenhub-code/internal/multiplex/multiplex.go:71.43,75.37 1 1
github.com/jef/moltenhub-code/internal/multiplex/multiplex.go:75.38,75.39 0 0
github.com/jef/moltenhub-code/internal/multiplex/multiplex.go:80.76,81.27 1 1
github.com/jef/moltenhub-code/internal/multiplex/multiplex.go:81.27,83.3 1 1
github.com/jef/moltenhub-code/internal/multiplex/multiplex.go:84.2,84.23 1 1
github.com/jef/moltenhub-code/internal/multiplex/multiplex.go:84.23,86.3 1 0
github.com/jef/moltenhub-code/internal/multiplex/multiplex.go:87.2,87.19 1 1
github.com/jef/moltenhub-code/internal/multiplex/multiplex.go:87.19,88.33 1 0
github.com/jef/moltenhub-code/internal/multiplex/multiplex.go:88.34,88.35 0 0
github.com/jef/moltenhub-code/internal/multiplex/multiplex.go:90.2,90.25 1 1
github.com/jef/moltenhub-code/internal/multiplex/multiplex.go:90.25,92.90 2 0
github.com/jef/moltenhub-code/internal/multiplex/multiplex.go:92.90,94.46 2 0
github.com/jef/moltenhub-code/internal/multiplex/multiplex.go:94.46,96.5 1 0
github.com/jef/moltenhub-code/internal/multiplex/multiplex.go:97.4,97.26 1 0
github.com/jef/moltenhub-code/internal/multiplex/multiplex.go:101.2,102.35 2 1
github.com/jef/moltenhub-code/internal/multiplex/multiplex.go:102.35,110.3 1 1
github.com/jef/moltenhub-code/internal/multiplex/multiplex.go:112.2,116.29 4 1
github.com/jef/moltenhub-code/internal/multiplex/multiplex.go:116.29,119.13 3 1
github.com/jef/moltenhub-code/internal/multiplex/multiplex.go:119.13,122.11 2 1
github.com/jef/moltenhub-code/internal/multiplex/multiplex.go:123.27,123.27 0 1
github.com/jef/moltenhub-code/internal/multiplex/multiplex.go:124.22,134.11 10 1
github.com/jef/moltenhub-code/internal/multiplex/multiplex.go:136.4,136.17 1 1
github.com/jef/moltenhub-code/internal/multiplex/multiplex.go:136.17,136.26 1 1
github.com/jef/moltenhub-code/internal/multiplex/multiplex.go:138.4,138.51 1 1
github.com/jef/moltenhub-code/internal/multiplex/multiplex.go:142.2,143.35 2 1
github.com/jef/moltenhub-code/internal/multiplex/multiplex.go:146.114,160.16 11 1
github.com/jef/moltenhub-code/internal/multiplex/multiplex.go:160.16,173.3 11 1
github.com/jef/moltenhub-code/internal/multiplex/multiplex.go:175.2,175.43 1 1
github.com/jef/moltenhub-code/internal/multiplex/multiplex.go:175.43,179.10 4 1
github.com/jef/moltenhub-code/internal/multiplex/multiplex.go:179.10,181.4 1 0
github.com/jef/moltenhub-code/internal/multiplex/multiplex.go:183.3,185.18 3 1
github.com/jef/moltenhub-code/internal/multiplex/multiplex.go:185.18,187.4 1 1
github.com/jef/moltenhub-code/internal/multiplex/multiplex.go:188.3,188.19 1 1
github.com/jef/moltenhub-code/internal/multiplex/multiplex.go:188.19,190.25 2 1
github.com/jef/moltenhub-code/internal/multiplex/multiplex.go:190.25,192.5 1 1
github.com/jef/moltenhub-code/internal/multiplex/multiplex.go:194.3,195.14 2 1
github.com/jef/moltenhub-code/internal/multiplex/multiplex.go:198.2,208.20 9 1
github.com/jef/moltenhub-code/internal/multiplex/multiplex.go:208.20,211.26 3 1
github.com/jef/moltenhub-code/internal/multiplex/multiplex.go:211.26,213.4 1 0
github.com/jef/moltenhub-code/internal/multiplex/multiplex.go:214.3,214.20 1 1
github.com/jef/moltenhub-code/internal/multiplex/multiplex.go:214.20,216.4 1 0
github.com/jef/moltenhub-code/internal/multiplex/multiplex.go:217.8,217.26 1 1
github.com/jef/moltenhub-code/internal/multiplex/multiplex.go:217.26,221.3 3 1
github.com/jef/moltenhub-code/internal/multiplex/multiplex.go:221.8,223.20 2 1
github.com/jef/moltenhub-code/internal/multiplex/multiplex.go:223.20,225.4 1 0
github.com/jef/moltenhub-code/internal/multiplex/multiplex.go:226.3,226.26 1 1
github.com/jef/moltenhub-code/internal/multiplex/multiplex.go:226.26,228.4 1 0
github.com/jef/moltenhub-code/internal/multiplex/multiplex.go:230.2,233.20 3 1
github.com/jef/moltenhub-code/internal/multiplex/multiplex.go:233.20,236.3 2 1
github.com/jef/moltenhub-code/internal/multiplex/multiplex.go:237.2,237.19 1 1
github.com/jef/moltenhub-code/internal/multiplex/multiplex.go:237.19,246.3 2 1
github.com/jef/moltenhub-code/internal/multiplex/multiplex.go:247.2,254.3 1 1
github.com/jef/moltenhub-code/internal/multiplex/multiplex.go:257.55,259.2 1 1
github.com/jef/moltenhub-code/internal/multiplex/multiplex.go:261.75,262.45 1 1
github.com/jef/moltenhub-code/internal/multiplex/multiplex.go:262.45,264.13 2 1
github.com/jef/moltenhub-code/internal/multiplex/multiplex.go:264.13,265.12 1 1
github.com/jef/moltenhub-code/internal/multiplex/multiplex.go:267.3,267.12 1 1
github.com/jef/moltenhub-code/internal/multiplex/multiplex.go:268.16,269.13 1 1
github.com/jef/moltenhub-code/internal/multiplex/multiplex.go:270.17,271.14 1 1
github.com/jef/moltenhub-code/internal/multiplex/multiplex.go:274.2,274.51 1 1
github.com/jef/moltenhub-code/internal/multiplex/multiplex.go:277.34,279.2 1 1
github.com/jef/moltenhub-code/internal/library/catalog.go:34.59,36.51 2 1
github.com/jef/moltenhub-code/internal/library/catalog.go:36.51,38.3 1 0
github.com/jef/moltenhub-code/internal/library/catalog.go:39.2,39.23 1 1
github.com/jef/moltenhub-code/internal/library/catalog.go:39.23,40.49 1 1
github.com/jef/moltenhub-code/internal/library/catalog.go:40.49,41.12 1 1
github.com/jef/moltenhub-code/internal/library/catalog.go:43.3,43.51 1 1
github.com/jef/moltenhub-code/internal/library/catalog.go:46.2,48.54 3 1
github.com/jef/moltenhub-code/internal/library/catalog.go:48.54,50.3 1 0
github.com/jef/moltenhub-code/internal/library/catalog.go:51.2,52.12 2 1
github.com/jef/moltenhub-code/internal/library/catalog.go:84.47,86.15 2 1
github.com/jef/moltenhub-code/internal/library/catalog.go:86.15,88.3 1 0
github.com/jef/moltenhub-code/internal/library/catalog.go:89.2,92.16 3 1
github.com/jef/moltenhub-code/internal/library/catalog.go:92.16,94.3 1 0
github.com/jef/moltenhub-code/internal/library/catalog.go:96.2,97.32 2 1
github.com/jef/moltenhub-code/internal/library/catalog.go:97.32,98.20 1 1
github.com/jef/moltenhub-code/internal/library/catalog.go:98.20,99.12 1 0
github.com/jef/moltenhub-code/internal/library/catalog.go:101.3,101.62 1 1
github.com/jef/moltenhub-code/internal/library/catalog.go:101.62,102.12 1 1
github.com/jef/moltenhub-code/internal/library/catalog.go:104.3,104.66 1 1
github.com/jef/moltenhub-code/internal/library/catalog.go:106.2,109.33 3 1
github.com/jef/moltenhub-code/internal/library/catalog.go:109.33,111.17 2 1
github.com/jef/moltenhub-code/internal/library/catalog.go:111.17,113.4 1 1
github.com/jef/moltenhub-code/internal/library/catalog.go:114.3,114.30 1 1
github.com/jef/moltenhub-code/internal/library/catalog.go:114.30,115.54 1 1
github.com/jef/moltenhub-code/internal/library/catalog.go:115.54,117.5 1 0
github.com/jef/moltenhub-code/internal/library/catalog.go:118.4,119.47 2 1
github.com/jef/moltenhub-code/internal/library/catalog.go:123.2,123.21 1 1
github.com/jef/moltenhub-code/internal/library/catalog.go:127.44,128.23 1 1
github.com/jef/moltenhub-code/internal/library/catalog.go:128.23,130.3 1 0
github.com/jef/moltenhub-code/internal/library/catalog.go:131.2,132.31 2 1
github.com/jef/moltenhub-code/internal/library/catalog.go:132.31,139.3 1 1
github.com/jef/moltenhub-code/internal/library/catalog.go:140.2,140.12 1 1
github.com/jef/moltenhub-code/internal/library/catalog.go:144.35,146.25 2 1
github.com/jef/moltenhub-code/internal/library/catalog.go:146.25,148.3 1 0
github.com/jef/moltenhub-code/internal/library/catalog.go:149.2,150.33 2 1
github.com/jef/moltenhub-code/internal/library/catalog.go:150.33,152.3 1 1
github.com/jef/moltenhub-code/internal/library/catalog.go:153.2,153.12 1 1
github.com/jef/moltenhub-code/internal/library/catalog.go:157.88,160.9 3 1
github.com/jef/moltenhub-code/internal/library/catalog.go:160.9,162.3 1 1
github.com/jef/moltenhub-code/internal/library/catalog.go:164.2,165.16 2 1
github.com/jef/moltenhub-code/internal/library/catalog.go:165.16,167.3 1 1
github.com/jef/moltenhub-code/internal/library/catalog.go:169.2,182.39 3 1
github.com/jef/moltenhub-code/internal/library/catalog.go:182.39,184.3 1 0
github.com/jef/moltenhub-code/internal/library/catalog.go:185.2,185.17 1 1
github.com/jef/moltenhub-code/internal/library/catalog.go:188.65,190.16 2 1
github.com/jef/moltenhub-code/internal/library/catalog.go:190.16,192.3 1 0
github.com/jef/moltenhub-code/internal/library/catalog.go:194.2,195.51 2 1
github.com/jef/moltenhub-code/internal/library/catalog.go:195.51,197.3 1 0
github.com/jef/moltenhub-code/internal/library/catalog.go:198.2,198.19 1 1
github.com/jef/moltenhub-code/internal/library/catalog.go:198.19,200.3 1 1
github.com/jef/moltenhub-code/internal/library/catalog.go:202.2,202.40 1 1
github.com/jef/moltenhub-code/internal/library/catalog.go:202.40,204.17 2 1
github.com/jef/moltenhub-code/internal/library/catalog.go:204.17,206.4 1 1
github.com/jef/moltenhub-code/internal/library/catalog.go:207.3,207.37 1 1
github.com/jef/moltenhub-code/internal/library/catalog.go:210.2,211.23 2 1
github.com/jef/moltenhub-code/internal/library/catalog.go:211.23,213.3 1 1
github.com/jef/moltenhub-code/internal/library/catalog.go:214.2,217.27 3 1
github.com/jef/moltenhub-code/internal/library/catalog.go:217.27,219.17 2 1
github.com/jef/moltenhub-code/internal/library/catalog.go:219.17,221.4 1 1
github.com/jef/moltenhub-code/internal/library/catalog.go:222.3,222.30 1 1
github.com/jef/moltenhub-code/internal/library/catalog.go:224.2,224.19 1 1
github.com/jef/moltenhub-code/internal/library/catalog.go:227.73,228.23 1 1
github.com/jef/moltenhub-code/internal/library/catalog.go:228.23,229.49 1 1
github.com/jef/moltenhub-code/internal/library/catalog.go:229.49,231.4 1 1
github.com/jef/moltenhub-code/internal/library/catalog.go:233.2,233.14 1 1
github.com/jef/moltenhub-code/internal/library/catalog.go:236.82,240.42 4 1
github.com/jef/moltenhub-code/internal/library/catalog.go:240.42,241.16 1 1
github.com/jef/moltenhub-code/internal/library/catalog.go:241.16,243.4 1 1
github.com/jef/moltenhub-code/internal/library/catalog.go:244.3,244.78 1 1
github.com/jef/moltenhub-code/internal/library/catalog.go:247.2,257.15 10 1
github.com/jef/moltenhub-code/internal/library/catalog.go:257.15,259.16 2 1
github.com/jef/moltenhub-code/internal/library/catalog.go:259.16,261.4 1 0
github.com/jef/moltenhub-code/internal/library/catalog.go:262.3,262.22 1 1
github.com/jef/moltenhub-code/internal/library/catalog.go:262.22,264.4 1 1
github.com/jef/moltenhub-code/internal/library/catalog.go:264.9,264.30 1 1
github.com/jef/moltenhub-code/internal/library/catalog.go:264.30,266.4 1 1
github.com/jef/moltenhub-code/internal/library/catalog.go:269.2,269.21 1 1
github.com/jef/moltenhub-code/internal/library/catalog.go:269.21,271.3 1 0
github.com/jef/moltenhub-code/internal/library/catalog.go:272.2,272.23 1 1
github.com/jef/moltenhub-code/internal/library/catalog.go:272.23,274.3 1 0
github.com/jef/moltenhub-code/internal/library/catalog.go:275.2,275.29 1 1
github.com/jef/moltenhub-code/internal/library/catalog.go:275.29,277.3 1 1
github.com/jef/moltenhub-code/internal/library/catalog.go:279.2,279.18 1 1
github.com/jef/moltenhub-code/internal/library/catalog.go:282.43,283.38 1 1
github.com/jef/moltenhub-code/internal/library/catalog.go:283.38,285.3 1 1
github.com/jef/moltenhub-code/internal/library/catalog.go:286.2,286.23 1 1
github.com/jef/moltenhub-code/internal/library/catalog.go:286.23,288.3 1 1
github.com/jef/moltenhub-code/internal/library/catalog.go:289.2,289.39 1 1
github.com/jef/moltenhub-code/internal/library/catalog.go:289.39,290.45 1 1
github.com/jef/moltenhub-code/internal/library/catalog.go:290.45,292.4 1 1
github.com/jef/moltenhub-code/internal/library/catalog.go:294.2,294.45 1 1
github.com/jef/moltenhub-code/internal/library/catalog.go:294.45,295.61 1 1
github.com/jef/moltenhub-code/internal/library/catalog.go:295.61,297.4 1 1
github.com/jef/moltenhub-code/internal/library/catalog.go:299.2,299.49 1 0
github.com/jef/moltenhub-code/internal/library/catalog.go:299.49,300.64 1 0
github.com/jef/moltenhub-code/internal/library/catalog.go:300.64,302.4 1 0
github.com/jef/moltenhub-code/internal/library/catalog.go:304.2,304.51 1 0
github.com/jef/moltenhub-code/internal/library/catalog.go:304.51,305.67 1 0
github.com/jef/moltenhub-code/internal/library/catalog.go:305.67,307.4 1 0
github.com/jef/moltenhub-code/internal/library/catalog.go:309.2,309.12 1 0
github.com/jef/moltenhub-code/internal/library/catalog.go:312.61,315.37 3 1
github.com/jef/moltenhub-code/internal/library/catalog.go:315.37,317.3 1 1
github.com/jef/moltenhub-code/internal/library/catalog.go:319.2,320.6 2 1
github.com/jef/moltenhub-code/internal/library/catalog.go:320.6,322.30 2 1
github.com/jef/moltenhub-code/internal/library/catalog.go:322.30,324.4 1 1
github.com/jef/moltenhub-code/internal/library/catalog.go:325.3,326.24 2 1
github.com/jef/moltenhub-code/internal/library/catalog.go:326.24,328.4 1 1
github.com/jef/moltenhub-code/internal/library/catalog.go:329.3,329.19 1 1
github.com/jef/moltenhub-code/internal/library/catalog.go:333.37,335.31 2 1
github.com/jef/moltenhub-code/internal/library/catalog.go:335.31,337.3 1 1
github.com/jef/moltenhub-code/internal/library/catalog.go:338.2,339.16 2 1
github.com/jef/moltenhub-code/internal/library/catalog.go:339.16,341.3 1 0
github.com/jef/moltenhub-code/internal/library/catalog.go:342.2,342.32 1 1
github.com/jef/moltenhub-code/internal/library/catalog.go:342.32,343.20 1 1
github.com/jef/moltenhub-code/internal/library/catalog.go:343.20,344.12 1 0
github.com/jef/moltenhub-code/internal/library/catalog.go:346.3,346.61 1 1
github.com/jef/moltenhub-code/internal/library/catalog.go:346.61,348.4 1 1
github.com/jef/moltenhub-code/internal/library/catalog.go:350.2,350.14 1 1
github.com/jef/moltenhub-code/internal/hubui/broker.go:137.26,147.2 1 1
github.com/jef/moltenhub-code/internal/hubui/broker.go:150.41,151.14 1 1
github.com/jef/moltenhub-code/internal/hubui/broker.go:151.14,153.3 1 0
github.com/jef/moltenhub-code/internal/hubui/broker.go:154.2,155.16 2 1
github.com/jef/moltenhub-code/internal/hubui/broker.go:155.16,157.3 1 0
github.com/jef/moltenhub-code/internal/hubui/broker.go:159.2,177.21 9 1
github.com/jef/moltenhub-code/internal/hubui/broker.go:177.21,180.3 2 1
github.com/jef/moltenhub-code/internal/hubui/broker.go:181.2,184.29 3 1
github.com/jef/moltenhub-code/internal/hubui/broker.go:188.38,189.14 1 1
github.com/jef/moltenhub-code/internal/hubui/broker.go:189.14,191.3 1 0
github.com/jef/moltenhub-code/internal/hubui/broker.go:193.2,213.28 7 1
github.com/jef/moltenhub-code/internal/hubui/broker.go:213.28,215.3 1 1
github.com/jef/moltenhub-code/internal/hubui/broker.go:216.2,216.40 1 1
github.com/jef/moltenhub-code/internal/hubui/broker.go:216.40,217.51 1 1
github.com/jef/moltenhub-code/internal/hubui/broker.go:217.51,219.4 1 0
github.com/jef/moltenhub-code/internal/hubui/broker.go:220.3,220.54 1 1
github.com/jef/moltenhub-code/internal/hubui/broker.go:223.2,224.26 2 1
github.com/jef/moltenhub-code/internal/hubui/broker.go:224.26,245.3 2 1
github.com/jef/moltenhub-code/internal/hubui/broker.go:247.2,247.17 1 1
github.com/jef/moltenhub-code/internal/hubui/broker.go:251.78,252.14 1 1
github.com/jef/moltenhub-code/internal/hubui/broker.go:252.14,254.3 1 0
github.com/jef/moltenhub-code/internal/hubui/broker.go:255.2,257.48 3 1
github.com/jef/moltenhub-code/internal/hubui/broker.go:257.48,259.3 1 0
github.com/jef/moltenhub-code/internal/hubui/broker.go:260.2,268.85 7 1
github.com/jef/moltenhub-code/internal/hubui/broker.go:268.85,271.3 2 1
github.com/jef/moltenhub-code/internal/hubui/broker.go:272.2,272.18 1 1
github.com/jef/moltenhub-code/internal/hubui/broker.go:272.18,273.60 1 1
github.com/jef/moltenhub-code/internal/hubui/broker.go:273.60,276.4 2 1
github.com/jef/moltenhub-code/internal/hubui/broker.go:278.2,278.18 1 1
github.com/jef/moltenhub-code/internal/hubui/broker.go:278.18,279.60 1 1
github.com/jef/moltenhub-code/internal/hubui/broker.go:279.60,282.4 2 1
github.com/jef/moltenhub-code/internal/hubui/broker.go:284.2,284.13 1 1
github.com/jef/moltenhub-code/internal/hubui/broker.go:284.13,286.3 1 1
github.com/jef/moltenhub-code/internal/hubui/broker.go:290.65,291.14 1 1
github.com/jef/moltenhub-code/internal/hubui/broker.go:291.14,293.3 1 0
github.com/jef/moltenhub-code/internal/hubui/broker.go:294.2,295.21 2 1
github.com/jef/moltenhub-code/internal/hubui/broker.go:295.21,297.3 1 0
github.com/jef/moltenhub-code/internal/hubui/broker.go:299.2,303.36 4 1
github.com/jef/moltenhub-code/internal/hubui/broker.go:303.36,305.3 1 1
github.com/jef/moltenhub-code/internal/hubui/broker.go:306.2,306.52 1 1
github.com/jef/moltenhub-code/internal/hubui/broker.go:310.52,311.14 1 1
github.com/jef/moltenhub-code/internal/hubui/broker.go:311.14,313.3 1 0
github.com/jef/moltenhub-code/internal/hubui/broker.go:314.2,315.21 2 1
github.com/jef/moltenhub-code/internal/hubui/broker.go:315.21,317.3 1 0
github.com/jef/moltenhub-code/internal/hubui/broker.go:319.2,323.9 4 1
github.com/jef/moltenhub-code/internal/hubui/broker.go:323.9,325.3 1 1
github.com/jef/moltenhub-code/internal/hubui/broker.go:326.2,326.41 1 1
github.com/jef/moltenhub-code/internal/hubui/broker.go:326.41,328.3 1 1
github.com/jef/moltenhub-code/internal/hubui/broker.go:330.2,333.12 4 1
github.com/jef/moltenhub-code/internal/hubui/broker.go:336.57,337.22 1 1
github.com/jef/moltenhub-code/internal/hubui/broker.go:337.22,339.3 1 0
github.com/jef/moltenhub-code/internal/hubui/broker.go:340.2,340.39 1 1
github.com/jef/moltenhub-code/internal/hubui/broker.go:340.39,341.41 1 1
github.com/jef/moltenhub-code/internal/hubui/broker.go:341.41,342.12 1 1
github.com/jef/moltenhub-code/internal/hubui/broker.go:344.3,345.34 2 1
github.com/jef/moltenhub-code/internal/hubui/broker.go:349.76,350.60 1 1
github.com/jef/moltenhub-code/internal/hubui/broker.go:350.60,352.3 1 1
github.com/jef/moltenhub-code/internal/hubui/broker.go:353.2,353.75 1 1
github.com/jef/moltenhub-code/internal/hubui/broker.go:357.56,358.14 1 1
github.com/jef/moltenhub-code/internal/hubui/broker.go:358.14,361.21 3 0
github.com/jef/moltenhub-code/internal/hubui/broker.go:361.22,361.23 0 0
github.com/jef/moltenhub-code/internal/hubui/broker.go:364.2,369.19 5 1
github.com/jef/moltenhub-code/internal/hubui/broker.go:369.19,371.30 2 1
github.com/jef/moltenhub-code/internal/hubui/broker.go:371.30,374.4 2 1
github.com/jef/moltenhub-code/internal/hubui/broker.go:375.3,375.16 1 1
github.com/jef/moltenhub-code/internal/hubui/broker.go:378.2,378.19 1 1
github.com/jef/moltenhub-code/internal/hubui/broker.go:381.79,382.44 1 1
github.com/jef/moltenhub-code/internal/hubui/broker.go:382.44,383.28 1 1
github.com/jef/moltenhub-code/internal/hubui/broker.go:383.28,385.4 1 1
github.com/jef/moltenhub-code/internal/hubui/broker.go:386.3,386.28 1 1
github.com/jef/moltenhub-code/internal/hubui/broker.go:386.28,388.4 1 1
github.com/jef/moltenhub-code/internal/hubui/broker.go:389.3,390.18 2 1
github.com/jef/moltenhub-code/internal/hubui/broker.go:393.2,402.10 3 1
github.com/jef/moltenhub-code/internal/hubui/broker.go:405.111,408.54 2 1
github.com/jef/moltenhub-code/internal/hubui/broker.go:408.54,412.23 4 1
github.com/jef/moltenhub-code/internal/hubui/broker.go:412.23,414.4 1 1
github.com/jef/moltenhub-code/internal/hubui/broker.go:414.9,416.4 1 1
github.com/jef/moltenhub-code/internal/hubui/broker.go:419.2,419.51 1 1
github.com/jef/moltenhub-code/internal/hubui/broker.go:419.51,424.3 4 1
github.com/jef/moltenhub-code/internal/hubui/broker.go:426.2,426.59 1 1
github.com/jef/moltenhub-code/internal/hubui/broker.go:426.59,430.3 3 0
github.com/jef/moltenhub-code/internal/hubui/broker.go:432.2,432.55 1 1
github.com/jef/moltenhub-code/internal/hubui/broker.go:432.55,436.3 3 1
github.com/jef/moltenhub-code/internal/hubui/broker.go:438.2,438.56 1 1
github.com/jef/moltenhub-code/internal/hubui/broker.go:438.56,439.70 1 1
github.com/jef/moltenhub-code/internal/hubui/broker.go:439.70,441.4 1 1
github.com/jef/moltenhub-code/internal/hubui/broker.go:442.3,443.61 2 1
github.com/jef/moltenhub-code/internal/hubui/broker.go:446.2,446.56 1 1
github.com/jef/moltenhub-code/internal/hubui/broker.go:446.56,448.57 2 1
github.com/jef/moltenhub-code/internal/hubui/broker.go:448.57,450.4 1 0
github.com/jef/moltenhub-code/internal/hubui/broker.go:451.3,455.39 5 1
github.com/jef/moltenhub-code/internal/hubui/broker.go:455.39,457.4 1 0
github.com/jef/moltenhub-code/internal/hubui/broker.go:460.2,460.54 1 1
github.com/jef/moltenhub-code/internal/hubui/broker.go:460.54,462.57 2 1
github.com/jef/moltenhub-code/internal/hubui/broker.go:462.57,464.4 1 1
github.com/jef/moltenhub-code/internal/hubui/broker.go:465.3,468.97 4 1
github.com/jef/moltenhub-code/internal/hubui/broker.go:471.2,471.56 1 1
github.com/jef/moltenhub-code/internal/hubui/broker.go:471.56,474.3 2 0
github.com/jef/moltenhub-code/internal/hubui/broker.go:476.2,476.58 1 1
github.com/jef/moltenhub-code/internal/hubui/broker.go:476.58,477.73 1 1
github.com/jef/moltenhub-code/internal/hubui/broker.go:477.73,482.21 5 1
github.com/jef/moltenhub-code/internal/hubui/broker.go:482.21,484.65 2 1
github.com/jef/moltenhub-code/internal/hubui/broker.go:484.65,486.6 1 1
github.com/jef/moltenhub-code/internal/hubui/broker.go:487.5,487.84 1 1
github.com/jef/moltenhub-code/internal/hubui/broker.go:487.84,489.6 1 1
github.com/jef/moltenhub-code/internal/hubui/broker.go:490.5,490.26 1 1
github.com/jef/moltenhub-code/internal/hubui/broker.go:490.26,492.6 1 0
github.com/jef/moltenhub-code/internal/hubui/broker.go:492.11,494.6 1 1
github.com/jef/moltenhub-code/internal/hubui/broker.go:499.2,499.53 1 1
github.com/jef/moltenhub-code/internal/hubui/broker.go:499.53,500.44 1 1
github.com/jef/moltenhub-code/internal/hubui/broker.go:500.44,502.4 1 1
github.com/jef/moltenhub-code/internal/hubui/broker.go:503.3,503.57 1 1
github.com/jef/moltenhub-code/internal/hubui/broker.go:503.57,505.55 2 1
github.com/jef/moltenhub-code/internal/hubui/broker.go:505.55,507.5 1 1
github.com/jef/moltenhub-code/internal/hubui/broker.go:509.3,510.97 2 1
github.com/jef/moltenhub-code/internal/hubui/broker.go:513.2,513.60 1 1
github.com/jef/moltenhub-code/internal/hubui/broker.go:513.60,515.17 2 1
github.com/jef/moltenhub-code/internal/hubui/broker.go:515.17,522.4 2 1
github.com/jef/moltenhub-code/internal/hubui/broker.go:525.2,525.42 1 1
github.com/jef/moltenhub-code/internal/hubui/broker.go:525.42,531.3 1 1
github.com/jef/moltenhub-code/internal/hubui/broker.go:534.66,536.2 1 1
github.com/jef/moltenhub-code/internal/hubui/broker.go:538.91,539.69 1 1
github.com/jef/moltenhub-code/internal/hubui/broker.go:539.69,541.60 2 1
github.com/jef/moltenhub-code/internal/hubui/broker.go:541.60,543.4 1 1
github.com/jef/moltenhub-code/internal/hubui/broker.go:545.2,545.102 1 1
github.com/jef/moltenhub-code/internal/hubui/broker.go:545.102,547.3 1 1
github.com/jef/moltenhub-code/internal/hubui/broker.go:549.2,549.9 1 1
github.com/jef/moltenhub-code/internal/hubui/broker.go:550.53,552.49 2 1
github.com/jef/moltenhub-code/internal/hubui/broker.go:552.49,554.4 1 0
github.com/jef/moltenhub-code/internal/hubui/broker.go:555.58,557.34 2 1
github.com/jef/moltenhub-code/internal/hubui/broker.go:558.67,561.44 2 1
github.com/jef/moltenhub-code/internal/hubui/broker.go:562.65,564.34 2 0
github.com/jef/moltenhub-code/internal/hubui/broker.go:565.50,566.63 1 1
github.com/jef/moltenhub-code/internal/hubui/broker.go:567.36,569.50 2 0
github.com/jef/moltenhub-code/internal/hubui/broker.go:569.50,571.5 1 0
github.com/jef/moltenhub-code/internal/hubui/broker.go:572.43,574.45 2 1
github.com/jef/moltenhub-code/internal/hubui/broker.go:580.55,582.44 2 1
github.com/jef/moltenhub-code/internal/hubui/broker.go:586.108,587.57 1 1
github.com/jef/moltenhub-code/internal/hubui/broker.go:587.57,589.3 1 1
github.com/jef/moltenhub-code/internal/hubui/broker.go:591.2,594.33 4 1
github.com/jef/moltenhub-code/internal/hubui/broker.go:594.33,596.3 1 0
github.com/jef/moltenhub-code/internal/hubui/broker.go:598.2,598.11 1 1
github.com/jef/moltenhub-code/internal/hubui/broker.go:598.11,600.3 1 1
github.com/jef/moltenhub-code/internal/hubui/broker.go:601.2,601.11 1 1
github.com/jef/moltenhub-code/internal/hubui/broker.go:601.11,603.3 1 1
github.com/jef/moltenhub-code/internal/hubui/broker.go:604.2,604.12 1 1
github.com/jef/moltenhub-code/internal/hubui/broker.go:604.12,606.3 1 1
github.com/jef/moltenhub-code/internal/hubui/broker.go:607.2,607.60 1 1
github.com/jef/moltenhub-code/internal/hubui/broker.go:610.44,611.25 1 1
github.com/jef/moltenhub-code/internal/hubui/broker.go:611.25,612.10 1 1
github.com/jef/moltenhub-code/internal/hubui/broker.go:613.25,613.25 0 1
github.com/jef/moltenhub-code/internal/hubui/broker.go:614.11,614.11 0 0
github.com/jef/moltenhub-code/internal/hubui/broker.go:619.44,620.9 1 1
github.com/jef/moltenhub-code/internal/hubui/broker.go:621.51,622.27 1 1
github.com/jef/moltenhub-code/internal/hubui/broker.go:623.39,624.26 1 1
github.com/jef/moltenhub-code/internal/hubui/broker.go:625.39,626.15 1 1
github.com/jef/moltenhub-code/internal/hubui/broker.go:627.10,628.15 1 1
github.com/jef/moltenhub-code/internal/hubui/broker.go:632.51,633.34 1 1
github.com/jef/moltenhub-code/internal/hubui/broker.go:633.34,635.3 1 0
github.com/jef/moltenhub-code/internal/hubui/broker.go:636.2,637.45 2 1
github.com/jef/moltenhub-code/internal/hubui/broker.go:637.45,639.10 2 1
github.com/jef/moltenhub-code/internal/hubui/broker.go:639.10,640.12 1 1
github.com/jef/moltenhub-code/internal/hubui/broker.go:642.3,642.33 1 1
github.com/jef/moltenhub-code/internal/hubui/broker.go:644.2,644.19 1 1
github.com/jef/moltenhub-code/internal/hubui/broker.go:644.19,646.3 1 0
github.com/jef/moltenhub-code/internal/hubui/broker.go:647.2,647.12 1 1
github.com/jef/moltenhub-code/internal/hubui/broker.go:650.70,651.14 1 1
github.com/jef/moltenhub-code/internal/hubui/broker.go:651.14,653.3 1 0
github.com/jef/moltenhub-code/internal/hubui/broker.go:654.2,654.23 1 1
github.com/jef/moltenhub-code/internal/hubui/broker.go:654.23,656.3 1 1
github.com/jef/moltenhub-code/internal/hubui/broker.go:657.2,659.15 3 1
github.com/jef/moltenhub-code/internal/hubui/broker.go:662.76,663.14 1 1
github.com/jef/moltenhub-code/internal/hubui/broker.go:663.14,665.3 1 0
github.com/jef/moltenhub-code/internal/hubui/broker.go:666.2,666.21 1 1
github.com/jef/moltenhub-code/internal/hubui/broker.go:666.21,668.3 1 1
github.com/jef/moltenhub-code/internal/hubui/broker.go:669.2,671.13 3 1
github.com/jef/moltenhub-code/internal/hubui/broker.go:674.47,677.13 3 1
github.com/jef/moltenhub-code/internal/hubui/broker.go:677.13,679.3 1 1
github.com/jef/moltenhub-code/internal/hubui/broker.go:681.2,682.16 2 1
github.com/jef/moltenhub-code/internal/hubui/broker.go:682.16,684.3 1 0
github.com/jef/moltenhub-code/internal/hubui/broker.go:686.2,686.35 1 1
github.com/jef/moltenhub-code/internal/hubui/broker.go:686.35,687.46 1 1
github.com/jef/moltenhub-code/internal/hubui/broker.go:687.46,689.18 2 1
github.com/jef/moltenhub-code/internal/hubui/broker.go:689.18,691.5 1 1
github.com/jef/moltenhub-code/internal/hubui/broker.go:692.4,692.55 1 0
github.com/jef/moltenhub-code/internal/hubui/broker.go:694.3,694.53 1 0
github.com/jef/moltenhub-code/internal/hubui/broker.go:697.2,698.13 2 1
github.com/jef/moltenhub-code/internal/hubui/broker.go:698.13,700.3 1 1
github.com/jef/moltenhub-code/internal/hubui/broker.go:701.2,701.38 1 0
github.com/jef/moltenhub-code/internal/hubui/broker.go:704.51,705.36 1 1
github.com/jef/moltenhub-code/internal/hubui/broker.go:705.36,707.3 1 1
github.com/jef/moltenhub-code/internal/hubui/broker.go:709.2,709.33 1 1
github.com/jef/moltenhub-code/internal/hubui/broker.go:709.33,710.21 1 1
github.com/jef/moltenhub-code/internal/hubui/broker.go:710.21,711.12 1 1
github.com/jef/moltenhub-code/internal/hubui/broker.go:714.3,715.50 2 1
github.com/jef/moltenhub-code/internal/hubui/broker.go:715.50,717.4 1 1
github.com/jef/moltenhub-code/internal/hubui/broker.go:718.3,718.25 1 1
github.com/jef/moltenhub-code/internal/hubui/broker.go:718.25,720.4 1 1
github.com/jef/moltenhub-code/internal/hubui/broker.go:723.2,723.18 1 0
github.com/jef/moltenhub-code/internal/hubui/broker.go:726.42,727.32 1 1
github.com/jef/moltenhub-code/internal/hubui/broker.go:727.32,729.3 1 1
github.com/jef/moltenhub-code/internal/hubui/broker.go:730.2,731.16 2 1
github.com/jef/moltenhub-code/internal/hubui/broker.go:731.16,733.3 1 0
github.com/jef/moltenhub-code/internal/hubui/broker.go:734.2,734.16 1 1
github.com/jef/moltenhub-code/internal/hubui/broker.go:737.48,738.32 1 1
github.com/jef/moltenhub-code/internal/hubui/broker.go:738.32,740.3 1 1
github.com/jef/moltenhub-code/internal/hubui/broker.go:741.2,742.16 2 1
github.com/jef/moltenhub-code/internal/hubui/broker.go:742.16,744.3 1 1
github.com/jef/moltenhub-code/internal/hubui/broker.go:745.2,745.16 1 1
github.com/jef/moltenhub-code/internal/hubui/broker.go:748.50,750.19 2 1
github.com/jef/moltenhub-code/internal/hubui/broker.go:750.19,752.3 1 0
github.com/jef/moltenhub-code/internal/hubui/broker.go:753.2,754.16 2 1
github.com/jef/moltenhub-code/internal/hubui/broker.go:754.16,756.3 1 1
github.com/jef/moltenhub-code/internal/hubui/broker.go:757.2,757.40 1 1
github.com/jef/moltenhub-code/internal/hubui/broker.go:760.45,761.27 1 1
github.com/jef/moltenhub-code/internal/hubui/broker.go:761.27,762.53 1 1
github.com/jef/moltenhub-code/internal/hubui/broker.go:762.53,764.4 1 1
github.com/jef/moltenhub-code/internal/hubui/broker.go:766.2,766.11 1 1
github.com/jef/moltenhub-code/internal/hubui/broker.go:769.57,773.19 4 1
github.com/jef/moltenhub-code/internal/hubui/broker.go:773.19,775.3 1 1
github.com/jef/moltenhub-code/internal/hubui/broker.go:776.2,777.45 2 1
github.com/jef/moltenhub-code/internal/hubui/broker.go:780.57,781.36 1 1
github.com/jef/moltenhub-code/internal/hubui/broker.go:781.36,783.3 1 1
github.com/jef/moltenhub-code/internal/hubui/broker.go:784.2,786.29 3 1
github.com/jef/moltenhub-code/internal/hubui/broker.go:786.29,787.56 1 1
github.com/jef/moltenhub-code/internal/hubui/broker.go:787.56,789.4 1 1
github.com/jef/moltenhub-code/internal/hubui/broker.go:791.2,791.12 1 1
github.com/jef/moltenhub-code/internal/hubui/broker.go:794.68,798.30 3 1
github.com/jef/moltenhub-code/internal/hubui/broker.go:798.30,800.20 2 1
github.com/jef/moltenhub-code/internal/hubui/broker.go:800.20,801.12 1 1
github.com/jef/moltenhub-code/internal/hubui/broker.go:803.3,803.33 1 1
github.com/jef/moltenhub-code/internal/hubui/broker.go:803.33,804.12 1 1
github.com/jef/moltenhub-code/internal/hubui/broker.go:806.3,807.29 2 1
github.com/jef/moltenhub-code/internal/hubui/broker.go:810.2,810.31 1 1
github.com/jef/moltenhub-code/internal/hubui/broker.go:810.31,812.20 2 1
github.com/jef/moltenhub-code/internal/hubui/broker.go:812.20,813.12 1 1
github.com/jef/moltenhub-code/internal/hubui/broker.go:815.3,815.33 1 1
github.com/jef/moltenhub-code/internal/hubui/broker.go:815.33,816.12 1 1
github.com/jef/moltenhub-code/internal/hubui/broker.go:818.3,819.29 2 1
github.com/jef/moltenhub-code/internal/hubui/broker.go:822.2,822.12 1 1
github.com/jef/moltenhub-code/internal/hubui/broker.go:825.59,826.29 1 1
github.com/jef/moltenhub-code/internal/hubui/broker.go:826.29,828.3 1 1
github.com/jef/moltenhub-code/internal/hubui/broker.go:829.2,832.60 2 1
github.com/jef/moltenhub-code/internal/hubui/broker.go:832.60,834.3 1 1
github.com/jef/moltenhub-code/internal/hubui/broker.go:835.2,835.38 1 1
github.com/jef/moltenhub-code/internal/hubui/broker.go:838.59,839.29 1 1
github.com/jef/moltenhub-code/internal/hubui/broker.go:839.29,841.3 1 1
github.com/jef/moltenhub-code/internal/hubui/broker.go:842.2,846.60 2 1
github.com/jef/moltenhub-code/internal/hubui/broker.go:846.60,848.3 1 1
github.com/jef/moltenhub-code/internal/hubui/broker.go:849.2,849.50 1 1
github.com/jef/moltenhub-code/internal/hubui/broker.go:852.48,853.35 1 1
github.com/jef/moltenhub-code/internal/hubui/broker.go:854.70,855.14 1 1
github.com/jef/moltenhub-code/internal/hubui/broker.go:856.10,857.15 1 1
github.com/jef/moltenhub-code/internal/hubui/server.go:65.52,69.32 1 1
github.com/jef/moltenhub-code/internal/hubui/server.go:69.33,69.34 0 1
github.com/jef/moltenhub-code/internal/hubui/server.go:70.59,72.18 2 1
github.com/jef/moltenhub-code/internal/hubui/server.go:72.18,74.5 1 0
github.com/jef/moltenhub-code/internal/hubui/server.go:75.4,75.35 1 1
github.com/jef/moltenhub-code/internal/hubui/server.go:81.48,82.37 1 1
github.com/jef/moltenhub-code/internal/hubui/server.go:82.37,84.3 1 1
github.com/jef/moltenhub-code/internal/hubui/server.go:85.2,85.21 1 1
github.com/jef/moltenhub-code/internal/hubui/server.go:85.21,87.3 1 1
github.com/jef/moltenhub-code/internal/hubui/server.go:88.2,88.19 1 1
github.com/jef/moltenhub-code/internal/hubui/server.go:88.19,89.33 1 0
github.com/jef/moltenhub-code/internal/hubui/server.go:89.34,89.35 0 0
github.com/jef/moltenhub-code/internal/hubui/server.go:92.2,98.12 2 1
github.com/jef/moltenhub-code/internal/hubui/server.go:98.12,103.3 4 1
github.com/jef/moltenhub-code/internal/hubui/server.go:105.2,107.56 3 1
github.com/jef/moltenhub-code/internal/hubui/server.go:107.56,110.3 2 1
github.com/jef/moltenhub-code/internal/hubui/server.go:111.2,111.12 1 0
github.com/jef/moltenhub-code/internal/hubui/server.go:115.40,118.16 3 1
github.com/jef/moltenhub-code/internal/hubui/server.go:118.16,120.3 1 0
github.com/jef/moltenhub-code/internal/hubui/server.go:120.8,123.3 2 1
github.com/jef/moltenhub-code/internal/hubui/server.go:124.2,135.22 12 1
github.com/jef/moltenhub-code/internal/hubui/server.go:138.45,145.2 1 1
github.com/jef/moltenhub-code/internal/hubui/server.go:147.69,148.23 1 1
github.com/jef/moltenhub-code/internal/hubui/server.go:148.23,151.3 2 0
github.com/jef/moltenhub-code/internal/hubui/server.go:153.2,154.16 2 1
github.com/jef/moltenhub-code/internal/hubui/server.go:154.16,157.3 2 0
github.com/jef/moltenhub-code/internal/hubui/server.go:158.2,162.22 4 1
github.com/jef/moltenhub-code/internal/hubui/server.go:165.55,176.16 3 1
github.com/jef/moltenhub-code/internal/hubui/server.go:176.16,179.3 2 0
github.com/jef/moltenhub-code/internal/hubui/server.go:181.2,186.3 1 1
github.com/jef/moltenhub-code/internal/hubui/server.go:189.69,190.21 1 1
github.com/jef/moltenhub-code/internal/hubui/server.go:190.21,193.3 2 1
github.com/jef/moltenhub-code/internal/hubui/server.go:194.2,194.50 1 1
github.com/jef/moltenhub-code/internal/hubui/server.go:197.71,198.32 1 1
github.com/jef/moltenhub-code/internal/hubui/server.go:198.32,202.3 3 1
github.com/jef/moltenhub-code/internal/hubui/server.go:204.2,204.31 1 1
github.com/jef/moltenhub-code/internal/hubui/server.go:204.31,210.3 2 1
github.com/jef/moltenhub-code/internal/hubui/server.go:212.2,213.16 2 1
github.com/jef/moltenhub-code/internal/hubui/server.go:213.16,219.3 2 1
github.com/jef/moltenhub-code/internal/hubui/server.go:221.2,224.4 1 1
github.com/jef/moltenhub-code/internal/hubui/server.go:227.70,228.21 1 1
github.com/jef/moltenhub-code/internal/hubui/server.go:228.21,231.3 2 0
github.com/jef/moltenhub-code/internal/hubui/server.go:233.2,234.9 2 1
github.com/jef/moltenhub-code/internal/hubui/server.go:234.9,237.3 2 1
github.com/jef/moltenhub-code/internal/hubui/server.go:239.2,250.34 10 1
github.com/jef/moltenhub-code/internal/hubui/server.go:250.34,252.17 2 1
github.com/jef/moltenhub-code/internal/hubui/server.go:252.17,255.4 2 0
github.com/jef/moltenhub-code/internal/hubui/server.go:256.3,256.68 1 1
github.com/jef/moltenhub-code/internal/hubui/server.go:256.68,258.4 1 0
github.com/jef/moltenhub-code/internal/hubui/server.go:259.3,261.14 3 1
github.com/jef/moltenhub-code/internal/hubui/server.go:263.2,263.30 1 1
github.com/jef/moltenhub-code/internal/hubui/server.go:263.30,264.27 1 1
github.com/jef/moltenhub-code/internal/hubui/server.go:264.27,266.4 1 1
github.com/jef/moltenhub-code/internal/hubui/server.go:267.3,267.28 1 0
github.com/jef/moltenhub-code/internal/hubui/server.go:267.28,268.11 1 0
github.com/jef/moltenhub-code/internal/hubui/server.go:269.27,269.27 0 0
github.com/jef/moltenhub-code/internal/hubui/server.go:270.12,270.12 0 0
github.com/jef/moltenhub-code/internal/hubui/server.go:273.3,274.24 2 0
github.com/jef/moltenhub-code/internal/hubui/server.go:276.2,276.29 1 1
github.com/jef/moltenhub-code/internal/hubui/server.go:276.29,277.27 1 0
github.com/jef/moltenhub-code/internal/hubui/server.go:277.27,279.4 1 0
github.com/jef/moltenhub-code/internal/hubui/server.go:280.3,281.15 2 0
github.com/jef/moltenhub-code/internal/hubui/server.go:281.15,283.4 1 0
github.com/jef/moltenhub-code/internal/hubui/server.go:284.3,285.36 2 0
github.com/jef/moltenhub-code/internal/hubui/server.go:287.2,289.25 2 1
github.com/jef/moltenhub-code/internal/hubui/server.go:289.25,291.3 1 0
github.com/jef/moltenhub-code/internal/hubui/server.go:293.2,296.6 3 1
github.com/jef/moltenhub-code/internal/hubui/server.go:296.6,297.10 1 1
github.com/jef/moltenhub-code/internal/hubui/server.go:298.29,299.10 1 1
github.com/jef/moltenhub-code/internal/hubui/server.go:300.18,301.60 1 0
github.com/jef/moltenhub-code/internal/hubui/server.go:301.60,303.28 2 0
github.com/jef/moltenhub-code/internal/hubui/server.go:303.28,305.6 1 0
github.com/jef/moltenhub-code/internal/hubui/server.go:306.5,306.13 1 0
github.com/jef/moltenhub-code/internal/hubui/server.go:308.4,308.22 1 0
github.com/jef/moltenhub-code/internal/hubui/server.go:309.26,311.27 2 0
github.com/jef/moltenhub-code/internal/hubui/server.go:311.27,313.5 1 0
github.com/jef/moltenhub-code/internal/hubui/server.go:314.22,315.64 1 0
github.com/jef/moltenhub-code/internal/hubui/server.go:315.64,317.5 1 0
github.com/jef/moltenhub-code/internal/hubui/server.go:318.4,318.19 1 0
github.com/jef/moltenhub-code/internal/hubui/server.go:323.70,325.2 1 1
github.com/jef/moltenhub-code/internal/hubui/server.go:327.79,328.32 1 1
github.com/jef/moltenhub-code/internal/hubui/server.go:328.32,332.3 3 1
github.com/jef/moltenhub-code/internal/hubui/server.go:333.2,334.16 2 1
github.com/jef/moltenhub-code/internal/hubui/server.go:334.16,341.3 2 1
github.com/jef/moltenhub-code/internal/hubui/server.go:342.2,345.4 1 1
github.com/jef/moltenhub-code/internal/hubui/server.go:348.78,349.33 1 1
github.com/jef/moltenhub-code/internal/hubui/server.go:349.33,353.3 3 0
github.com/jef/moltenhub-code/internal/hubui/server.go:354.2,354.29 1 1
github.com/jef/moltenhub-code/internal/hubui/server.go:354.29,361.3 2 1
github.com/jef/moltenhub-code/internal/hubui/server.go:362.2,363.16 2 1
github.com/jef/moltenhub-code/internal/hubui/server.go:363.16,370.3 2 0
github.com/jef/moltenhub-code/internal/hubui/server.go:371.2,374.4 1 1
github.com/jef/moltenhub-code/internal/hubui/server.go:377.79,378.33 1 1
github.com/jef/moltenhub-code/internal/hubui/server.go:378.33,382.3 3 0
github.com/jef/moltenhub-code/internal/hubui/server.go:383.2,383.30 1 1
github.com/jef/moltenhub-code/internal/hubui/server.go:383.30,390.3 2 1
github.com/jef/moltenhub-code/internal/hubui/server.go:391.2,392.16 2 1
github.com/jef/moltenhub-code/internal/hubui/server.go:392.16,399.3 2 0
github.com/jef/moltenhub-code/internal/hubui/server.go:400.2,403.4 1 1
github.com/jef/moltenhub-code/internal/hubui/server.go:418.82,419.33 1 1
github.com/jef/moltenhub-code/internal/hubui/server.go:419.33,423.3 3 0
github.com/jef/moltenhub-code/internal/hubui/server.go:424.2,424.33 1 1
github.com/jef/moltenhub-code/internal/hubui/server.go:424.33,431.3 2 1
github.com/jef/moltenhub-code/internal/hubui/server.go:433.2,434.16 2 1
github.com/jef/moltenhub-code/internal/hubui/server.go:434.16,441.3 2 0
github.com/jef/moltenhub-code/internal/hubui/server.go:443.2,444.51 2 1
github.com/jef/moltenhub-code/internal/hubui/server.go:444.51,451.3 2 1
github.com/jef/moltenhub-code/internal/hubui/server.go:453.2,464.23 2 1
github.com/jef/moltenhub-code/internal/hubui/server.go:464.23,471.3 2 1
github.com/jef/moltenhub-code/internal/hubui/server.go:473.2,474.16 2 1
github.com/jef/moltenhub-code/internal/hubui/server.go:474.16,481.3 2 1
github.com/jef/moltenhub-code/internal/hubui/server.go:482.2,485.4 1 1
github.com/jef/moltenhub-code/internal/hubui/server.go:488.84,489.30 1 1
github.com/jef/moltenhub-code/internal/hubui/server.go:489.30,491.3 1 1
github.com/jef/moltenhub-code/internal/hubui/server.go:492.2,493.42 2 1
github.com/jef/moltenhub-code/internal/hubui/server.go:493.42,494.18 1 1
github.com/jef/moltenhub-code/internal/hubui/server.go:494.18,496.4 1 1
github.com/jef/moltenhub-code/internal/hubui/server.go:496.9,498.4 1 1
github.com/jef/moltenhub-code/internal/hubui/server.go:500.2,500.19 1 1
github.com/jef/moltenhub-code/internal/hubui/server.go:503.75,504.33 1 1
github.com/jef/moltenhub-code/internal/hubui/server.go:504.33,508.3 3 1
github.com/jef/moltenhub-code/internal/hubui/server.go:510.2,510.32 1 1
github.com/jef/moltenhub-code/internal/hubui/server.go:510.32,516.3 2 1
github.com/jef/moltenhub-code/internal/hubui/server.go:518.2,519.16 2 1
github.com/jef/moltenhub-code/internal/hubui/server.go:519.16,525.3 2 0
github.com/jef/moltenhub-code/internal/hubui/server.go:527.2,528.16 2 1
github.com/jef/moltenhub-code/internal/hubui/server.go:528.16,529.84 1 1
github.com/jef/moltenhub-code/internal/hubui/server.go:529.84,538.4 2 1
github.com/jef/moltenhub-code/internal/hubui/server.go:539.3,543.9 2 0
github.com/jef/moltenhub-code/internal/hubui/server.go:546.2,549.4 1 1
github.com/jef/moltenhub-code/internal/hubui/server.go:552.74,554.38 2 1
github.com/jef/moltenhub-code/internal/hubui/server.go:554.38,557.3 2 0
github.com/jef/moltenhub-code/internal/hubui/server.go:558.2,559.9 2 1
github.com/jef/moltenhub-code/internal/hubui/server.go:560.41,561.19 1 1
github.com/jef/moltenhub-code/internal/hubui/server.go:562.41,563.19 1 1
github.com/jef/moltenhub-code/internal/hubui/server.go:564.41,565.19 1 1
github.com/jef/moltenhub-code/internal/hubui/server.go:566.39,567.17 1 1
github.com/jef/moltenhub-code/internal/hubui/server.go:568.40,569.18 1 1
github.com/jef/moltenhub-code/internal/hubui/server.go:570.10,572.9 2 0
github.com/jef/moltenhub-code/internal/hubui/server.go:575.2,578.16 4 1
github.com/jef/moltenhub-code/internal/hubui/server.go:578.16,584.3 2 0
github.com/jef/moltenhub-code/internal/hubui/server.go:585.2,586.19 2 1
github.com/jef/moltenhub-code/internal/hubui/server.go:586.19,592.3 2 0
github.com/jef/moltenhub-code/internal/hubui/server.go:594.2,594.16 1 1
github.com/jef/moltenhub-code/internal/hubui/server.go:595.15,596.35 1 1
github.com/jef/moltenhub-code/internal/hubui/server.go:597.15,598.35 1 1
github.com/jef/moltenhub-code/internal/hubui/server.go:599.15,600.69 1 1
github.com/jef/moltenhub-code/internal/hubui/server.go:601.13,602.66 1 1
github.com/jef/moltenhub-code/internal/hubui/server.go:603.14,604.68 1 1
github.com/jef/moltenhub-code/internal/hubui/server.go:605.10,606.22 1 0
github.com/jef/moltenhub-code/internal/hubui/server.go:617.3,618.33 1 1
github.com/jef/moltenhub-code/internal/hubui/server.go:618.33,622.3 3 1
github.com/jef/moltenhub-code/internal/hubui/server.go:623.2,623.20 1 1
github.com/jef/moltenhub-code/internal/hubui/server.go:623.20,629.3 2 0
github.com/jef/moltenhub-code/internal/hubui/server.go:630.2,630.56 1 1
github.com/jef/moltenhub-code/internal/hubui/server.go:630.56,631.10 1 1
github.com/jef/moltenhub-code/internal/hubui/server.go:632.40,636.6 1 1
github.com/jef/moltenhub-code/internal/hubui/server.go:637.11,641.6 1 0
github.com/jef/moltenhub-code/internal/hubui/server.go:643.3,643.9 1 1
github.com/jef/moltenhub-code/internal/hubui/server.go:645.2,650.4 1 1
github.com/jef/moltenhub-code/internal/hubui/server.go:653.91,654.33 1 1
github.com/jef/moltenhub-code/internal/hubui/server.go:654.33,658.3 3 1
github.com/jef/moltenhub-code/internal/hubui/server.go:659.2,659.21 1 1
github.com/jef/moltenhub-code/internal/hubui/server.go:659.21,662.3 2 0
github.com/jef/moltenhub-code/internal/hubui/server.go:663.2,663.60 1 1
github.com/jef/moltenhub-code/internal/hubui/server.go:663.60,669.3 2 1
github.com/jef/moltenhub-code/internal/hubui/server.go:671.2,672.9 2 1
github.com/jef/moltenhub-code/internal/hubui/server.go:672.9,678.3 2 1
github.com/jef/moltenhub-code/internal/hubui/server.go:680.2,682.67 2 1
github.com/jef/moltenhub-code/internal/hubui/server.go:682.67,684.3 1 1
github.com/jef/moltenhub-code/internal/hubui/server.go:685.2,685.30 1 1
github.com/jef/moltenhub-code/internal/hubui/server.go:685.30,686.67 1 1
github.com/jef/moltenhub-code/internal/hubui/server.go:686.67,688.4 1 1
github.com/jef/moltenhub-code/internal/hubui/server.go:691.2,692.16 2 1
github.com/jef/moltenhub-code/internal/hubui/server.go:692.16,693.84 1 1
github.com/jef/moltenhub-code/internal/hubui/server.go:693.84,703.4 2 1
github.com/jef/moltenhub-code/internal/hubui/server.go:704.3,708.9 2 0
github.com/jef/moltenhub-code/internal/hubui/server.go:711.2,716.4 1 1
github.com/jef/moltenhub-code/internal/hubui/server.go:719.91,720.33 1 1
github.com/jef/moltenhub-code/internal/hubui/server.go:720.33,724.3 3 1
github.com/jef/moltenhub-code/internal/hubui/server.go:725.2,725.21 1 1
github.com/jef/moltenhub-code/internal/hubui/server.go:725.21,728.3 2 0
github.com/jef/moltenhub-code/internal/hubui/server.go:730.2,730.54 1 1
github.com/jef/moltenhub-code/internal/hubui/server.go:730.54,731.10 1 1
github.com/jef/moltenhub-code/internal/hubui/server.go:732.40,736.6 1 1
github.com/jef/moltenhub-code/internal/hubui/server.go:737.44,741.6 1 1
github.com/jef/moltenhub-code/internal/hubui/server.go:742.11,746.6 1 0
github.com/jef/moltenhub-code/internal/hubui/server.go:748.3,748.9 1 1
github.com/jef/moltenhub-code/internal/hubui/server.go:751.2,751.24 1 1
github.com/jef/moltenhub-code/internal/hubui/server.go:751.24,752.61 1 1
github.com/jef/moltenhub-code/internal/hubui/server.go:752.61,754.4 1 0
github.com/jef/moltenhub-code/internal/hubui/server.go:757.2,761.4 1 1
github.com/jef/moltenhub-code/internal/hubui/server.go:764.64,766.16 2 1
github.com/jef/moltenhub-code/internal/hubui/server.go:766.16,769.3 2 1
github.com/jef/moltenhub-code/internal/hubui/server.go:771.2,773.22 3 1
github.com/jef/moltenhub-code/internal/hubui/server.go:776.56,778.32 2 1
github.com/jef/moltenhub-code/internal/hubui/server.go:778.32,780.37 2 1
github.com/jef/moltenhub-code/internal/hubui/server.go:780.37,781.12 1 1
github.com/jef/moltenhub-code/internal/hubui/server.go:783.3,783.62 1 1
github.com/jef/moltenhub-code/internal/hubui/server.go:785.2,785.17 1 1
github.com/jef/moltenhub-code/internal/hubui/server.go:788.76,789.17 1 1
github.com/jef/moltenhub-code/internal/hubui/server.go:789.17,790.68 1 0
github.com/jef/moltenhub-code/internal/hubui/server.go:790.69,790.70 0 0
github.com/jef/moltenhub-code/internal/hubui/server.go:792.2,793.71 2 1
github.com/jef/moltenhub-code/internal/hubui/server.go:793.71,794.88 1 1
github.com/jef/moltenhub-code/internal/hubui/server.go:794.88,796.4 1 1
github.com/jef/moltenhub-code/internal/hubui/server.go:797.3,797.23 1 1
github.com/jef/moltenhub-code/internal/hubui/server.go:801.47,802.17 1 1
github.com/jef/moltenhub-code/internal/hubui/server.go:802.17,803.68 1 0
github.com/jef/moltenhub-code/internal/hubui/server.go:803.69,803.70 0 0
github.com/jef/moltenhub-code/internal/hubui/server.go:805.2,805.71 1 1
github.com/jef/moltenhub-code/internal/hubui/server.go:805.71,806.110 1 1
github.com/jef/moltenhub-code/internal/hubui/server.go:806.110,809.4 2 1
github.com/jef/moltenhub-code/internal/hubui/server.go:810.3,811.16 2 1
github.com/jef/moltenhub-code/internal/hubui/server.go:811.16,813.4 1 1
github.com/jef/moltenhub-code/internal/hubui/server.go:814.3,814.72 1 1
github.com/jef/moltenhub-code/internal/hubui/server.go:818.45,819.14 1 1
github.com/jef/moltenhub-code/internal/hubui/server.go:819.14,821.3 1 1
github.com/jef/moltenhub-code/internal/hubui/server.go:822.2,822.83 1 1
github.com/jef/moltenhub-code/internal/hubui/server.go:825.43,827.16 2 1
github.com/jef/moltenhub-code/internal/hubui/server.go:827.16,829.3 1 1
github.com/jef/moltenhub-code/internal/hubui/server.go:830.2,830.53 1 1
github.com/jef/moltenhub-code/internal/hubui/server.go:830.53,832.3 1 1
github.com/jef/moltenhub-code/internal/hubui/server.go:833.2,837.35 1 1
github.com/jef/moltenhub-code/internal/hubui/server.go:846.58,847.19 1 1
github.com/jef/moltenhub-code/internal/hubui/server.go:847.19,849.3 1 0
github.com/jef/moltenhub-code/internal/hubui/server.go:850.2,852.62 3 1
github.com/jef/moltenhub-code/internal/hubui/server.go:852.62,854.3 1 1
github.com/jef/moltenhub-code/internal/hubui/server.go:855.2,857.42 3 1
github.com/jef/moltenhub-code/internal/hubui/server.go:860.65,861.20 1 1
github.com/jef/moltenhub-code/internal/hubui/server.go:861.20,863.3 1 1
github.com/jef/moltenhub-code/internal/hubui/server.go:864.2,864.32 1 1
github.com/jef/moltenhub-code/internal/hubui/server.go:867.38,868.21 1 1
github.com/jef/moltenhub-code/internal/hubui/server.go:868.21,870.3 1 0
github.com/jef/moltenhub-code/internal/hubui/server.go:871.2,871.56 1 1
github.com/jef/moltenhub-code/internal/hubui/server.go:871.56,873.3 1 1
github.com/jef/moltenhub-code/internal/hubui/server.go:876.54,878.17 2 1
github.com/jef/moltenhub-code/internal/hubui/server.go:878.17,880.3 1 1
github.com/jef/moltenhub-code/internal/hubui/server.go:881.2,882.35 2 1
github.com/jef/moltenhub-code/internal/hubui/server.go:882.35,883.53 1 1
github.com/jef/moltenhub-code/internal/hubui/server.go:883.53,884.58 1 1
github.com/jef/moltenhub-code/internal/hubui/server.go:884.58,886.5 1 1
github.com/jef/moltenhub-code/internal/hubui/server.go:889.2,889.27 1 1
github.com/jef/moltenhub-code/internal/hubui/server.go:892.50,893.19 1 1
github.com/jef/moltenhub-code/internal/hubui/server.go:893.19,895.3 1 0
github.com/jef/moltenhub-code/internal/hubui/server.go:896.2,896.25 1 1
github.com/jef/moltenhub-code/internal/hubui/server.go:905.86,906.16 1 1
github.com/jef/moltenhub-code/internal/hubui/server.go:906.16,908.3 1 1
github.com/jef/moltenhub-code/internal/hubui/server.go:909.2,910.36 2 1
github.com/jef/moltenhub-code/internal/hubui/server.go:910.36,912.3 1 1
github.com/jef/moltenhub-code/internal/hubui/server.go:913.2,913.117 1 1
github.com/jef/moltenhub-code/internal/hubui/server.go:916.45,917.49 1 1
github.com/jef/moltenhub-code/internal/hubui/server.go:918.42,919.14 1 1
github.com/jef/moltenhub-code/internal/hubui/server.go:920.10,921.15 1 1
github.com/jef/moltenhub-code/internal/hubui/server.go:925.51,926.31 1 1
github.com/jef/moltenhub-code/internal/hubui/server.go:926.31,928.18 2 1
github.com/jef/moltenhub-code/internal/hubui/server.go:928.18,930.4 1 1
github.com/jef/moltenhub-code/internal/hubui/server.go:932.2,932.11 1 1
github.com/jef/moltenhub-code/internal/workspace/workspace.go:40.27,49.2 1 1
github.com/jef/moltenhub-code/internal/workspace/workspace.go:52.34,54.2 1 1
github.com/jef/moltenhub-code/internal/workspace/workspace.go:57.38,59.19 2 1
github.com/jef/moltenhub-code/internal/workspace/workspace.go:59.19,61.3 1 1
[...]
github.com/jef/moltenhub-code/cmd/harness/task_control.go:155.10,159.16 4 1
github.com/jef/moltenhub-code/cmd/harness/task_control.go:162.2,162.22 1 1
github.com/jef/moltenhub-code/cmd/harness/task_control.go:162.22,164.3 1 1
github.com/jef/moltenhub-code/cmd/harness/task_control.go:165.2,165.12 1 1
github.com/jef/moltenhub-code/cmd/harness/task_control.go:168.39,169.14 1 1
github.com/jef/moltenhub-code/cmd/harness/task_control.go:169.14,171.3 1 0
github.com/jef/moltenhub-code/cmd/harness/task_control.go:173.2,179.15 3 1
github.com/jef/moltenhub-code/cmd/harness/task_control.go:179.15,182.3 2 1
github.com/jef/moltenhub-code/cmd/harness/task_control.go:183.2,192.22 9 1
github.com/jef/moltenhub-code/cmd/harness/task_control.go:192.22,194.3 1 1
github.com/jef/moltenhub-code/cmd/harness/task_control.go:195.2,195.26 1 1
github.com/jef/moltenhub-code/cmd/harness/task_control.go:195.26,197.3 1 0
github.com/jef/moltenhub-code/cmd/harness/task_control.go:198.2,198.19 1 1
github.com/jef/moltenhub-code/cmd/harness/task_control.go:198.19,200.3 1 1
github.com/jef/moltenhub-code/cmd/harness/task_control.go:201.2,201.13 1 1
github.com/jef/moltenhub-code/cmd/harness/task_control.go:204.71,205.14 1 1
github.com/jef/moltenhub-code/cmd/harness/task_control.go:205.14,206.20 1 1
github.com/jef/moltenhub-code/cmd/harness/task_control.go:206.20,208.4 1 1
github.com/jef/moltenhub-code/cmd/harness/task_control.go:209.3,209.9 1 1
github.com/jef/moltenhub-code/cmd/harness/task_control.go:212.2,214.15 3 1
github.com/jef/moltenhub-code/cmd/harness/task_control.go:214.15,216.3 1 1
github.com/jef/moltenhub-code/cmd/harness/task_control.go:216.8,218.3 1 1
github.com/jef/moltenhub-code/cmd/harness/task_control.go:219.2,220.35 2 1
github.com/jef/moltenhub-code/cmd/harness/task_control.go:220.35,222.3 1 1
github.com/jef/moltenhub-code/cmd/harness/task_control.go:225.73,226.14 1 1
github.com/jef/moltenhub-code/cmd/harness/task_control.go:226.14,228.3 1 0
github.com/jef/moltenhub-code/cmd/harness/task_control.go:229.2,230.19 2 1
github.com/jef/moltenhub-code/cmd/harness/task_control.go:230.19,232.3 1 1
github.com/jef/moltenhub-code/cmd/harness/task_control.go:233.2,233.15 1 1
github.com/jef/moltenhub-code/cmd/harness/task_control.go:236.52,237.14 1 1
github.com/jef/moltenhub-code/cmd/harness/task_control.go:237.14,239.3 1 0
github.com/jef/moltenhub-code/cmd/harness/task_control.go:240.2,242.15 3 1
github.com/jef/moltenhub-code/cmd/harness/task_control.go:245.72,246.14 1 1
github.com/jef/moltenhub-code/cmd/harness/task_control.go:246.14,248.3 1 0
github.com/jef/moltenhub-code/cmd/harness/task_control.go:250.2,250.6 1 1
github.com/jef/moltenhub-code/cmd/harness/task_control.go:250.6,252.16 2 1
github.com/jef/moltenhub-code/cmd/harness/task_control.go:252.16,255.4 2 1
github.com/jef/moltenhub-code/cmd/harness/task_control.go:256.3,256.16 1 1
github.com/jef/moltenhub-code/cmd/harness/task_control.go:256.16,259.4 2 1
github.com/jef/moltenhub-code/cmd/harness/task_control.go:260.3,261.20 2 1
github.com/jef/moltenhub-code/cmd/harness/task_control.go:261.20,264.4 2 0
github.com/jef/moltenhub-code/cmd/harness/task_control.go:265.3,267.10 2 1
github.com/jef/moltenhub-code/cmd/harness/task_control.go:268.21,269.20 1 1
github.com/jef/moltenhub-code/cmd/harness/task_control.go:270.17,270.17 0 1
github.com/jef/moltenhub-code/cmd/harness/task_control.go:275.43,276.14 1 1
github.com/jef/moltenhub-code/cmd/harness/task_control.go:276.14,278.3 1 0
github.com/jef/moltenhub-code/cmd/harness/task_control.go:279.2,281.17 3 1
github.com/jef/moltenhub-code/cmd/harness/task_control.go:284.44,285.14 1 1
github.com/jef/moltenhub-code/cmd/harness/task_control.go:285.14,287.3 1 0
github.com/jef/moltenhub-code/cmd/harness/task_control.go:288.2,290.18 3 1
github.com/jef/moltenhub-code/cmd/harness/terminal_log_mirror.go:35.56,37.16 2 1
github.com/jef/moltenhub-code/cmd/harness/terminal_log_mirror.go:37.16,39.3 1 0
github.com/jef/moltenhub-code/cmd/harness/terminal_log_mirror.go:40.2,40.34 1 1
github.com/jef/moltenhub-code/cmd/harness/terminal_log_mirror.go:43.63,45.16 2 1
github.com/jef/moltenhub-code/cmd/harness/terminal_log_mirror.go:45.16,47.3 1 0
github.com/jef/moltenhub-code/cmd/harness/terminal_log_mirror.go:48.2,48.19 1 1
github.com/jef/moltenhub-code/cmd/harness/terminal_log_mirror.go:48.19,50.3 1 0
github.com/jef/moltenhub-code/cmd/harness/terminal_log_mirror.go:51.2,51.46 1 1
github.com/jef/moltenhub-code/cmd/harness/terminal_log_mirror.go:51.46,53.3 1 1
github.com/jef/moltenhub-code/cmd/harness/terminal_log_mirror.go:55.2,57.16 3 1
github.com/jef/moltenhub-code/cmd/harness/terminal_log_mirror.go:57.16,59.3 1 0
github.com/jef/moltenhub-code/cmd/harness/terminal_log_mirror.go:61.2,65.8 1 1
github.com/jef/moltenhub-code/cmd/harness/terminal_log_mirror.go:68.41,70.19 2 1
github.com/jef/moltenhub-code/cmd/harness/terminal_log_mirror.go:70.19,72.3 1 1
github.com/jef/moltenhub-code/cmd/harness/terminal_log_mirror.go:73.2,73.48 1 1
github.com/jef/moltenhub-code/cmd/harness/terminal_log_mirror.go:73.48,75.3 1 1
github.com/jef/moltenhub-code/cmd/harness/terminal_log_mirror.go:76.2,76.46 1 1
github.com/jef/moltenhub-code/cmd/harness/terminal_log_mirror.go:76.46,78.3 1 0
github.com/jef/moltenhub-code/cmd/harness/terminal_log_mirror.go:79.2,79.36 1 1
github.com/jef/moltenhub-code/cmd/harness/terminal_log_mirror.go:82.39,84.16 2 1
github.com/jef/moltenhub-code/cmd/harness/terminal_log_mirror.go:84.16,86.3 1 0
github.com/jef/moltenhub-code/cmd/harness/terminal_log_mirror.go:87.2,87.54 1 1
github.com/jef/moltenhub-code/cmd/harness/terminal_log_mirror.go:90.87,92.39 2 1
github.com/jef/moltenhub-code/cmd/harness/terminal_log_mirror.go:92.39,94.3 1 1
github.com/jef/moltenhub-code/cmd/harness/terminal_log_mirror.go:94.8,96.57 2 1
github.com/jef/moltenhub-code/cmd/harness/terminal_log_mirror.go:96.57,98.4 1 1
github.com/jef/moltenhub-code/cmd/harness/terminal_log_mirror.go:98.9,100.4 1 0
github.com/jef/moltenhub-code/cmd/harness/terminal_log_mirror.go:104.38,108.2 3 1
github.com/jef/moltenhub-code/cmd/harness/terminal_log_mirror.go:110.48,111.14 1 1
github.com/jef/moltenhub-code/cmd/harness/terminal_log_mirror.go:111.14,113.3 1 1
github.com/jef/moltenhub-code/cmd/harness/terminal_log_mirror.go:114.2,115.38 2 1
github.com/jef/moltenhub-code/cmd/harness/terminal_log_mirror.go:115.38,117.3 1 0
github.com/jef/moltenhub-code/cmd/harness/terminal_log_mirror.go:119.2,122.24 3 1
github.com/jef/moltenhub-code/cmd/harness/terminal_log_mirror.go:122.24,124.3 1 1
github.com/jef/moltenhub-code/cmd/harness/terminal_log_mirror.go:126.2,127.72 2 1
github.com/jef/moltenhub-code/cmd/harness/terminal_log_mirror.go:127.72,129.17 2 1
github.com/jef/moltenhub-code/cmd/harness/terminal_log_mirror.go:129.17,130.12 1 0
github.com/jef/moltenhub-code/cmd/harness/terminal_log_mirror.go:132.3,132.46 1 1
github.com/jef/moltenhub-code/cmd/harness/terminal_log_mirror.go:136.39,137.14 1 1
github.com/jef/moltenhub-code/cmd/harness/terminal_log_mirror.go:137.14,139.3 1 1
github.com/jef/moltenhub-code/cmd/harness/terminal_log_mirror.go:141.2,145.24 4 1
github.com/jef/moltenhub-code/cmd/harness/terminal_log_mirror.go:145.24,146.64 1 1
github.com/jef/moltenhub-code/cmd/harness/terminal_log_mirror.go:146.64,148.4 1 0
github.com/jef/moltenhub-code/cmd/harness/terminal_log_mirror.go:149.3,149.20 1 1
github.com/jef/moltenhub-code/cmd/harness/terminal_log_mirror.go:151.2,151.39 1 1
github.com/jef/moltenhub-code/cmd/harness/terminal_log_mirror.go:151.39,152.61 1 1
github.com/jef/moltenhub-code/cmd/harness/terminal_log_mirror.go:152.61,154.4 1 0
github.com/jef/moltenhub-code/cmd/harness/terminal_log_mirror.go:156.2,159.17 3 1
github.com/jef/moltenhub-code/cmd/harness/terminal_log_mirror.go:162.86,164.16 2 1
github.com/jef/moltenhub-code/cmd/harness/terminal_log_mirror.go:164.16,166.3 1 0
github.com/jef/moltenhub-code/cmd/harness/terminal_log_mirror.go:167.2,167.60 1 1
github.com/jef/moltenhub-code/cmd/harness/terminal_log_mirror.go:167.60,169.3 1 1
github.com/jef/moltenhub-code/cmd/harness/terminal_log_mirror.go:170.2,170.24 1 1
github.com/jef/moltenhub-code/cmd/harness/terminal_log_mirror.go:170.24,172.3 1 0
github.com/jef/moltenhub-code/cmd/harness/terminal_log_mirror.go:173.2,173.45 1 1
github.com/jef/moltenhub-code/cmd/harness/terminal_log_mirror.go:173.45,175.3 1 1
github.com/jef/moltenhub-code/cmd/harness/terminal_log_mirror.go:177.2,178.16 2 1
github.com/jef/moltenhub-code/cmd/harness/terminal_log_mirror.go:178.16,180.3 1 0
github.com/jef/moltenhub-code/cmd/harness/terminal_log_mirror.go:181.2,183.22 3 1
github.com/jef/moltenhub-code/cmd/harness/terminal_log_mirror.go:186.53,187.31 1 1
github.com/jef/moltenhub-code/cmd/harness/terminal_log_mirror.go:187.31,189.3 1 1
github.com/jef/moltenhub-code/cmd/harness/terminal_log_mirror.go:190.2,194.21 5 1
github.com/jef/moltenhub-code/cmd/harness/terminal_log_mirror.go:194.21,196.3 1 1
github.com/jef/moltenhub-code/cmd/harness/terminal_log_mirror.go:199.88,201.18 2 1
github.com/jef/moltenhub-code/cmd/harness/terminal_log_mirror.go:201.18,203.3 1 1
github.com/jef/moltenhub-code/cmd/harness/terminal_log_mirror.go:204.2,205.20 2 1
github.com/jef/moltenhub-code/cmd/harness/terminal_log_mirror.go:205.20,207.3 1 1
github.com/jef/moltenhub-code/cmd/harness/terminal_log_mirror.go:209.2,210.52 2 1
github.com/jef/moltenhub-code/cmd/harness/terminal_log_mirror.go:210.52,212.3 1 0
github.com/jef/moltenhub-code/cmd/harness/terminal_log_mirror.go:214.2,214.46 1 1
github.com/jef/moltenhub-code/cmd/harness/terminal_log_mirror.go:217.47,220.62 2 1
github.com/jef/moltenhub-code/cmd/harness/terminal_log_mirror.go:220.62,222.3 1 1
github.com/jef/moltenhub-code/cmd/harness/terminal_log_mirror.go:223.2,223.59 1 1
github.com/jef/moltenhub-code/cmd/harness/terminal_log_mirror.go:223.59,225.3 1 1
github.com/jef/moltenhub-code/cmd/harness/terminal_log_mirror.go:226.2,226.26 1 1
github.com/jef/moltenhub-code/cmd/harness/terminal_log_mirror.go:229.49,231.14 2 1
github.com/jef/moltenhub-code/cmd/harness/terminal_log_mirror.go:231.14,233.3 1 1
github.com/jef/moltenhub-code/cmd/harness/terminal_log_mirror.go:235.2,237.35 3 1
github.com/jef/moltenhub-code/cmd/harness/terminal_log_mirror.go:237.35,239.17 2 1
github.com/jef/moltenhub-code/cmd/harness/terminal_log_mirror.go:239.17,240.12 1 1
github.com/jef/moltenhub-code/cmd/harness/terminal_log_mirror.go:242.3,242.30 1 1
github.com/jef/moltenhub-code/cmd/harness/terminal_log_mirror.go:244.2,244.21 1 1
github.com/jef/moltenhub-code/cmd/harness/terminal_log_mirror.go:244.21,246.3 1 1
github.com/jef/moltenhub-code/cmd/harness/terminal_log_mirror.go:247.2,247.38 1 1
github.com/jef/moltenhub-code/cmd/harness/terminal_log_mirror.go:250.46,252.16 2 1
github.com/jef/moltenhub-code/cmd/harness/terminal_log_mirror.go:252.16,254.3 1 0
github.com/jef/moltenhub-code/cmd/harness/terminal_log_mirror.go:256.2,258.33 3 1
github.com/jef/moltenhub-code/cmd/harness/terminal_log_mirror.go:258.33,260.10 2 1
github.com/jef/moltenhub-code/cmd/harness/terminal_log_mirror.go:261.31,263.25 2 1
github.com/jef/moltenhub-code/cmd/harness/terminal_log_mirror.go:264.31,266.25 2 0
github.com/jef/moltenhub-code/cmd/harness/terminal_log_mirror.go:267.31,269.25 2 1
github.com/jef/moltenhub-code/cmd/harness/terminal_log_mirror.go:270.31,271.37 1 1
github.com/jef/moltenhub-code/cmd/harness/terminal_log_mirror.go:271.37,274.5 2 1
github.com/jef/moltenhub-code/cmd/harness/terminal_log_mirror.go:275.11,276.37 1 1
github.com/jef/moltenhub-code/cmd/harness/terminal_log_mirror.go:276.37,279.5 2 1
github.com/jef/moltenhub-code/cmd/harness/terminal_log_mirror.go:283.2,283.38 1 1
github.com/jef/moltenhub-code/cmd/harness/terminal_logger.go:35.49,38.16 3 1
github.com/jef/moltenhub-code/cmd/harness/terminal_logger.go:38.16,41.3 2 0
github.com/jef/moltenhub-code/cmd/harness/terminal_logger.go:42.2,43.15 2 1
github.com/jef/moltenhub-code/cmd/harness/terminal_logger.go:46.65,51.2 1 1
github.com/jef/moltenhub-code/cmd/harness/terminal_logger.go:53.38,54.14 1 1
github.com/jef/moltenhub-code/cmd/harness/terminal_logger.go:54.14,56.3 1 1
github.com/jef/moltenhub-code/cmd/harness/terminal_logger.go:57.2,58.16 2 1
github.com/jef/moltenhub-code/cmd/harness/terminal_logger.go:58.16,60.3 1 0
github.com/jef/moltenhub-code/cmd/harness/terminal_logger.go:61.2,61.41 1 1
github.com/jef/moltenhub-code/cmd/harness/terminal_logger.go:64.61,65.14 1 1
github.com/jef/moltenhub-code/cmd/harness/terminal_logger.go:65.14,67.3 1 1
github.com/jef/moltenhub-code/cmd/harness/terminal_logger.go:68.2,68.39 1 1
github.com/jef/moltenhub-code/cmd/harness/terminal_logger.go:71.45,72.14 1 1
github.com/jef/moltenhub-code/cmd/harness/terminal_logger.go:72.14,74.3 1 1
github.com/jef/moltenhub-code/cmd/harness/terminal_logger.go:76.2,77.51 2 1
github.com/jef/moltenhub-code/cmd/harness/terminal_logger.go:77.51,79.3 1 0
github.com/jef/moltenhub-code/cmd/harness/terminal_logger.go:81.2,84.14 3 1
github.com/jef/moltenhub-code/cmd/harness/terminal_logger.go:85.31,86.12 1 1
github.com/jef/moltenhub-code/cmd/harness/terminal_logger.go:86.12,90.4 3 1
github.com/jef/moltenhub-code/cmd/harness/terminal_logger.go:91.3,93.30 3 0
github.com/jef/moltenhub-code/cmd/harness/terminal_logger.go:94.31,96.30 2 1
github.com/jef/moltenhub-code/cmd/harness/terminal_logger.go:97.10,100.30 3 1
github.com/jef/moltenhub-code/cmd/harness/terminal_logger.go:104.47,105.14 1 1
github.com/jef/moltenhub-code/cmd/harness/terminal_logger.go:105.14,107.3 1 1
github.com/jef/moltenhub-code/cmd/harness/terminal_logger.go:108.2,109.20 2 1
github.com/jef/moltenhub-code/cmd/harness/terminal_logger.go:109.20,111.3 1 1
github.com/jef/moltenhub-code/cmd/harness/terminal_logger.go:113.2,115.29 3 1
github.com/jef/moltenhub-code/cmd/harness/terminal_logger.go:118.34,119.14 1 1
github.com/jef/moltenhub-code/cmd/harness/terminal_logger.go:119.14,121.3 1 1
github.com/jef/moltenhub-code/cmd/harness/terminal_logger.go:122.2,124.22 3 1
github.com/jef/moltenhub-code/cmd/harness/terminal_logger.go:124.22,128.3 3 0
github.com/jef/moltenhub-code/cmd/harness/terminal_logger.go:129.2,129.19 1 1
github.com/jef/moltenhub-code/cmd/harness/terminal_logger.go:129.19,132.3 2 1
github.com/jef/moltenhub-code/cmd/harness/terminal_logger.go:135.55,136.19 1 1
github.com/jef/moltenhub-code/cmd/harness/terminal_logger.go:136.19,138.3 1 1
github.com/jef/moltenhub-code/cmd/harness/terminal_logger.go:139.2,139.24 1 1
github.com/jef/moltenhub-code/cmd/harness/terminal_logger.go:142.60,144.33 2 1
github.com/jef/moltenhub-code/cmd/harness/terminal_logger.go:144.33,146.3 1 0
github.com/jef/moltenhub-code/cmd/harness/terminal_logger.go:147.2,149.29 3 1
github.com/jef/moltenhub-code/cmd/harness/terminal_logger.go:152.48,153.23 1 1
github.com/jef/moltenhub-code/cmd/harness/terminal_logger.go:153.23,155.3 1 1
github.com/jef/moltenhub-code/cmd/harness/terminal_logger.go:156.2,156.11 1 1
github.com/jef/moltenhub-code/cmd/harness/terminal_logger.go:156.11,159.3 2 1
github.com/jef/moltenhub-code/cmd/harness/terminal_logger.go:160.2,161.21 2 1
github.com/jef/moltenhub-code/cmd/harness/terminal_logger.go:164.67,165.16 1 1
github.com/jef/moltenhub-code/cmd/harness/terminal_logger.go:165.16,167.3 1 0
github.com/jef/moltenhub-code/cmd/harness/terminal_logger.go:168.2,168.39 1 1
github.com/jef/moltenhub-code/cmd/harness/terminal_logger.go:168.39,170.3 1 1
github.com/jef/moltenhub-code/cmd/harness/terminal_logger.go:172.2,172.56 1 1
github.com/jef/moltenhub-code/cmd/harness/terminal_logger.go:172.56,174.3 1 1
github.com/jef/moltenhub-code/cmd/harness/terminal_logger.go:176.2,176.67 1 1
github.com/jef/moltenhub-code/cmd/harness/terminal_logger.go:176.67,177.11 1 1
github.com/jef/moltenhub-code/cmd/harness/terminal_logger.go:177.11,179.4 1 1
github.com/jef/moltenhub-code/cmd/harness/terminal_logger.go:180.3,180.40 1 1
github.com/jef/moltenhub-code/cmd/harness/terminal_logger.go:183.2,183.36 1 1
github.com/jef/moltenhub-code/cmd/harness/terminal_logger.go:186.59,187.47 1 1
github.com/jef/moltenhub-code/cmd/harness/terminal_logger.go:187.47,189.3 1 1
github.com/jef/moltenhub-code/cmd/harness/terminal_logger.go:191.2,193.70 3 1
github.com/jef/moltenhub-code/cmd/harness/terminal_logger.go:193.70,195.3 1 0
github.com/jef/moltenhub-code/cmd/harness/terminal_logger.go:196.2,196.59 1 1
github.com/jef/moltenhub-code/cmd/harness/terminal_logger.go:196.59,198.3 1 1
github.com/jef/moltenhub-code/cmd/harness/terminal_logger.go:200.2,201.19 2 1
github.com/jef/moltenhub-code/cmd/harness/terminal_logger.go:201.19,203.3 1 0
github.com/jef/moltenhub-code/cmd/harness/terminal_logger.go:204.2,204.63 1 1
github.com/jef/moltenhub-code/cmd/harness/terminal_logger.go:207.49,208.15 1 1
github.com/jef/moltenhub-code/cmd/harness/terminal_logger.go:209.44,210.14 1 1
github.com/jef/moltenhub-code/cmd/harness/terminal_logger.go:211.10,212.15 1 0
github.com/jef/moltenhub-code/cmd/harness/terminal_logger.go:216.79,218.54 2 1
github.com/jef/moltenhub-code/cmd/harness/terminal_logger.go:218.54,220.3 1 1
github.com/jef/moltenhub-code/cmd/harness/terminal_logger.go:222.2,224.19 3 1
github.com/jef/moltenhub-code/cmd/harness/terminal_logger.go:224.19,226.3 1 0
github.com/jef/moltenhub-code/cmd/harness/terminal_logger.go:228.2,229.16 2 1
github.com/jef/moltenhub-code/cmd/harness/terminal_logger.go:229.16,231.3 1 1
github.com/jef/moltenhub-code/cmd/harness/terminal_logger.go:233.2,234.23 2 1
github.com/jef/moltenhub-code/cmd/harness/terminal_logger.go:234.23,236.3 1 1
github.com/jef/moltenhub-code/cmd/harness/terminal_logger.go:238.2,238.53 1 1
github.com/jef/moltenhub-code/cmd/harness/terminal_logger.go:238.53,240.3 1 1
github.com/jef/moltenhub-code/cmd/harness/terminal_logger.go:242.2,242.49 1 1
github.com/jef/moltenhub-code/cmd/harness/terminal_logger.go:242.49,244.3 1 0
github.com/jef/moltenhub-code/cmd/harness/terminal_logger.go:246.2,247.18 2 1
github.com/jef/moltenhub-code/cmd/harness/terminal_logger.go:247.18,249.3 1 0
github.com/jef/moltenhub-code/cmd/harness/terminal_logger.go:250.2,250.68 1 1
github.com/jef/moltenhub-code/cmd/harness/terminal_logger.go:253.77,256.41 3 1
github.com/jef/moltenhub-code/cmd/harness/terminal_logger.go:256.41,258.3 1 1
github.com/jef/moltenhub-code/cmd/harness/terminal_logger.go:259.2,259.43 1 1
github.com/jef/moltenhub-code/cmd/harness/terminal_logger.go:262.52,264.17 2 1
github.com/jef/moltenhub-code/cmd/harness/terminal_logger.go:264.17,266.3 1 0
github.com/jef/moltenhub-code/cmd/harness/terminal_logger.go:268.2,288.35 2 1
github.com/jef/moltenhub-code/cmd/harness/terminal_logger.go:288.35,289.39 1 1
github.com/jef/moltenhub-code/cmd/harness/terminal_logger.go:289.39,291.4 1 1
github.com/jef/moltenhub-code/cmd/harness/terminal_logger.go:293.2,293.14 1 1
github.com/jef/moltenhub-code/cmd/harness/terminal_logger.go:296.57,297.34 1 1
github.com/jef/moltenhub-code/cmd/harness/terminal_logger.go:297.34,299.3 1 1
github.com/jef/moltenhub-code/cmd/harness/terminal_logger.go:300.2,301.45 2 1
github.com/jef/moltenhub-code/cmd/harness/terminal_logger.go:301.45,303.13 2 1
github.com/jef/moltenhub-code/cmd/harness/terminal_logger.go:303.13,304.12 1 1
github.com/jef/moltenhub-code/cmd/harness/terminal_logger.go:306.3,306.37 1 1
github.com/jef/moltenhub-code/cmd/harness/terminal_logger.go:308.2,308.19 1 1
github.com/jef/moltenhub-code/cmd/harness/terminal_logger.go:308.19,310.3 1 0
github.com/jef/moltenhub-code/cmd/harness/terminal_logger.go:311.2,311.12 1 1
github.com/jef/moltenhub-code/cmd/harness/terminal_logger.go:314.50,315.15 1 1
github.com/jef/moltenhub-code/cmd/harness/terminal_logger.go:315.15,317.3 1 0
github.com/jef/moltenhub-code/cmd/harness/terminal_logger.go:319.2,322.29 4 1
github.com/jef/moltenhub-code/cmd/harness/terminal_logger.go:322.29,323.38 1 1
github.com/jef/moltenhub-code/cmd/harness/terminal_logger.go:323.38,324.12 1 1
github.com/jef/moltenhub-code/cmd/harness/terminal_logger.go:326.3,326.28 1 1
github.com/jef/moltenhub-code/cmd/harness/terminal_logger.go:328.2,328.51 1 1
